#! /usr/bin/vvp
:ivl_version "10.3 (stable)";
:ivl_delay_selection "TYPICAL";
:vpi_time_precision - 11;
:vpi_module "system";
:vpi_module "vhdl_sys";
:vpi_module "v2005_math";
:vpi_module "va_math";
S_0x55776076dee0 .scope module, "cuenta1_tb" "cuenta1_tb" 2 3;
 .timescale -9 -11;
v0x55776079e940_0 .net "t_Cuenta", 3 0, L_0x55776079ed90;  1 drivers
v0x55776079ea20_0 .var "t_Valor", 2 0;
v0x55776079eac0_0 .var "t_clk", 0 0;
v0x55776079eb60_0 .net "t_fin", 0 0, L_0x5577607a8290;  1 drivers
v0x55776079ec50_0 .var "t_start", 0 0;
S_0x557760752d10 .scope module, "cuenta1_1" "cuenta1" 2 9, 3 1 0, S_0x55776076dee0;
 .timescale -9 -11;
    .port_info 0 /INPUT 3 "Valor"
    .port_info 1 /INPUT 1 "start"
    .port_info 2 /INPUT 1 "clk"
    .port_info 3 /OUTPUT 4 "Cuenta"
    .port_info 4 /OUTPUT 1 "fin"
L_0x55776079ed90 .functor BUFZ 4, L_0x5577607a6970, C4<0000>, C4<0000>, C4<0000>;
v0x55776079dfc0_0 .net "CargaA", 0 0, L_0x5577607a7d80;  1 drivers
v0x55776079e080_0 .net "CargaQ", 0 0, L_0x5577607a6b50;  1 drivers
v0x55776079e140_0 .net "Cuenta", 3 0, L_0x55776079ed90;  alias, 1 drivers
v0x55776079e1e0_0 .net "DesplazaQ", 0 0, L_0x5577607a6f50;  1 drivers
v0x55776079e280_0 .net "EntA", 3 0, L_0x5577607a6130;  1 drivers
v0x55776079e3e0_0 .net "ResetA", 0 0, L_0x5577607a73a0;  1 drivers
v0x55776079e480_0 .net "SalA", 3 0, L_0x5577607a6970;  1 drivers
v0x55776079e590_0 .net "SalQ", 2 0, L_0x5577607a9390;  1 drivers
v0x55776079e650_0 .net "Valor", 2 0, v0x55776079ea20_0;  1 drivers
v0x55776079e6f0_0 .net "clk", 0 0, v0x55776079eac0_0;  1 drivers
v0x55776079e790_0 .net "fin", 0 0, L_0x5577607a8290;  alias, 1 drivers
v0x55776079e830_0 .net "start", 0 0, v0x55776079ec50_0;  1 drivers
L_0x5577607a8420 .part L_0x5577607a9390, 0, 1;
S_0x557760752930 .scope module, "A" "regA" 3 10, 4 1 0, S_0x557760752d10;
 .timescale -9 -11;
    .port_info 0 /INPUT 1 "clk"
    .port_info 1 /INPUT 1 "ResetA"
    .port_info 2 /INPUT 1 "CargaA"
    .port_info 3 /INPUT 4 "entA"
    .port_info 4 /OUTPUT 4 "q"
v0x55776078ac10_0 .net "CargaA", 0 0, L_0x5577607a7d80;  alias, 1 drivers
v0x55776078acd0_0 .net "ResetA", 0 0, L_0x5577607a73a0;  alias, 1 drivers
v0x55776078ad90_0 .net "clk", 0 0, v0x55776079eac0_0;  alias, 1 drivers
v0x55776078aec0_0 .net "entA", 3 0, L_0x5577607a6130;  alias, 1 drivers
v0x55776078af60_0 .net "q", 3 0, L_0x5577607a6970;  alias, 1 drivers
L_0x5577607a6660 .part L_0x5577607a6130, 0, 1;
L_0x5577607a6790 .part L_0x5577607a6130, 1, 1;
L_0x5577607a6830 .part L_0x5577607a6130, 2, 1;
L_0x5577607a68d0 .part L_0x5577607a6130, 3, 1;
L_0x5577607a6970 .concat8 [ 1 1 1 1], v0x55776075c040_0, v0x557760789ac0_0, v0x55776078a250_0, v0x55776078a9e0_0;
S_0x557760758550 .scope module, "ffa0" "ffdc" 4 4, 5 1 0, S_0x557760752930;
 .timescale -9 -11;
    .port_info 0 /INPUT 1 "clk"
    .port_info 1 /INPUT 1 "reset"
    .port_info 2 /INPUT 1 "carga"
    .port_info 3 /INPUT 1 "d"
    .port_info 4 /OUTPUT 1 "q"
P_0x55776071eb10 .param/l "retardo" 0 5 1, +C4<00000000000000000000000000000001>;
v0x55776075d070_0 .net "carga", 0 0, L_0x5577607a7d80;  alias, 1 drivers
v0x55776075d170_0 .net "clk", 0 0, v0x55776079eac0_0;  alias, 1 drivers
v0x55776075bf40_0 .net "d", 0 0, L_0x5577607a6660;  1 drivers
v0x55776075c040_0 .var "q", 0 0;
v0x55776075ae10_0 .net "reset", 0 0, L_0x5577607a73a0;  alias, 1 drivers
E_0x55776071cb30 .event posedge, v0x55776075ae10_0, v0x55776075d170_0;
S_0x5577607896d0 .scope module, "ffa1" "ffdc" 4 5, 5 1 0, S_0x557760752930;
 .timescale -9 -11;
    .port_info 0 /INPUT 1 "clk"
    .port_info 1 /INPUT 1 "reset"
    .port_info 2 /INPUT 1 "carga"
    .port_info 3 /INPUT 1 "d"
    .port_info 4 /OUTPUT 1 "q"
P_0x5577607898c0 .param/l "retardo" 0 5 1, +C4<00000000000000000000000000000001>;
v0x55776075af10_0 .net "carga", 0 0, L_0x5577607a7d80;  alias, 1 drivers
v0x55776076acd0_0 .net "clk", 0 0, v0x55776079eac0_0;  alias, 1 drivers
v0x5577607899f0_0 .net "d", 0 0, L_0x5577607a6790;  1 drivers
v0x557760789ac0_0 .var "q", 0 0;
v0x557760789b60_0 .net "reset", 0 0, L_0x5577607a73a0;  alias, 1 drivers
S_0x557760789ce0 .scope module, "ffa2" "ffdc" 4 6, 5 1 0, S_0x557760752930;
 .timescale -9 -11;
    .port_info 0 /INPUT 1 "clk"
    .port_info 1 /INPUT 1 "reset"
    .port_info 2 /INPUT 1 "carga"
    .port_info 3 /INPUT 1 "d"
    .port_info 4 /OUTPUT 1 "q"
P_0x557760789eb0 .param/l "retardo" 0 5 1, +C4<00000000000000000000000000000001>;
v0x557760789fb0_0 .net "carga", 0 0, L_0x5577607a7d80;  alias, 1 drivers
v0x55776078a0a0_0 .net "clk", 0 0, v0x55776079eac0_0;  alias, 1 drivers
v0x55776078a1b0_0 .net "d", 0 0, L_0x5577607a6830;  1 drivers
v0x55776078a250_0 .var "q", 0 0;
v0x55776078a2f0_0 .net "reset", 0 0, L_0x5577607a73a0;  alias, 1 drivers
S_0x55776078a4d0 .scope module, "ffa3" "ffdc" 4 7, 5 1 0, S_0x557760752930;
 .timescale -9 -11;
    .port_info 0 /INPUT 1 "clk"
    .port_info 1 /INPUT 1 "reset"
    .port_info 2 /INPUT 1 "carga"
    .port_info 3 /INPUT 1 "d"
    .port_info 4 /OUTPUT 1 "q"
P_0x55776078a6a0 .param/l "retardo" 0 5 1, +C4<00000000000000000000000000000001>;
v0x55776078a7c0_0 .net "carga", 0 0, L_0x5577607a7d80;  alias, 1 drivers
v0x55776078a880_0 .net "clk", 0 0, v0x55776079eac0_0;  alias, 1 drivers
v0x55776078a940_0 .net "d", 0 0, L_0x5577607a68d0;  1 drivers
v0x55776078a9e0_0 .var "q", 0 0;
v0x55776078aa80_0 .net "reset", 0 0, L_0x5577607a73a0;  alias, 1 drivers
S_0x55776078b0e0 .scope module, "Q" "regQ" 3 12, 6 1 0, S_0x557760752d10;
 .timescale -9 -11;
    .port_info 0 /INPUT 3 "entQ"
    .port_info 1 /INPUT 1 "CargaQ"
    .port_info 2 /INPUT 1 "DesplazaQ"
    .port_info 3 /INPUT 1 "clk"
    .port_info 4 /INPUT 1 "reset"
    .port_info 5 /OUTPUT 3 "q"
L_0x5577607a7620 .functor OR 1, L_0x5577607a6b50, L_0x5577607a6f50, C4<0>, C4<0>;
v0x55776078fe30_0 .net "CargaQ", 0 0, L_0x5577607a6b50;  alias, 1 drivers
v0x55776078fef0_0 .net "DesplazaQ", 0 0, L_0x5577607a6f50;  alias, 1 drivers
v0x55776078ffb0_0 .net "clk", 0 0, v0x55776079eac0_0;  alias, 1 drivers
v0x557760790080_0 .net "enable", 0 0, L_0x5577607a7620;  1 drivers
v0x557760790120_0 .net "entQ", 2 0, v0x55776079ea20_0;  alias, 1 drivers
v0x557760790230_0 .net "q", 2 0, L_0x5577607a9390;  alias, 1 drivers
L_0x7ff4ecd70600 .functor BUFT 1, C4<0>, C4<0>, C4<0>, C4<0>;
v0x557760790310_0 .net "reset", 0 0, L_0x7ff4ecd70600;  1 drivers
L_0x5577607a8860 .part v0x55776079ea20_0, 0, 1;
L_0x5577607a8900 .part L_0x5577607a9390, 1, 1;
L_0x5577607a8cf0 .part v0x55776079ea20_0, 1, 1;
L_0x5577607a8d90 .part L_0x5577607a9390, 2, 1;
L_0x5577607a92f0 .part v0x55776079ea20_0, 2, 1;
L_0x5577607a9390 .concat8 [ 1 1 1 0], v0x55776078bbd0_0, v0x55776078d500_0, v0x55776078edf0_0;
S_0x55776078b320 .scope module, "ff0" "cdaff" 6 5, 6 11 0, S_0x55776078b0e0;
 .timescale -9 -11;
    .port_info 0 /INPUT 1 "selc_d"
    .port_info 1 /INPUT 1 "inp_c"
    .port_info 2 /INPUT 1 "inp_d"
    .port_info 3 /INPUT 1 "clk"
    .port_info 4 /INPUT 1 "reset"
    .port_info 5 /INPUT 1 "carga"
    .port_info 6 /OUTPUT 1 "q"
v0x55776078c620_0 .net "carga", 0 0, L_0x5577607a7620;  alias, 1 drivers
v0x55776078c6e0_0 .net "clk", 0 0, v0x55776079eac0_0;  alias, 1 drivers
v0x55776078c780_0 .net "inp", 0 0, L_0x5577607a8750;  1 drivers
v0x55776078c8a0_0 .net "inp_c", 0 0, L_0x5577607a8860;  1 drivers
v0x55776078c940_0 .net "inp_d", 0 0, L_0x5577607a8900;  1 drivers
v0x55776078ca30_0 .net "q", 0 0, v0x55776078bbd0_0;  1 drivers
v0x55776078cb00_0 .net "reset", 0 0, L_0x7ff4ecd70600;  alias, 1 drivers
v0x55776078cbd0_0 .net "selc_d", 0 0, L_0x5577607a6b50;  alias, 1 drivers
S_0x55776078b550 .scope module, "ff0" "ffdc" 6 13, 5 1 0, S_0x55776078b320;
 .timescale -9 -11;
    .port_info 0 /INPUT 1 "clk"
    .port_info 1 /INPUT 1 "reset"
    .port_info 2 /INPUT 1 "carga"
    .port_info 3 /INPUT 1 "d"
    .port_info 4 /OUTPUT 1 "q"
P_0x55776078b740 .param/l "retardo" 0 5 1, +C4<00000000000000000000000000000001>;
v0x55776078b960_0 .net "carga", 0 0, L_0x5577607a7620;  alias, 1 drivers
v0x55776078ba40_0 .net "clk", 0 0, v0x55776079eac0_0;  alias, 1 drivers
v0x55776078bb00_0 .net "d", 0 0, L_0x5577607a8750;  alias, 1 drivers
v0x55776078bbd0_0 .var "q", 0 0;
v0x55776078bc70_0 .net "reset", 0 0, L_0x7ff4ecd70600;  alias, 1 drivers
E_0x55776071c7a0 .event posedge, v0x55776078bc70_0, v0x55776075d170_0;
S_0x55776078be20 .scope module, "mux0" "mux2_1_i1" 6 14, 6 18 0, S_0x55776078b320;
 .timescale -9 -11;
    .port_info 0 /OUTPUT 1 "out"
    .port_info 1 /INPUT 1 "a"
    .port_info 2 /INPUT 1 "b"
    .port_info 3 /INPUT 1 "s"
L_0x5577607a8560 .functor NOT 1, L_0x5577607a6b50, C4<0>, C4<0>, C4<0>;
L_0x5577607a85d0 .functor AND 1, L_0x5577607a8900, L_0x5577607a8560, C4<1>, C4<1>;
L_0x5577607a8690 .functor AND 1, L_0x5577607a8860, L_0x5577607a6b50, C4<1>, C4<1>;
L_0x5577607a8750 .functor OR 1, L_0x5577607a85d0, L_0x5577607a8690, C4<0>, C4<0>;
v0x55776078c010_0 .net "a", 0 0, L_0x5577607a8900;  alias, 1 drivers
v0x55776078c0d0_0 .net "b", 0 0, L_0x5577607a8860;  alias, 1 drivers
v0x55776078c190_0 .net "out", 0 0, L_0x5577607a8750;  alias, 1 drivers
v0x55776078c290_0 .net "s", 0 0, L_0x5577607a6b50;  alias, 1 drivers
v0x55776078c330_0 .net "s_n", 0 0, L_0x5577607a8560;  1 drivers
v0x55776078c420_0 .net "sa", 0 0, L_0x5577607a85d0;  1 drivers
v0x55776078c4e0_0 .net "sb", 0 0, L_0x5577607a8690;  1 drivers
S_0x55776078cca0 .scope module, "ff1" "cdaff" 6 6, 6 11 0, S_0x55776078b0e0;
 .timescale -9 -11;
    .port_info 0 /INPUT 1 "selc_d"
    .port_info 1 /INPUT 1 "inp_c"
    .port_info 2 /INPUT 1 "inp_d"
    .port_info 3 /INPUT 1 "clk"
    .port_info 4 /INPUT 1 "reset"
    .port_info 5 /INPUT 1 "carga"
    .port_info 6 /OUTPUT 1 "q"
v0x55776078df80_0 .net "carga", 0 0, L_0x5577607a7620;  alias, 1 drivers
v0x55776078e040_0 .net "clk", 0 0, v0x55776079eac0_0;  alias, 1 drivers
v0x55776078e100_0 .net "inp", 0 0, L_0x5577607a8be0;  1 drivers
v0x55776078e1f0_0 .net "inp_c", 0 0, L_0x5577607a8cf0;  1 drivers
v0x55776078e290_0 .net "inp_d", 0 0, L_0x5577607a8d90;  1 drivers
v0x55776078e380_0 .net "q", 0 0, v0x55776078d500_0;  1 drivers
v0x55776078e420_0 .net "reset", 0 0, L_0x7ff4ecd70600;  alias, 1 drivers
v0x55776078e4c0_0 .net "selc_d", 0 0, L_0x5577607a6b50;  alias, 1 drivers
S_0x55776078cf40 .scope module, "ff0" "ffdc" 6 13, 5 1 0, S_0x55776078cca0;
 .timescale -9 -11;
    .port_info 0 /INPUT 1 "clk"
    .port_info 1 /INPUT 1 "reset"
    .port_info 2 /INPUT 1 "carga"
    .port_info 3 /INPUT 1 "d"
    .port_info 4 /OUTPUT 1 "q"
P_0x55776078d110 .param/l "retardo" 0 5 1, +C4<00000000000000000000000000000001>;
v0x55776078d290_0 .net "carga", 0 0, L_0x5577607a7620;  alias, 1 drivers
v0x55776078d3a0_0 .net "clk", 0 0, v0x55776079eac0_0;  alias, 1 drivers
v0x55776078d460_0 .net "d", 0 0, L_0x5577607a8be0;  alias, 1 drivers
v0x55776078d500_0 .var "q", 0 0;
v0x55776078d5a0_0 .net "reset", 0 0, L_0x7ff4ecd70600;  alias, 1 drivers
S_0x55776078d780 .scope module, "mux0" "mux2_1_i1" 6 14, 6 18 0, S_0x55776078cca0;
 .timescale -9 -11;
    .port_info 0 /OUTPUT 1 "out"
    .port_info 1 /INPUT 1 "a"
    .port_info 2 /INPUT 1 "b"
    .port_info 3 /INPUT 1 "s"
L_0x5577607a89a0 .functor NOT 1, L_0x5577607a6b50, C4<0>, C4<0>, C4<0>;
L_0x5577607a8a10 .functor AND 1, L_0x5577607a8d90, L_0x5577607a89a0, C4<1>, C4<1>;
L_0x5577607a8b20 .functor AND 1, L_0x5577607a8cf0, L_0x5577607a6b50, C4<1>, C4<1>;
L_0x5577607a8be0 .functor OR 1, L_0x5577607a8a10, L_0x5577607a8b20, C4<0>, C4<0>;
v0x55776078d970_0 .net "a", 0 0, L_0x5577607a8d90;  alias, 1 drivers
v0x55776078da30_0 .net "b", 0 0, L_0x5577607a8cf0;  alias, 1 drivers
v0x55776078daf0_0 .net "out", 0 0, L_0x5577607a8be0;  alias, 1 drivers
v0x55776078dbc0_0 .net "s", 0 0, L_0x5577607a6b50;  alias, 1 drivers
v0x55776078dcb0_0 .net "s_n", 0 0, L_0x5577607a89a0;  1 drivers
v0x55776078dda0_0 .net "sa", 0 0, L_0x5577607a8a10;  1 drivers
v0x55776078de40_0 .net "sb", 0 0, L_0x5577607a8b20;  1 drivers
S_0x55776078e5a0 .scope module, "ff2" "cdaff" 6 7, 6 11 0, S_0x55776078b0e0;
 .timescale -9 -11;
    .port_info 0 /INPUT 1 "selc_d"
    .port_info 1 /INPUT 1 "inp_c"
    .port_info 2 /INPUT 1 "inp_d"
    .port_info 3 /INPUT 1 "clk"
    .port_info 4 /INPUT 1 "reset"
    .port_info 5 /INPUT 1 "carga"
    .port_info 6 /OUTPUT 1 "q"
v0x55776078f7a0_0 .net "carga", 0 0, L_0x5577607a7620;  alias, 1 drivers
v0x55776078f860_0 .net "clk", 0 0, v0x55776079eac0_0;  alias, 1 drivers
v0x55776078f920_0 .net "inp", 0 0, L_0x5577607a91e0;  1 drivers
v0x55776078fa10_0 .net "inp_c", 0 0, L_0x5577607a92f0;  1 drivers
L_0x7ff4ecd705b8 .functor BUFT 1, C4<0>, C4<0>, C4<0>, C4<0>;
v0x55776078fab0_0 .net "inp_d", 0 0, L_0x7ff4ecd705b8;  1 drivers
v0x55776078fba0_0 .net "q", 0 0, v0x55776078edf0_0;  1 drivers
v0x55776078fc70_0 .net "reset", 0 0, L_0x7ff4ecd70600;  alias, 1 drivers
v0x55776078fd10_0 .net "selc_d", 0 0, L_0x5577607a6b50;  alias, 1 drivers
S_0x55776078e850 .scope module, "ff0" "ffdc" 6 13, 5 1 0, S_0x55776078e5a0;
 .timescale -9 -11;
    .port_info 0 /INPUT 1 "clk"
    .port_info 1 /INPUT 1 "reset"
    .port_info 2 /INPUT 1 "carga"
    .port_info 3 /INPUT 1 "d"
    .port_info 4 /OUTPUT 1 "q"
P_0x55776078ea20 .param/l "retardo" 0 5 1, +C4<00000000000000000000000000000001>;
v0x55776078eba0_0 .net "carga", 0 0, L_0x5577607a7620;  alias, 1 drivers
v0x55776078ec60_0 .net "clk", 0 0, v0x55776079eac0_0;  alias, 1 drivers
v0x55776078ed20_0 .net "d", 0 0, L_0x5577607a91e0;  alias, 1 drivers
v0x55776078edf0_0 .var "q", 0 0;
v0x55776078ee90_0 .net "reset", 0 0, L_0x7ff4ecd70600;  alias, 1 drivers
S_0x55776078efd0 .scope module, "mux0" "mux2_1_i1" 6 14, 6 18 0, S_0x55776078e5a0;
 .timescale -9 -11;
    .port_info 0 /OUTPUT 1 "out"
    .port_info 1 /INPUT 1 "a"
    .port_info 2 /INPUT 1 "b"
    .port_info 3 /INPUT 1 "s"
L_0x5577607a8e30 .functor NOT 1, L_0x5577607a6b50, C4<0>, C4<0>, C4<0>;
L_0x5577607a8ea0 .functor AND 1, L_0x7ff4ecd705b8, L_0x5577607a8e30, C4<1>, C4<1>;
L_0x5577607a8f10 .functor AND 1, L_0x5577607a92f0, L_0x5577607a6b50, C4<1>, C4<1>;
L_0x5577607a91e0 .functor OR 1, L_0x5577607a8ea0, L_0x5577607a8f10, C4<0>, C4<0>;
v0x55776078f170_0 .net "a", 0 0, L_0x7ff4ecd705b8;  alias, 1 drivers
v0x55776078f230_0 .net "b", 0 0, L_0x5577607a92f0;  alias, 1 drivers
v0x55776078f2f0_0 .net "out", 0 0, L_0x5577607a91e0;  alias, 1 drivers
v0x55776078f3f0_0 .net "s", 0 0, L_0x5577607a6b50;  alias, 1 drivers
v0x55776078f520_0 .net "s_n", 0 0, L_0x5577607a8e30;  1 drivers
v0x55776078f5c0_0 .net "sa", 0 0, L_0x5577607a8ea0;  1 drivers
v0x55776078f660_0 .net "sb", 0 0, L_0x5577607a8f10;  1 drivers
S_0x557760790470 .scope module, "sum" "sum4" 3 9, 7 2 0, S_0x557760752d10;
 .timescale -9 -11;
    .port_info 0 /OUTPUT 4 "S"
    .port_info 1 /OUTPUT 4 "C"
    .port_info 2 /OUTPUT 1 "c_out"
    .port_info 3 /INPUT 4 "A"
    .port_info 4 /INPUT 4 "B"
    .port_info 5 /INPUT 1 "c_in"
v0x557760799f10_0 .net "A", 3 0, L_0x5577607a6970;  alias, 1 drivers
L_0x7ff4ecd70018 .functor BUFT 1, C4<0001>, C4<0>, C4<0>, C4<0>;
v0x557760799ff0_0 .net "B", 3 0, L_0x7ff4ecd70018;  1 drivers
v0x55776079a0b0_0 .net "C", 4 1, L_0x5577607a0e50;  1 drivers
v0x55776079a1b0_0 .net "S", 3 0, L_0x5577607a6130;  alias, 1 drivers
v0x55776079a280_0 .net "c1", 0 0, L_0x5577607a3f60;  1 drivers
v0x55776079a370_0 .net "c2", 0 0, L_0x5577607a4720;  1 drivers
v0x55776079a440_0 .net "c3", 0 0, L_0x5577607a5250;  1 drivers
v0x55776079a510_0 .net "c4", 0 0, L_0x5577607a5df0;  1 drivers
L_0x7ff4ecd70060 .functor BUFT 1, C4<0>, C4<0>, C4<0>, C4<0>;
v0x55776079a5e0_0 .net "c_in", 0 0, L_0x7ff4ecd70060;  1 drivers
v0x55776079a710_0 .net "c_out", 0 0, L_0x5577607a65c0;  1 drivers
v0x55776079a7b0_0 .net "g0", 0 0, L_0x5577607a4090;  1 drivers
v0x55776079a880_0 .net "g1", 0 0, L_0x5577607a4970;  1 drivers
v0x55776079a950_0 .net "g2", 0 0, L_0x5577607a54a0;  1 drivers
v0x55776079aa20_0 .net "g3", 0 0, L_0x5577607a60a0;  1 drivers
v0x55776079aaf0_0 .net "p0", 0 0, L_0x5577607a4020;  1 drivers
v0x55776079abc0_0 .net "p1", 0 0, L_0x5577607a47e0;  1 drivers
v0x55776079ac90_0 .net "p2", 0 0, L_0x5577607a5310;  1 drivers
v0x55776079ad60_0 .net "p3", 0 0, L_0x5577607a5ef0;  1 drivers
L_0x5577607a3510 .concat [ 1 1 1 1], L_0x5577607a4090, L_0x5577607a4970, L_0x5577607a54a0, L_0x5577607a60a0;
L_0x5577607a36f0 .concat [ 1 1 1 1], L_0x5577607a4020, L_0x5577607a47e0, L_0x5577607a5310, L_0x5577607a5ef0;
L_0x5577607a4100 .part L_0x5577607a6970, 0, 1;
L_0x5577607a41a0 .part L_0x7ff4ecd70018, 0, 1;
L_0x5577607a49e0 .part L_0x5577607a6970, 1, 1;
L_0x5577607a4a80 .part L_0x7ff4ecd70018, 1, 1;
L_0x5577607a4b60 .part L_0x5577607a0e50, 0, 1;
L_0x5577607a5510 .part L_0x5577607a6970, 2, 1;
L_0x5577607a5600 .part L_0x7ff4ecd70018, 2, 1;
L_0x5577607a56a0 .part L_0x5577607a0e50, 1, 1;
L_0x5577607a6130 .concat8 [ 1 1 1 1], L_0x5577607a3be0, L_0x5577607a4460, L_0x5577607a4f00, L_0x5577607a5a40;
L_0x5577607a61d0 .part L_0x5577607a6970, 3, 1;
L_0x5577607a62e0 .part L_0x7ff4ecd70018, 3, 1;
L_0x5577607a6410 .part L_0x5577607a0e50, 2, 1;
L_0x5577607a65c0 .part L_0x5577607a0e50, 3, 1;
S_0x5577607906e0 .scope module, "cla" "cla_4" 7 6, 7 34 0, S_0x557760790470;
 .timescale -9 -11;
    .port_info 0 /OUTPUT 4 "C"
    .port_info 1 /INPUT 4 "G"
    .port_info 2 /INPUT 4 "P"
    .port_info 3 /INPUT 1 "c_in"
L_0x55776079efb0 .functor AND 1, L_0x55776079ef10, L_0x7ff4ecd70060, C4<1>, C4<1>;
L_0x55776079f0a0 .functor OR 1, L_0x55776079ee70, L_0x55776079efb0, C4<0>, C4<0>;
L_0x55776079f410 .functor AND 1, L_0x55776079f250, L_0x55776079f370, C4<1>, C4<1>;
L_0x55776079f520 .functor OR 1, L_0x55776079f160, L_0x55776079f410, C4<0>, C4<0>;
L_0x55776079f870 .functor AND 1, L_0x55776079f660, L_0x55776079f740, C4<1>, C4<1>;
L_0x55776079f930 .functor AND 1, L_0x55776079f870, L_0x7ff4ecd70060, C4<1>, C4<1>;
L_0x55776079fa30 .functor OR 1, L_0x55776079f520, L_0x55776079f930, C4<0>, C4<0>;
L_0x55776079fe60 .functor AND 1, L_0x55776079fcc0, L_0x55776079fd60, C4<1>, C4<1>;
L_0x55776079ff20 .functor OR 1, L_0x55776079fb40, L_0x55776079fe60, C4<0>, C4<0>;
L_0x5577607a01e0 .functor AND 1, L_0x5577607a0030, L_0x5577607a00d0, C4<1>, C4<1>;
L_0x5577607a03f0 .functor AND 1, L_0x5577607a01e0, L_0x5577607a0350, C4<1>, C4<1>;
L_0x5577607a04b0 .functor OR 1, L_0x55776079ff20, L_0x5577607a03f0, C4<0>, C4<0>;
L_0x5577607a0170 .functor AND 1, L_0x5577607a0630, L_0x5577607a0860, C4<1>, C4<1>;
L_0x5577607a0ad0 .functor AND 1, L_0x5577607a0170, L_0x5577607a09a0, C4<1>, C4<1>;
L_0x5577607a05c0 .functor AND 1, L_0x5577607a0ad0, L_0x7ff4ecd70060, C4<1>, C4<1>;
L_0x5577607a0cb0 .functor OR 1, L_0x5577607a04b0, L_0x5577607a05c0, C4<0>, C4<0>;
L_0x5577607a1470 .functor AND 1, L_0x5577607a1170, L_0x5577607a1210, C4<1>, C4<1>;
L_0x5577607a1580 .functor OR 1, L_0x5577607a1030, L_0x5577607a1470, C4<0>, C4<0>;
L_0x5577607a1890 .functor AND 1, L_0x5577607a10d0, L_0x5577607a1730, C4<1>, C4<1>;
L_0x5577607a1a40 .functor AND 1, L_0x5577607a1890, L_0x5577607a19a0, C4<1>, C4<1>;
L_0x5577607a1c00 .functor OR 1, L_0x5577607a1580, L_0x5577607a1a40, C4<0>, C4<0>;
L_0x5577607a1e80 .functor AND 1, L_0x5577607a1690, L_0x5577607a1de0, C4<1>, C4<1>;
L_0x5577607a23e0 .functor AND 1, L_0x5577607a1e80, L_0x5577607a2050, C4<1>, C4<1>;
L_0x5577607a2590 .functor AND 1, L_0x5577607a23e0, L_0x5577607a24f0, C4<1>, C4<1>;
L_0x5577607a2770 .functor OR 1, L_0x5577607a1c00, L_0x5577607a2590, C4<0>, C4<0>;
L_0x5577607a2ab0 .functor AND 1, L_0x5577607a2880, L_0x5577607a2a10, C4<1>, C4<1>;
L_0x5577607a2e40 .functor AND 1, L_0x5577607a2ab0, L_0x5577607a2ca0, C4<1>, C4<1>;
L_0x5577607a2ff0 .functor AND 1, L_0x5577607a2e40, L_0x5577607a2f50, C4<1>, C4<1>;
L_0x5577607a31f0 .functor AND 1, L_0x5577607a2ff0, L_0x7ff4ecd70060, C4<1>, C4<1>;
L_0x5577607a32b0 .functor OR 1, L_0x5577607a2770, L_0x5577607a31f0, C4<0>, C4<0>;
v0x5577607908e0_0 .net "C", 4 1, L_0x5577607a0e50;  alias, 1 drivers
v0x5577607909e0_0 .net "G", 3 0, L_0x5577607a3510;  1 drivers
v0x557760790ac0_0 .net "P", 3 0, L_0x5577607a36f0;  1 drivers
v0x557760790bb0_0 .net *"_s102", 0 0, L_0x5577607a2050;  1 drivers
v0x557760790c90_0 .net *"_s103", 0 0, L_0x5577607a23e0;  1 drivers
v0x557760790dc0_0 .net *"_s106", 0 0, L_0x5577607a24f0;  1 drivers
v0x557760790ea0_0 .net *"_s107", 0 0, L_0x5577607a2590;  1 drivers
v0x557760790f80_0 .net *"_s109", 0 0, L_0x5577607a2770;  1 drivers
v0x557760791060_0 .net *"_s112", 0 0, L_0x5577607a2880;  1 drivers
v0x5577607911d0_0 .net *"_s114", 0 0, L_0x5577607a2a10;  1 drivers
v0x5577607912b0_0 .net *"_s115", 0 0, L_0x5577607a2ab0;  1 drivers
v0x557760791390_0 .net *"_s118", 0 0, L_0x5577607a2ca0;  1 drivers
v0x557760791470_0 .net *"_s119", 0 0, L_0x5577607a2e40;  1 drivers
v0x557760791550_0 .net *"_s122", 0 0, L_0x5577607a2f50;  1 drivers
v0x557760791630_0 .net *"_s123", 0 0, L_0x5577607a2ff0;  1 drivers
v0x557760791710_0 .net *"_s125", 0 0, L_0x5577607a31f0;  1 drivers
v0x5577607917f0_0 .net *"_s127", 0 0, L_0x5577607a32b0;  1 drivers
v0x5577607918d0_0 .net *"_s13", 0 0, L_0x55776079f160;  1 drivers
v0x5577607919b0_0 .net *"_s15", 0 0, L_0x55776079f250;  1 drivers
v0x557760791a90_0 .net *"_s17", 0 0, L_0x55776079f370;  1 drivers
v0x557760791b70_0 .net *"_s18", 0 0, L_0x55776079f410;  1 drivers
v0x557760791c50_0 .net *"_s20", 0 0, L_0x55776079f520;  1 drivers
v0x557760791d30_0 .net *"_s23", 0 0, L_0x55776079f660;  1 drivers
v0x557760791e10_0 .net *"_s25", 0 0, L_0x55776079f740;  1 drivers
v0x557760791ef0_0 .net *"_s26", 0 0, L_0x55776079f870;  1 drivers
v0x557760791fd0_0 .net *"_s28", 0 0, L_0x55776079f930;  1 drivers
v0x5577607920b0_0 .net *"_s3", 0 0, L_0x55776079ee70;  1 drivers
v0x557760792190_0 .net *"_s30", 0 0, L_0x55776079fa30;  1 drivers
v0x557760792270_0 .net *"_s35", 0 0, L_0x55776079fb40;  1 drivers
v0x557760792350_0 .net *"_s37", 0 0, L_0x55776079fcc0;  1 drivers
v0x557760792430_0 .net *"_s39", 0 0, L_0x55776079fd60;  1 drivers
v0x557760792510_0 .net *"_s40", 0 0, L_0x55776079fe60;  1 drivers
v0x5577607925f0_0 .net *"_s42", 0 0, L_0x55776079ff20;  1 drivers
v0x5577607926d0_0 .net *"_s45", 0 0, L_0x5577607a0030;  1 drivers
v0x5577607927b0_0 .net *"_s47", 0 0, L_0x5577607a00d0;  1 drivers
v0x557760792890_0 .net *"_s48", 0 0, L_0x5577607a01e0;  1 drivers
v0x557760792970_0 .net *"_s5", 0 0, L_0x55776079ef10;  1 drivers
v0x557760792a50_0 .net *"_s51", 0 0, L_0x5577607a0350;  1 drivers
v0x557760792b30_0 .net *"_s52", 0 0, L_0x5577607a03f0;  1 drivers
v0x557760792c10_0 .net *"_s54", 0 0, L_0x5577607a04b0;  1 drivers
v0x557760792cf0_0 .net *"_s57", 0 0, L_0x5577607a0630;  1 drivers
v0x557760792dd0_0 .net *"_s59", 0 0, L_0x5577607a0860;  1 drivers
v0x557760792eb0_0 .net *"_s6", 0 0, L_0x55776079efb0;  1 drivers
v0x557760792f90_0 .net *"_s60", 0 0, L_0x5577607a0170;  1 drivers
v0x557760793070_0 .net *"_s63", 0 0, L_0x5577607a09a0;  1 drivers
v0x557760793150_0 .net *"_s64", 0 0, L_0x5577607a0ad0;  1 drivers
v0x557760793230_0 .net *"_s66", 0 0, L_0x5577607a05c0;  1 drivers
v0x557760793310_0 .net *"_s68", 0 0, L_0x5577607a0cb0;  1 drivers
v0x5577607933f0_0 .net *"_s74", 0 0, L_0x5577607a1030;  1 drivers
v0x5577607934d0_0 .net *"_s76", 0 0, L_0x5577607a1170;  1 drivers
v0x5577607935b0_0 .net *"_s78", 0 0, L_0x5577607a1210;  1 drivers
v0x557760793690_0 .net *"_s79", 0 0, L_0x5577607a1470;  1 drivers
v0x557760793770_0 .net *"_s8", 0 0, L_0x55776079f0a0;  1 drivers
v0x557760793850_0 .net *"_s81", 0 0, L_0x5577607a1580;  1 drivers
v0x557760793930_0 .net *"_s84", 0 0, L_0x5577607a10d0;  1 drivers
v0x557760793a10_0 .net *"_s86", 0 0, L_0x5577607a1730;  1 drivers
v0x557760793af0_0 .net *"_s87", 0 0, L_0x5577607a1890;  1 drivers
v0x557760793bd0_0 .net *"_s90", 0 0, L_0x5577607a19a0;  1 drivers
v0x557760793cb0_0 .net *"_s91", 0 0, L_0x5577607a1a40;  1 drivers
v0x557760793d90_0 .net *"_s93", 0 0, L_0x5577607a1c00;  1 drivers
v0x557760793e70_0 .net *"_s96", 0 0, L_0x5577607a1690;  1 drivers
v0x557760793f50_0 .net *"_s98", 0 0, L_0x5577607a1de0;  1 drivers
v0x557760794030_0 .net *"_s99", 0 0, L_0x5577607a1e80;  1 drivers
v0x557760794110_0 .net "c_in", 0 0, L_0x7ff4ecd70060;  alias, 1 drivers
L_0x55776079ee70 .part L_0x5577607a3510, 0, 1;
L_0x55776079ef10 .part L_0x5577607a36f0, 0, 1;
L_0x55776079f160 .part L_0x5577607a3510, 1, 1;
L_0x55776079f250 .part L_0x5577607a36f0, 1, 1;
L_0x55776079f370 .part L_0x5577607a3510, 0, 1;
L_0x55776079f660 .part L_0x5577607a36f0, 1, 1;
L_0x55776079f740 .part L_0x5577607a36f0, 0, 1;
L_0x55776079fb40 .part L_0x5577607a3510, 2, 1;
L_0x55776079fcc0 .part L_0x5577607a36f0, 2, 1;
L_0x55776079fd60 .part L_0x5577607a3510, 1, 1;
L_0x5577607a0030 .part L_0x5577607a36f0, 2, 1;
L_0x5577607a00d0 .part L_0x5577607a36f0, 1, 1;
L_0x5577607a0350 .part L_0x5577607a3510, 0, 1;
L_0x5577607a0630 .part L_0x5577607a36f0, 2, 1;
L_0x5577607a0860 .part L_0x5577607a36f0, 1, 1;
L_0x5577607a09a0 .part L_0x5577607a36f0, 0, 1;
L_0x5577607a0e50 .concat8 [ 1 1 1 1], L_0x55776079f0a0, L_0x55776079fa30, L_0x5577607a0cb0, L_0x5577607a32b0;
L_0x5577607a1030 .part L_0x5577607a3510, 3, 1;
L_0x5577607a1170 .part L_0x5577607a36f0, 3, 1;
L_0x5577607a1210 .part L_0x5577607a3510, 2, 1;
L_0x5577607a10d0 .part L_0x5577607a36f0, 3, 1;
L_0x5577607a1730 .part L_0x5577607a36f0, 2, 1;
L_0x5577607a19a0 .part L_0x5577607a3510, 1, 1;
L_0x5577607a1690 .part L_0x5577607a36f0, 3, 1;
L_0x5577607a1de0 .part L_0x5577607a36f0, 2, 1;
L_0x5577607a2050 .part L_0x5577607a36f0, 1, 1;
L_0x5577607a24f0 .part L_0x5577607a3510, 0, 1;
L_0x5577607a2880 .part L_0x5577607a36f0, 3, 1;
L_0x5577607a2a10 .part L_0x5577607a36f0, 2, 1;
L_0x5577607a2ca0 .part L_0x5577607a36f0, 1, 1;
L_0x5577607a2f50 .part L_0x5577607a36f0, 0, 1;
S_0x557760794250 .scope module, "fa0" "fa_v3" 7 7, 7 15 0, S_0x557760790470;
 .timescale -9 -11;
    .port_info 0 /OUTPUT 1 "sum"
    .port_info 1 /OUTPUT 1 "c_out"
    .port_info 2 /OUTPUT 1 "p"
    .port_info 3 /OUTPUT 1 "g"
    .port_info 4 /INPUT 1 "a"
    .port_info 5 /INPUT 1 "b"
    .port_info 6 /INPUT 1 "c_in"
L_0x5577607a3f60 .functor OR 1, L_0x5577607a3a80, L_0x5577607a3e00, C4<0>, C4<0>;
L_0x5577607a4020 .functor OR 1, L_0x5577607a4100, L_0x5577607a41a0, C4<0>, C4<0>;
L_0x5577607a4090 .functor AND 1, L_0x5577607a4100, L_0x5577607a41a0, C4<1>, C4<1>;
v0x557760795020_0 .net "a", 0 0, L_0x5577607a4100;  1 drivers
v0x5577607950e0_0 .net "b", 0 0, L_0x5577607a41a0;  1 drivers
v0x5577607951b0_0 .net "c_in", 0 0, L_0x7ff4ecd70060;  alias, 1 drivers
v0x5577607952d0_0 .net "c_out", 0 0, L_0x5577607a3f60;  alias, 1 drivers
v0x557760795370_0 .net "carry1", 0 0, L_0x5577607a3a80;  1 drivers
v0x557760795460_0 .net "carry2", 0 0, L_0x5577607a3e00;  1 drivers
v0x557760795500_0 .net "g", 0 0, L_0x5577607a4090;  alias, 1 drivers
v0x5577607955a0_0 .net "p", 0 0, L_0x5577607a4020;  alias, 1 drivers
v0x557760795640_0 .net "sum", 0 0, L_0x5577607a3be0;  1 drivers
v0x557760795710_0 .net "sum_par", 0 0, L_0x5577607a38d0;  1 drivers
S_0x5577607944e0 .scope module, "ha1" "ha_vr" 7 19, 7 27 0, S_0x557760794250;
 .timescale -9 -11;
    .port_info 0 /OUTPUT 1 "sum"
    .port_info 1 /OUTPUT 1 "carry"
    .port_info 2 /INPUT 1 "a"
    .port_info 3 /INPUT 1 "b"
L_0x5577607a38d0/d .functor XOR 1, L_0x5577607a4100, L_0x5577607a41a0, C4<0>, C4<0>;
L_0x5577607a38d0 .delay 1 (100,100,100) L_0x5577607a38d0/d;
L_0x5577607a3a80/d .functor AND 1, L_0x5577607a4100, L_0x5577607a41a0, C4<1>, C4<1>;
L_0x5577607a3a80 .delay 1 (100,100,100) L_0x5577607a3a80/d;
v0x5577607946b0_0 .net "a", 0 0, L_0x5577607a4100;  alias, 1 drivers
v0x557760794790_0 .net "b", 0 0, L_0x5577607a41a0;  alias, 1 drivers
v0x557760794850_0 .net "carry", 0 0, L_0x5577607a3a80;  alias, 1 drivers
v0x557760794920_0 .net "sum", 0 0, L_0x5577607a38d0;  alias, 1 drivers
S_0x557760794a90 .scope module, "ha2" "ha_vr" 7 20, 7 27 0, S_0x557760794250;
 .timescale -9 -11;
    .port_info 0 /OUTPUT 1 "sum"
    .port_info 1 /OUTPUT 1 "carry"
    .port_info 2 /INPUT 1 "a"
    .port_info 3 /INPUT 1 "b"
L_0x5577607a3be0/d .functor XOR 1, L_0x7ff4ecd70060, L_0x5577607a38d0, C4<0>, C4<0>;
L_0x5577607a3be0 .delay 1 (100,100,100) L_0x5577607a3be0/d;
L_0x5577607a3e00/d .functor AND 1, L_0x7ff4ecd70060, L_0x5577607a38d0, C4<1>, C4<1>;
L_0x5577607a3e00 .delay 1 (100,100,100) L_0x5577607a3e00/d;
v0x557760794c80_0 .net "a", 0 0, L_0x7ff4ecd70060;  alias, 1 drivers
v0x557760794d50_0 .net "b", 0 0, L_0x5577607a38d0;  alias, 1 drivers
v0x557760794e20_0 .net "carry", 0 0, L_0x5577607a3e00;  alias, 1 drivers
v0x557760794ef0_0 .net "sum", 0 0, L_0x5577607a3be0;  alias, 1 drivers
S_0x557760795870 .scope module, "fa1" "fa_v3" 7 8, 7 15 0, S_0x557760790470;
 .timescale -9 -11;
    .port_info 0 /OUTPUT 1 "sum"
    .port_info 1 /OUTPUT 1 "c_out"
    .port_info 2 /OUTPUT 1 "p"
    .port_info 3 /OUTPUT 1 "g"
    .port_info 4 /INPUT 1 "a"
    .port_info 5 /INPUT 1 "b"
    .port_info 6 /INPUT 1 "c_in"
L_0x5577607a4720 .functor OR 1, L_0x5577607a4300, L_0x5577607a45c0, C4<0>, C4<0>;
L_0x5577607a47e0 .functor OR 1, L_0x5577607a49e0, L_0x5577607a4a80, C4<0>, C4<0>;
L_0x5577607a4970 .functor AND 1, L_0x5577607a49e0, L_0x5577607a4a80, C4<1>, C4<1>;
v0x5577607966e0_0 .net "a", 0 0, L_0x5577607a49e0;  1 drivers
v0x5577607967a0_0 .net "b", 0 0, L_0x5577607a4a80;  1 drivers
v0x557760796870_0 .net "c_in", 0 0, L_0x5577607a4b60;  1 drivers
v0x557760796970_0 .net "c_out", 0 0, L_0x5577607a4720;  alias, 1 drivers
v0x557760796a10_0 .net "carry1", 0 0, L_0x5577607a4300;  1 drivers
v0x557760796b00_0 .net "carry2", 0 0, L_0x5577607a45c0;  1 drivers
v0x557760796bd0_0 .net "g", 0 0, L_0x5577607a4970;  alias, 1 drivers
v0x557760796c70_0 .net "p", 0 0, L_0x5577607a47e0;  alias, 1 drivers
v0x557760796d10_0 .net "sum", 0 0, L_0x5577607a4460;  1 drivers
v0x557760796e70_0 .net "sum_par", 0 0, L_0x5577607a4240;  1 drivers
S_0x557760795af0 .scope module, "ha1" "ha_vr" 7 19, 7 27 0, S_0x557760795870;
 .timescale -9 -11;
    .port_info 0 /OUTPUT 1 "sum"
    .port_info 1 /OUTPUT 1 "carry"
    .port_info 2 /INPUT 1 "a"
    .port_info 3 /INPUT 1 "b"
L_0x5577607a4240/d .functor XOR 1, L_0x5577607a49e0, L_0x5577607a4a80, C4<0>, C4<0>;
L_0x5577607a4240 .delay 1 (100,100,100) L_0x5577607a4240/d;
L_0x5577607a4300/d .functor AND 1, L_0x5577607a49e0, L_0x5577607a4a80, C4<1>, C4<1>;
L_0x5577607a4300 .delay 1 (100,100,100) L_0x5577607a4300/d;
v0x557760795cf0_0 .net "a", 0 0, L_0x5577607a49e0;  alias, 1 drivers
v0x557760795dd0_0 .net "b", 0 0, L_0x5577607a4a80;  alias, 1 drivers
v0x557760795e90_0 .net "carry", 0 0, L_0x5577607a4300;  alias, 1 drivers
v0x557760795f60_0 .net "sum", 0 0, L_0x5577607a4240;  alias, 1 drivers
S_0x5577607960d0 .scope module, "ha2" "ha_vr" 7 20, 7 27 0, S_0x557760795870;
 .timescale -9 -11;
    .port_info 0 /OUTPUT 1 "sum"
    .port_info 1 /OUTPUT 1 "carry"
    .port_info 2 /INPUT 1 "a"
    .port_info 3 /INPUT 1 "b"
L_0x5577607a4460/d .functor XOR 1, L_0x5577607a4b60, L_0x5577607a4240, C4<0>, C4<0>;
L_0x5577607a4460 .delay 1 (100,100,100) L_0x5577607a4460/d;
L_0x5577607a45c0/d .functor AND 1, L_0x5577607a4b60, L_0x5577607a4240, C4<1>, C4<1>;
L_0x5577607a45c0 .delay 1 (100,100,100) L_0x5577607a45c0/d;
v0x557760796330_0 .net "a", 0 0, L_0x5577607a4b60;  alias, 1 drivers
v0x5577607963f0_0 .net "b", 0 0, L_0x5577607a4240;  alias, 1 drivers
v0x5577607964e0_0 .net "carry", 0 0, L_0x5577607a45c0;  alias, 1 drivers
v0x5577607965b0_0 .net "sum", 0 0, L_0x5577607a4460;  alias, 1 drivers
S_0x557760796fb0 .scope module, "fa2" "fa_v3" 7 9, 7 15 0, S_0x557760790470;
 .timescale -9 -11;
    .port_info 0 /OUTPUT 1 "sum"
    .port_info 1 /OUTPUT 1 "c_out"
    .port_info 2 /OUTPUT 1 "p"
    .port_info 3 /OUTPUT 1 "g"
    .port_info 4 /INPUT 1 "a"
    .port_info 5 /INPUT 1 "b"
    .port_info 6 /INPUT 1 "c_in"
L_0x5577607a5250 .functor OR 1, L_0x5577607a4da0, L_0x5577607a50f0, C4<0>, C4<0>;
L_0x5577607a5310 .functor OR 1, L_0x5577607a5510, L_0x5577607a5600, C4<0>, C4<0>;
L_0x5577607a54a0 .functor AND 1, L_0x5577607a5510, L_0x5577607a5600, C4<1>, C4<1>;
v0x557760797e80_0 .net "a", 0 0, L_0x5577607a5510;  1 drivers
v0x557760797f40_0 .net "b", 0 0, L_0x5577607a5600;  1 drivers
v0x557760798010_0 .net "c_in", 0 0, L_0x5577607a56a0;  1 drivers
v0x557760798110_0 .net "c_out", 0 0, L_0x5577607a5250;  alias, 1 drivers
v0x5577607981b0_0 .net "carry1", 0 0, L_0x5577607a4da0;  1 drivers
v0x5577607982a0_0 .net "carry2", 0 0, L_0x5577607a50f0;  1 drivers
v0x557760798370_0 .net "g", 0 0, L_0x5577607a54a0;  alias, 1 drivers
v0x557760798410_0 .net "p", 0 0, L_0x5577607a5310;  alias, 1 drivers
v0x5577607984b0_0 .net "sum", 0 0, L_0x5577607a4f00;  1 drivers
v0x557760798610_0 .net "sum_par", 0 0, L_0x5577607a4c90;  1 drivers
S_0x557760797230 .scope module, "ha1" "ha_vr" 7 19, 7 27 0, S_0x557760796fb0;
 .timescale -9 -11;
    .port_info 0 /OUTPUT 1 "sum"
    .port_info 1 /OUTPUT 1 "carry"
    .port_info 2 /INPUT 1 "a"
    .port_info 3 /INPUT 1 "b"
L_0x5577607a4c90/d .functor XOR 1, L_0x5577607a5510, L_0x5577607a5600, C4<0>, C4<0>;
L_0x5577607a4c90 .delay 1 (100,100,100) L_0x5577607a4c90/d;
L_0x5577607a4da0/d .functor AND 1, L_0x5577607a5510, L_0x5577607a5600, C4<1>, C4<1>;
L_0x5577607a4da0 .delay 1 (100,100,100) L_0x5577607a4da0/d;
v0x557760797490_0 .net "a", 0 0, L_0x5577607a5510;  alias, 1 drivers
v0x557760797570_0 .net "b", 0 0, L_0x5577607a5600;  alias, 1 drivers
v0x557760797630_0 .net "carry", 0 0, L_0x5577607a4da0;  alias, 1 drivers
v0x557760797700_0 .net "sum", 0 0, L_0x5577607a4c90;  alias, 1 drivers
S_0x557760797870 .scope module, "ha2" "ha_vr" 7 20, 7 27 0, S_0x557760796fb0;
 .timescale -9 -11;
    .port_info 0 /OUTPUT 1 "sum"
    .port_info 1 /OUTPUT 1 "carry"
    .port_info 2 /INPUT 1 "a"
    .port_info 3 /INPUT 1 "b"
L_0x5577607a4f00/d .functor XOR 1, L_0x5577607a56a0, L_0x5577607a4c90, C4<0>, C4<0>;
L_0x5577607a4f00 .delay 1 (100,100,100) L_0x5577607a4f00/d;
L_0x5577607a50f0/d .functor AND 1, L_0x5577607a56a0, L_0x5577607a4c90, C4<1>, C4<1>;
L_0x5577607a50f0 .delay 1 (100,100,100) L_0x5577607a50f0/d;
v0x557760797ad0_0 .net "a", 0 0, L_0x5577607a56a0;  alias, 1 drivers
v0x557760797b90_0 .net "b", 0 0, L_0x5577607a4c90;  alias, 1 drivers
v0x557760797c80_0 .net "carry", 0 0, L_0x5577607a50f0;  alias, 1 drivers
v0x557760797d50_0 .net "sum", 0 0, L_0x5577607a4f00;  alias, 1 drivers
S_0x557760798750 .scope module, "fa3" "fa_v3" 7 10, 7 15 0, S_0x557760790470;
 .timescale -9 -11;
    .port_info 0 /OUTPUT 1 "sum"
    .port_info 1 /OUTPUT 1 "c_out"
    .port_info 2 /OUTPUT 1 "p"
    .port_info 3 /OUTPUT 1 "g"
    .port_info 4 /INPUT 1 "a"
    .port_info 5 /INPUT 1 "b"
    .port_info 6 /INPUT 1 "c_in"
L_0x5577607a5df0 .functor OR 1, L_0x5577607a5980, L_0x5577607a5c70, C4<0>, C4<0>;
L_0x5577607a5ef0 .functor OR 1, L_0x5577607a61d0, L_0x5577607a62e0, C4<0>, C4<0>;
L_0x5577607a60a0 .functor AND 1, L_0x5577607a61d0, L_0x5577607a62e0, C4<1>, C4<1>;
v0x557760799640_0 .net "a", 0 0, L_0x5577607a61d0;  1 drivers
v0x557760799700_0 .net "b", 0 0, L_0x5577607a62e0;  1 drivers
v0x5577607997d0_0 .net "c_in", 0 0, L_0x5577607a6410;  1 drivers
v0x5577607998d0_0 .net "c_out", 0 0, L_0x5577607a5df0;  alias, 1 drivers
v0x557760799970_0 .net "carry1", 0 0, L_0x5577607a5980;  1 drivers
v0x557760799a60_0 .net "carry2", 0 0, L_0x5577607a5c70;  1 drivers
v0x557760799b30_0 .net "g", 0 0, L_0x5577607a60a0;  alias, 1 drivers
v0x557760799bd0_0 .net "p", 0 0, L_0x5577607a5ef0;  alias, 1 drivers
v0x557760799c70_0 .net "sum", 0 0, L_0x5577607a5a40;  1 drivers
v0x557760799dd0_0 .net "sum_par", 0 0, L_0x5577607a58c0;  1 drivers
S_0x557760798a20 .scope module, "ha1" "ha_vr" 7 19, 7 27 0, S_0x557760798750;
 .timescale -9 -11;
    .port_info 0 /OUTPUT 1 "sum"
    .port_info 1 /OUTPUT 1 "carry"
    .port_info 2 /INPUT 1 "a"
    .port_info 3 /INPUT 1 "b"
L_0x5577607a58c0/d .functor XOR 1, L_0x5577607a61d0, L_0x5577607a62e0, C4<0>, C4<0>;
L_0x5577607a58c0 .delay 1 (100,100,100) L_0x5577607a58c0/d;
L_0x5577607a5980/d .functor AND 1, L_0x5577607a61d0, L_0x5577607a62e0, C4<1>, C4<1>;
L_0x5577607a5980 .delay 1 (100,100,100) L_0x5577607a5980/d;
v0x557760798c80_0 .net "a", 0 0, L_0x5577607a61d0;  alias, 1 drivers
v0x557760798d60_0 .net "b", 0 0, L_0x5577607a62e0;  alias, 1 drivers
v0x557760798e20_0 .net "carry", 0 0, L_0x5577607a5980;  alias, 1 drivers
v0x557760798ec0_0 .net "sum", 0 0, L_0x5577607a58c0;  alias, 1 drivers
S_0x557760799030 .scope module, "ha2" "ha_vr" 7 20, 7 27 0, S_0x557760798750;
 .timescale -9 -11;
    .port_info 0 /OUTPUT 1 "sum"
    .port_info 1 /OUTPUT 1 "carry"
    .port_info 2 /INPUT 1 "a"
    .port_info 3 /INPUT 1 "b"
L_0x5577607a5a40/d .functor XOR 1, L_0x5577607a6410, L_0x5577607a58c0, C4<0>, C4<0>;
L_0x5577607a5a40 .delay 1 (100,100,100) L_0x5577607a5a40/d;
L_0x5577607a5c70/d .functor AND 1, L_0x5577607a6410, L_0x5577607a58c0, C4<1>, C4<1>;
L_0x5577607a5c70 .delay 1 (100,100,100) L_0x5577607a5c70/d;
v0x557760799290_0 .net "a", 0 0, L_0x5577607a6410;  alias, 1 drivers
v0x557760799350_0 .net "b", 0 0, L_0x5577607a58c0;  alias, 1 drivers
v0x557760799440_0 .net "carry", 0 0, L_0x5577607a5c70;  alias, 1 drivers
v0x557760799510_0 .net "sum", 0 0, L_0x5577607a5a40;  alias, 1 drivers
S_0x55776079ae30 .scope module, "uc0" "uc" 3 11, 8 1 0, S_0x557760752d10;
 .timescale -9 -11;
    .port_info 0 /INPUT 1 "q0"
    .port_info 1 /INPUT 1 "start"
    .port_info 2 /INPUT 1 "clk"
    .port_info 3 /OUTPUT 1 "CargaQ"
    .port_info 4 /OUTPUT 1 "DesplazaQ"
    .port_info 5 /OUTPUT 1 "ResetA"
    .port_info 6 /OUTPUT 1 "CargaA"
    .port_info 7 /OUTPUT 1 "Fin"
P_0x55776079afb0 .param/l "S0" 0 8 6, C4<000>;
P_0x55776079aff0 .param/l "S1" 0 8 7, C4<001>;
P_0x55776079b030 .param/l "S2" 0 8 8, C4<010>;
P_0x55776079b070 .param/l "S3" 0 8 9, C4<011>;
P_0x55776079b0b0 .param/l "S4" 0 8 10, C4<100>;
P_0x55776079b0f0 .param/l "S5" 0 8 11, C4<101>;
P_0x55776079b130 .param/l "S6" 0 8 12, C4<110>;
P_0x55776079b170 .param/l "retardo" 0 8 1, +C4<00000000000000000000000000000001>;
L_0x5577607a6270 .functor OR 1, L_0x5577607a6bf0, L_0x5577607a6c90, C4<0>, C4<0>;
L_0x5577607a7690 .functor OR 1, L_0x5577607a7490, L_0x5577607a7530, C4<0>, C4<0>;
L_0x5577607a7890 .functor OR 1, L_0x5577607a7690, L_0x5577607a77a0, C4<0>, C4<0>;
L_0x5577607a79a0 .functor AND 1, L_0x5577607a8420, L_0x5577607a7890, C4<1>, C4<1>;
v0x55776079b650_0 .net "CargaA", 0 0, L_0x5577607a7d80;  alias, 1 drivers
v0x55776079b710_0 .net "CargaQ", 0 0, L_0x5577607a6b50;  alias, 1 drivers
v0x55776079b7d0_0 .net "DesplazaQ", 0 0, L_0x5577607a6f50;  alias, 1 drivers
v0x55776079b8d0_0 .net "Fin", 0 0, L_0x5577607a8290;  alias, 1 drivers
v0x55776079b970_0 .net "ResetA", 0 0, L_0x5577607a73a0;  alias, 1 drivers
L_0x7ff4ecd700a8 .functor BUFT 1, C4<000>, C4<0>, C4<0>, C4<0>;
v0x55776079ba60_0 .net/2u *"_s0", 2 0, L_0x7ff4ecd700a8;  1 drivers
L_0x7ff4ecd70180 .functor BUFT 1, C4<010>, C4<0>, C4<0>, C4<0>;
v0x55776079bb00_0 .net/2u *"_s12", 2 0, L_0x7ff4ecd70180;  1 drivers
v0x55776079bbe0_0 .net *"_s14", 0 0, L_0x5577607a6bf0;  1 drivers
L_0x7ff4ecd701c8 .functor BUFT 1, C4<100>, C4<0>, C4<0>, C4<0>;
v0x55776079bca0_0 .net/2u *"_s16", 2 0, L_0x7ff4ecd701c8;  1 drivers
v0x55776079bd80_0 .net *"_s18", 0 0, L_0x5577607a6c90;  1 drivers
v0x55776079be40_0 .net *"_s2", 0 0, L_0x5577607a6a10;  1 drivers
v0x55776079bf00_0 .net *"_s20", 0 0, L_0x5577607a6270;  1 drivers
L_0x7ff4ecd70210 .functor BUFT 1, C4<01>, C4<0>, C4<0>, C4<0>;
v0x55776079bfe0_0 .net/2s *"_s22", 1 0, L_0x7ff4ecd70210;  1 drivers
L_0x7ff4ecd70258 .functor BUFT 1, C4<00>, C4<0>, C4<0>, C4<0>;
v0x55776079c0c0_0 .net/2s *"_s24", 1 0, L_0x7ff4ecd70258;  1 drivers
v0x55776079c1a0_0 .net *"_s26", 1 0, L_0x5577607a6dd0;  1 drivers
L_0x7ff4ecd702a0 .functor BUFT 1, C4<000>, C4<0>, C4<0>, C4<0>;
v0x55776079c280_0 .net/2u *"_s30", 2 0, L_0x7ff4ecd702a0;  1 drivers
v0x55776079c360_0 .net *"_s32", 0 0, L_0x5577607a7040;  1 drivers
L_0x7ff4ecd702e8 .functor BUFT 1, C4<01>, C4<0>, C4<0>, C4<0>;
v0x55776079c530_0 .net/2s *"_s34", 1 0, L_0x7ff4ecd702e8;  1 drivers
L_0x7ff4ecd70330 .functor BUFT 1, C4<00>, C4<0>, C4<0>, C4<0>;
v0x55776079c610_0 .net/2s *"_s36", 1 0, L_0x7ff4ecd70330;  1 drivers
v0x55776079c6f0_0 .net *"_s38", 1 0, L_0x5577607a7210;  1 drivers
L_0x7ff4ecd700f0 .functor BUFT 1, C4<01>, C4<0>, C4<0>, C4<0>;
v0x55776079c7d0_0 .net/2s *"_s4", 1 0, L_0x7ff4ecd700f0;  1 drivers
L_0x7ff4ecd70378 .functor BUFT 1, C4<001>, C4<0>, C4<0>, C4<0>;
v0x55776079c8b0_0 .net/2u *"_s42", 2 0, L_0x7ff4ecd70378;  1 drivers
v0x55776079c990_0 .net *"_s44", 0 0, L_0x5577607a7490;  1 drivers
L_0x7ff4ecd703c0 .functor BUFT 1, C4<011>, C4<0>, C4<0>, C4<0>;
v0x55776079ca50_0 .net/2u *"_s46", 2 0, L_0x7ff4ecd703c0;  1 drivers
v0x55776079cb30_0 .net *"_s48", 0 0, L_0x5577607a7530;  1 drivers
v0x55776079cbf0_0 .net *"_s50", 0 0, L_0x5577607a7690;  1 drivers
L_0x7ff4ecd70408 .functor BUFT 1, C4<101>, C4<0>, C4<0>, C4<0>;
v0x55776079ccd0_0 .net/2u *"_s52", 2 0, L_0x7ff4ecd70408;  1 drivers
v0x55776079cdb0_0 .net *"_s54", 0 0, L_0x5577607a77a0;  1 drivers
v0x55776079ce70_0 .net *"_s56", 0 0, L_0x5577607a7890;  1 drivers
v0x55776079cf50_0 .net *"_s58", 0 0, L_0x5577607a79a0;  1 drivers
L_0x7ff4ecd70138 .functor BUFT 1, C4<00>, C4<0>, C4<0>, C4<0>;
v0x55776079d030_0 .net/2s *"_s6", 1 0, L_0x7ff4ecd70138;  1 drivers
L_0x7ff4ecd70450 .functor BUFT 1, C4<01>, C4<0>, C4<0>, C4<0>;
v0x55776079d110_0 .net/2s *"_s60", 1 0, L_0x7ff4ecd70450;  1 drivers
L_0x7ff4ecd70498 .functor BUFT 1, C4<00>, C4<0>, C4<0>, C4<0>;
v0x55776079d1f0_0 .net/2s *"_s62", 1 0, L_0x7ff4ecd70498;  1 drivers
v0x55776079d4e0_0 .net *"_s64", 1 0, L_0x5577607a7b70;  1 drivers
L_0x7ff4ecd704e0 .functor BUFT 1, C4<110>, C4<0>, C4<0>, C4<0>;
v0x55776079d5c0_0 .net/2u *"_s68", 2 0, L_0x7ff4ecd704e0;  1 drivers
v0x55776079d6a0_0 .net *"_s70", 0 0, L_0x5577607a7e70;  1 drivers
L_0x7ff4ecd70528 .functor BUFT 1, C4<01>, C4<0>, C4<0>, C4<0>;
v0x55776079d760_0 .net/2s *"_s72", 1 0, L_0x7ff4ecd70528;  1 drivers
L_0x7ff4ecd70570 .functor BUFT 1, C4<00>, C4<0>, C4<0>, C4<0>;
v0x55776079d840_0 .net/2s *"_s74", 1 0, L_0x7ff4ecd70570;  1 drivers
v0x55776079d920_0 .net *"_s76", 1 0, L_0x5577607a8100;  1 drivers
v0x55776079da00_0 .net *"_s8", 1 0, L_0x5577607a6ab0;  1 drivers
v0x55776079dae0_0 .net "clk", 0 0, v0x55776079eac0_0;  alias, 1 drivers
v0x55776079db80_0 .var "nextstate", 2 0;
v0x55776079dc60_0 .net "q0", 0 0, L_0x5577607a8420;  1 drivers
v0x55776079dd20_0 .net "start", 0 0, v0x55776079ec50_0;  alias, 1 drivers
v0x55776079dde0_0 .var "state", 2 0;
E_0x55776071d280 .event edge, v0x55776079dde0_0;
E_0x55776079b5f0 .event posedge, v0x55776079dd20_0, v0x55776075d170_0;
L_0x5577607a6a10 .cmp/eq 3, v0x55776079dde0_0, L_0x7ff4ecd700a8;
L_0x5577607a6ab0 .functor MUXZ 2, L_0x7ff4ecd70138, L_0x7ff4ecd700f0, L_0x5577607a6a10, C4<>;
L_0x5577607a6b50 .part L_0x5577607a6ab0, 0, 1;
L_0x5577607a6bf0 .cmp/eq 3, v0x55776079dde0_0, L_0x7ff4ecd70180;
L_0x5577607a6c90 .cmp/eq 3, v0x55776079dde0_0, L_0x7ff4ecd701c8;
L_0x5577607a6dd0 .functor MUXZ 2, L_0x7ff4ecd70258, L_0x7ff4ecd70210, L_0x5577607a6270, C4<>;
L_0x5577607a6f50 .part L_0x5577607a6dd0, 0, 1;
L_0x5577607a7040 .cmp/eq 3, v0x55776079dde0_0, L_0x7ff4ecd702a0;
L_0x5577607a7210 .functor MUXZ 2, L_0x7ff4ecd70330, L_0x7ff4ecd702e8, L_0x5577607a7040, C4<>;
L_0x5577607a73a0 .part L_0x5577607a7210, 0, 1;
L_0x5577607a7490 .cmp/eq 3, v0x55776079dde0_0, L_0x7ff4ecd70378;
L_0x5577607a7530 .cmp/eq 3, v0x55776079dde0_0, L_0x7ff4ecd703c0;
L_0x5577607a77a0 .cmp/eq 3, v0x55776079dde0_0, L_0x7ff4ecd70408;
L_0x5577607a7b70 .functor MUXZ 2, L_0x7ff4ecd70498, L_0x7ff4ecd70450, L_0x5577607a79a0, C4<>;
L_0x5577607a7d80 .part L_0x5577607a7b70, 0, 1;
L_0x5577607a7e70 .cmp/eq 3, v0x55776079dde0_0, L_0x7ff4ecd704e0;
L_0x5577607a8100 .functor MUXZ 2, L_0x7ff4ecd70570, L_0x7ff4ecd70528, L_0x5577607a7e70, C4<>;
L_0x5577607a8290 .part L_0x5577607a8100, 0, 1;
    .scope S_0x557760758550;
T_0 ;
    %wait E_0x55776071cb30;
    %load/vec4 v0x55776075ae10_0;
    %flag_set/vec4 8;
    %jmp/0xz  T_0.0, 8;
    %pushi/vec4 0, 0, 1;
    %assign/vec4 v0x55776075c040_0, 100;
    %jmp T_0.1;
T_0.0 ;
    %load/vec4 v0x55776075d070_0;
    %flag_set/vec4 8;
    %jmp/0xz  T_0.2, 8;
    %load/vec4 v0x55776075bf40_0;
    %assign/vec4 v0x55776075c040_0, 100;
T_0.2 ;
T_0.1 ;
    %jmp T_0;
    .thread T_0;
    .scope S_0x5577607896d0;
T_1 ;
    %wait E_0x55776071cb30;
    %load/vec4 v0x557760789b60_0;
    %flag_set/vec4 8;
    %jmp/0xz  T_1.0, 8;
    %pushi/vec4 0, 0, 1;
    %assign/vec4 v0x557760789ac0_0, 100;
    %jmp T_1.1;
T_1.0 ;
    %load/vec4 v0x55776075af10_0;
    %flag_set/vec4 8;
    %jmp/0xz  T_1.2, 8;
    %load/vec4 v0x5577607899f0_0;
    %assign/vec4 v0x557760789ac0_0, 100;
T_1.2 ;
T_1.1 ;
    %jmp T_1;
    .thread T_1;
    .scope S_0x557760789ce0;
T_2 ;
    %wait E_0x55776071cb30;
    %load/vec4 v0x55776078a2f0_0;
    %flag_set/vec4 8;
    %jmp/0xz  T_2.0, 8;
    %pushi/vec4 0, 0, 1;
    %assign/vec4 v0x55776078a250_0, 100;
    %jmp T_2.1;
T_2.0 ;
    %load/vec4 v0x557760789fb0_0;
    %flag_set/vec4 8;
    %jmp/0xz  T_2.2, 8;
    %load/vec4 v0x55776078a1b0_0;
    %assign/vec4 v0x55776078a250_0, 100;
T_2.2 ;
T_2.1 ;
    %jmp T_2;
    .thread T_2;
    .scope S_0x55776078a4d0;
T_3 ;
    %wait E_0x55776071cb30;
    %load/vec4 v0x55776078aa80_0;
    %flag_set/vec4 8;
    %jmp/0xz  T_3.0, 8;
    %pushi/vec4 0, 0, 1;
    %assign/vec4 v0x55776078a9e0_0, 100;
    %jmp T_3.1;
T_3.0 ;
    %load/vec4 v0x55776078a7c0_0;
    %flag_set/vec4 8;
    %jmp/0xz  T_3.2, 8;
    %load/vec4 v0x55776078a940_0;
    %assign/vec4 v0x55776078a9e0_0, 100;
T_3.2 ;
T_3.1 ;
    %jmp T_3;
    .thread T_3;
    .scope S_0x55776079ae30;
T_4 ;
    %wait E_0x55776079b5f0;
    %load/vec4 v0x55776079dd20_0;
    %flag_set/vec4 8;
    %jmp/0xz  T_4.0, 8;
    %pushi/vec4 0, 0, 3;
    %assign/vec4 v0x55776079dde0_0, 100;
    %jmp T_4.1;
T_4.0 ;
    %load/vec4 v0x55776079db80_0;
    %assign/vec4 v0x55776079dde0_0, 100;
T_4.1 ;
    %jmp T_4;
    .thread T_4;
    .scope S_0x55776079ae30;
T_5 ;
    %wait E_0x55776071d280;
    %load/vec4 v0x55776079dde0_0;
    %dup/vec4;
    %pushi/vec4 0, 0, 3;
    %cmp/u;
    %jmp/1 T_5.0, 6;
    %dup/vec4;
    %pushi/vec4 1, 0, 3;
    %cmp/u;
    %jmp/1 T_5.1, 6;
    %dup/vec4;
    %pushi/vec4 2, 0, 3;
    %cmp/u;
    %jmp/1 T_5.2, 6;
    %dup/vec4;
    %pushi/vec4 3, 0, 3;
    %cmp/u;
    %jmp/1 T_5.3, 6;
    %dup/vec4;
    %pushi/vec4 4, 0, 3;
    %cmp/u;
    %jmp/1 T_5.4, 6;
    %dup/vec4;
    %pushi/vec4 5, 0, 3;
    %cmp/u;
    %jmp/1 T_5.5, 6;
    %dup/vec4;
    %pushi/vec4 6, 0, 3;
    %cmp/u;
    %jmp/1 T_5.6, 6;
    %pushi/vec4 0, 0, 3;
    %assign/vec4 v0x55776079db80_0, 0;
    %jmp T_5.8;
T_5.0 ;
    %pushi/vec4 1, 0, 3;
    %assign/vec4 v0x55776079db80_0, 0;
    %jmp T_5.8;
T_5.1 ;
    %pushi/vec4 2, 0, 3;
    %assign/vec4 v0x55776079db80_0, 0;
    %jmp T_5.8;
T_5.2 ;
    %pushi/vec4 3, 0, 3;
    %assign/vec4 v0x55776079db80_0, 0;
    %jmp T_5.8;
T_5.3 ;
    %pushi/vec4 4, 0, 3;
    %assign/vec4 v0x55776079db80_0, 0;
    %jmp T_5.8;
T_5.4 ;
    %pushi/vec4 5, 0, 3;
    %assign/vec4 v0x55776079db80_0, 0;
    %jmp T_5.8;
T_5.5 ;
    %pushi/vec4 6, 0, 3;
    %assign/vec4 v0x55776079db80_0, 0;
    %jmp T_5.8;
T_5.6 ;
    %pushi/vec4 6, 0, 3;
    %assign/vec4 v0x55776079db80_0, 0;
    %jmp T_5.8;
T_5.8 ;
    %pop/vec4 1;
    %jmp T_5;
    .thread T_5, $push;
    .scope S_0x55776078b550;
T_6 ;
    %wait E_0x55776071c7a0;
    %load/vec4 v0x55776078bc70_0;
    %flag_set/vec4 8;
    %jmp/0xz  T_6.0, 8;
    %pushi/vec4 0, 0, 1;
    %assign/vec4 v0x55776078bbd0_0, 100;
    %jmp T_6.1;
T_6.0 ;
    %load/vec4 v0x55776078b960_0;
    %flag_set/vec4 8;
    %jmp/0xz  T_6.2, 8;
    %load/vec4 v0x55776078bb00_0;
    %assign/vec4 v0x55776078bbd0_0, 100;
T_6.2 ;
T_6.1 ;
    %jmp T_6;
    .thread T_6;
    .scope S_0x55776078cf40;
T_7 ;
    %wait E_0x55776071c7a0;
    %load/vec4 v0x55776078d5a0_0;
    %flag_set/vec4 8;
    %jmp/0xz  T_7.0, 8;
    %pushi/vec4 0, 0, 1;
    %assign/vec4 v0x55776078d500_0, 100;
    %jmp T_7.1;
T_7.0 ;
    %load/vec4 v0x55776078d290_0;
    %flag_set/vec4 8;
    %jmp/0xz  T_7.2, 8;
    %load/vec4 v0x55776078d460_0;
    %assign/vec4 v0x55776078d500_0, 100;
T_7.2 ;
T_7.1 ;
    %jmp T_7;
    .thread T_7;
    .scope S_0x55776078e850;
T_8 ;
    %wait E_0x55776071c7a0;
    %load/vec4 v0x55776078ee90_0;
    %flag_set/vec4 8;
    %jmp/0xz  T_8.0, 8;
    %pushi/vec4 0, 0, 1;
    %assign/vec4 v0x55776078edf0_0, 100;
    %jmp T_8.1;
T_8.0 ;
    %load/vec4 v0x55776078eba0_0;
    %flag_set/vec4 8;
    %jmp/0xz  T_8.2, 8;
    %load/vec4 v0x55776078ed20_0;
    %assign/vec4 v0x55776078edf0_0, 100;
T_8.2 ;
T_8.1 ;
    %jmp T_8;
    .thread T_8;
    .scope S_0x55776076dee0;
T_9 ;
    %pushi/vec4 1, 0, 1;
    %store/vec4 v0x55776079eac0_0, 0, 1;
    %delay 2000, 0;
    %pushi/vec4 0, 0, 1;
    %store/vec4 v0x55776079eac0_0, 0, 1;
    %delay 2000, 0;
    %jmp T_9;
    .thread T_9;
    .scope S_0x55776076dee0;
T_10 ;
    %vpi_call 2 21 "$monitor", "tiempo=%0d Valor=%b start=%b clk=%b Cuenta=%b fin=%b", $time, v0x55776079ea20_0, v0x55776079ec50_0, v0x55776079eac0_0, v0x55776079e940_0, v0x55776079eb60_0 {0 0 0};
    %vpi_call 2 22 "$dumpfile", "cuenta1_tb.vcd" {0 0 0};
    %vpi_call 2 23 "$dumpvars" {0 0 0};
    %pushi/vec4 0, 0, 3;
    %store/vec4 v0x55776079ea20_0, 0, 3;
    %pushi/vec4 1, 0, 1;
    %store/vec4 v0x55776079ec50_0, 0, 1;
    %delay 1000, 0;
    %pushi/vec4 0, 0, 1;
    %store/vec4 v0x55776079ec50_0, 0, 1;
    %delay 27000, 0;
    %pushi/vec4 1, 0, 3;
    %store/vec4 v0x55776079ea20_0, 0, 3;
    %pushi/vec4 1, 0, 1;
    %store/vec4 v0x55776079ec50_0, 0, 1;
    %delay 1000, 0;
    %pushi/vec4 0, 0, 1;
    %store/vec4 v0x55776079ec50_0, 0, 1;
    %delay 27000, 0;
    %pushi/vec4 2, 0, 3;
    %store/vec4 v0x55776079ea20_0, 0, 3;
    %pushi/vec4 1, 0, 1;
    %store/vec4 v0x55776079ec50_0, 0, 1;
    %delay 1000, 0;
    %pushi/vec4 0, 0, 1;
    %store/vec4 v0x55776079ec50_0, 0, 1;
    %delay 27000, 0;
    %pushi/vec4 3, 0, 3;
    %store/vec4 v0x55776079ea20_0, 0, 3;
    %pushi/vec4 1, 0, 1;
    %store/vec4 v0x55776079ec50_0, 0, 1;
    %delay 1000, 0;
    %pushi/vec4 0, 0, 1;
    %store/vec4 v0x55776079ec50_0, 0, 1;
    %delay 27000, 0;
    %pushi/vec4 4, 0, 3;
    %store/vec4 v0x55776079ea20_0, 0, 3;
    %pushi/vec4 1, 0, 1;
    %store/vec4 v0x55776079ec50_0, 0, 1;
    %delay 1000, 0;
    %pushi/vec4 0, 0, 1;
    %store/vec4 v0x55776079ec50_0, 0, 1;
    %delay 27000, 0;
    %pushi/vec4 5, 0, 3;
    %store/vec4 v0x55776079ea20_0, 0, 3;
    %pushi/vec4 1, 0, 1;
    %store/vec4 v0x55776079ec50_0, 0, 1;
    %delay 1000, 0;
    %pushi/vec4 0, 0, 1;
    %store/vec4 v0x55776079ec50_0, 0, 1;
    %delay 27000, 0;
    %pushi/vec4 6, 0, 3;
    %store/vec4 v0x55776079ea20_0, 0, 3;
    %pushi/vec4 1, 0, 1;
    %store/vec4 v0x55776079ec50_0, 0, 1;
    %delay 1000, 0;
    %pushi/vec4 0, 0, 1;
    %store/vec4 v0x55776079ec50_0, 0, 1;
    %delay 27000, 0;
    %pushi/vec4 7, 0, 3;
    %store/vec4 v0x55776079ea20_0, 0, 3;
    %pushi/vec4 1, 0, 1;
    %store/vec4 v0x55776079ec50_0, 0, 1;
    %delay 1000, 0;
    %pushi/vec4 0, 0, 1;
    %store/vec4 v0x55776079ec50_0, 0, 1;
    %delay 27000, 0;
    %vpi_call 2 72 "$finish" {0 0 0};
    %end;
    .thread T_10;
# The file index is used to find the file name in the following table.
:file_names 9;
    "N/A";
    "<interactive>";
    "cuenta1_tb.v";
    "cuenta1.v";
    "regA.v";
    "ffdc.v";
    "regQ.v";
    "sum4.v";
    "uc.v";
