#! /usr/bin/vvp
:ivl_version "10.3 (stable)";
:ivl_delay_selection "TYPICAL";
:vpi_time_precision - 11;
:vpi_module "system";
:vpi_module "vhdl_sys";
:vpi_module "v2005_math";
:vpi_module "va_math";
S_0x5574d9a49f30 .scope module, "alu_tb" "alu_tb" 2 3;
 .timescale -9 -11;
v0x5574d9a74eb0_0 .var "error", 0 0;
v0x5574d9a74f90_0 .var "error_R", 0 0;
v0x5574d9a75050_0 .var "error_c", 0 0;
v0x5574d9a750f0_0 .var "error_s", 0 0;
v0x5574d9a751b0_0 .var "error_z", 0 0;
v0x5574d9a75270_0 .var/i "errores", 31 0;
v0x5574d9a75350_0 .var "t_A", 3 0;
v0x5574d9a75410_0 .var "t_B", 3 0;
v0x5574d9a75520_0 .var "t_Op", 1 0;
v0x5574d9a755e0_0 .net "t_R", 3 0, L_0x5574d9a8ade0;  1 drivers
v0x5574d9a756a0_0 .net "t_c", 0 0, L_0x5574d9a88780;  1 drivers
v0x5574d9a75740_0 .var "t_cin", 0 0;
v0x5574d9a757e0_0 .var "t_l", 0 0;
v0x5574d9a758d0_0 .net "t_s", 0 0, L_0x5574d9a8b490;  1 drivers
v0x5574d9a75970_0 .net "t_z", 0 0, L_0x5574d9a8b350;  1 drivers
S_0x5574d9a486b0 .scope task, "check" "check" 2 57, 2 57 0, S_0x5574d9a49f30;
 .timescale -9 -11;
v0x5574d9a33ee0_0 .var "expected_R", 4 0;
v0x5574d9a66030_0 .var "expected_c", 0 0;
v0x5574d9a660f0_0 .var "expected_s", 0 0;
v0x5574d9a66190_0 .var "expected_z", 0 0;
TD_alu_tb.check ;
    %vpi_call 2 62 "$write", "tiempo=%0d A=%b B=%b c_in=%b L=%b OP=%b R=%b, Z=%b, C=%b, S=%b.", $time, v0x5574d9a75350_0, v0x5574d9a75410_0, v0x5574d9a75740_0, v0x5574d9a757e0_0, v0x5574d9a75520_0, v0x5574d9a755e0_0, v0x5574d9a75970_0, v0x5574d9a756a0_0, v0x5574d9a758d0_0 {0 0 0};
    %load/vec4 v0x5574d9a757e0_0;
    %flag_set/vec4 8;
    %jmp/0xz  T_0.0, 8;
    %load/vec4 v0x5574d9a75520_0;
    %dup/vec4;
    %pushi/vec4 0, 0, 2;
    %cmp/u;
    %jmp/1 T_0.2, 6;
    %dup/vec4;
    %pushi/vec4 1, 0, 2;
    %cmp/u;
    %jmp/1 T_0.3, 6;
    %dup/vec4;
    %pushi/vec4 2, 0, 2;
    %cmp/u;
    %jmp/1 T_0.4, 6;
    %dup/vec4;
    %pushi/vec4 3, 0, 2;
    %cmp/u;
    %jmp/1 T_0.5, 6;
    %vpi_call 2 72 "$display", "ERROR. Valor no esperado para t_Op: %b", v0x5574d9a75520_0 {0 0 0};
    %jmp T_0.7;
T_0.2 ;
    %load/vec4 v0x5574d9a75350_0;
    %load/vec4 v0x5574d9a75410_0;
    %and;
    %ix/load 4, 0, 0;
    %flag_set/imm 4, 0;
    %store/vec4 v0x5574d9a33ee0_0, 4, 4;
    %jmp T_0.7;
T_0.3 ;
    %load/vec4 v0x5574d9a75350_0;
    %load/vec4 v0x5574d9a75410_0;
    %or;
    %ix/load 4, 0, 0;
    %flag_set/imm 4, 0;
    %store/vec4 v0x5574d9a33ee0_0, 4, 4;
    %jmp T_0.7;
T_0.4 ;
    %load/vec4 v0x5574d9a75350_0;
    %load/vec4 v0x5574d9a75410_0;
    %xor;
    %ix/load 4, 0, 0;
    %flag_set/imm 4, 0;
    %store/vec4 v0x5574d9a33ee0_0, 4, 4;
    %jmp T_0.7;
T_0.5 ;
    %load/vec4 v0x5574d9a75350_0;
    %inv;
    %ix/load 4, 0, 0;
    %flag_set/imm 4, 0;
    %store/vec4 v0x5574d9a33ee0_0, 4, 4;
    %jmp T_0.7;
T_0.7 ;
    %pop/vec4 1;
    %pushi/vec4 0, 0, 1;
    %store/vec4 v0x5574d9a66030_0, 0, 1;
    %load/vec4 v0x5574d9a33ee0_0;
    %parti/s 1, 3, 3;
    %store/vec4 v0x5574d9a660f0_0, 0, 1;
    %pushi/vec4 0, 0, 1;
    %store/vec4 v0x5574d9a750f0_0, 0, 1;
    %pushi/vec4 0, 0, 1;
    %store/vec4 v0x5574d9a75050_0, 0, 1;
    %jmp T_0.1;
T_0.0 ;
    %load/vec4 v0x5574d9a75520_0;
    %dup/vec4;
    %pushi/vec4 0, 0, 2;
    %cmp/u;
    %jmp/1 T_0.8, 6;
    %dup/vec4;
    %pushi/vec4 1, 0, 2;
    %cmp/u;
    %jmp/1 T_0.9, 6;
    %dup/vec4;
    %pushi/vec4 2, 0, 2;
    %cmp/u;
    %jmp/1 T_0.10, 6;
    %dup/vec4;
    %pushi/vec4 3, 0, 2;
    %cmp/u;
    %jmp/1 T_0.11, 6;
    %vpi_call 2 88 "$display", "ERROR. Valor no esperado para t_Op: %b", v0x5574d9a75520_0 {0 0 0};
    %jmp T_0.13;
T_0.8 ;
    %load/vec4 v0x5574d9a75350_0;
    %pad/u 5;
    %load/vec4 v0x5574d9a75740_0;
    %pad/u 5;
    %add;
    %store/vec4 v0x5574d9a33ee0_0, 0, 5;
    %jmp T_0.13;
T_0.9 ;
    %load/vec4 v0x5574d9a75350_0;
    %pad/u 5;
    %pushi/vec4 15, 0, 5;
    %xor;
    %addi 1, 0, 5;
    %load/vec4 v0x5574d9a75740_0;
    %pad/u 5;
    %add;
    %store/vec4 v0x5574d9a33ee0_0, 0, 5;
    %jmp T_0.13;
T_0.10 ;
    %load/vec4 v0x5574d9a75350_0;
    %pad/u 5;
    %load/vec4 v0x5574d9a75410_0;
    %pad/u 5;
    %add;
    %load/vec4 v0x5574d9a75740_0;
    %pad/u 5;
    %add;
    %store/vec4 v0x5574d9a33ee0_0, 0, 5;
    %jmp T_0.13;
T_0.11 ;
    %load/vec4 v0x5574d9a75350_0;
    %pad/u 5;
    %addi 1, 0, 5;
    %load/vec4 v0x5574d9a75740_0;
    %pad/u 5;
    %add;
    %store/vec4 v0x5574d9a33ee0_0, 0, 5;
    %jmp T_0.13;
T_0.13 ;
    %pop/vec4 1;
    %load/vec4 v0x5574d9a33ee0_0;
    %parti/s 1, 4, 4;
    %store/vec4 v0x5574d9a66030_0, 0, 1;
    %load/vec4 v0x5574d9a33ee0_0;
    %parti/s 1, 3, 3;
    %store/vec4 v0x5574d9a660f0_0, 0, 1;
    %load/vec4 v0x5574d9a660f0_0;
    %load/vec4 v0x5574d9a758d0_0;
    %cmp/e;
    %flag_get/vec4 6;
    %inv;
    %store/vec4 v0x5574d9a750f0_0, 0, 1;
    %load/vec4 v0x5574d9a66030_0;
    %load/vec4 v0x5574d9a756a0_0;
    %cmp/e;
    %flag_get/vec4 6;
    %inv;
    %store/vec4 v0x5574d9a75050_0, 0, 1;
T_0.1 ;
    %load/vec4 v0x5574d9a33ee0_0;
    %parti/s 4, 0, 2;
    %nor/r;
    %store/vec4 v0x5574d9a66190_0, 0, 1;
    %load/vec4 v0x5574d9a33ee0_0;
    %parti/s 4, 0, 2;
    %load/vec4 v0x5574d9a755e0_0;
    %cmp/e;
    %flag_get/vec4 6;
    %inv;
    %store/vec4 v0x5574d9a74f90_0, 0, 1;
    %load/vec4 v0x5574d9a66190_0;
    %load/vec4 v0x5574d9a75970_0;
    %cmp/e;
    %flag_get/vec4 6;
    %inv;
    %store/vec4 v0x5574d9a751b0_0, 0, 1;
    %load/vec4 v0x5574d9a74f90_0;
    %load/vec4 v0x5574d9a751b0_0;
    %or;
    %load/vec4 v0x5574d9a750f0_0;
    %or;
    %load/vec4 v0x5574d9a75050_0;
    %or;
    %store/vec4 v0x5574d9a74eb0_0, 0, 1;
    %load/vec4 v0x5574d9a74eb0_0;
    %flag_set/vec4 8;
    %jmp/0xz  T_0.14, 8;
    %load/vec4 v0x5574d9a75270_0;
    %addi 1, 0, 32;
    %store/vec4 v0x5574d9a75270_0, 0, 32;
    %vpi_call 2 105 "$display", " ---- ERROR" {0 0 0};
    %load/vec4 v0x5574d9a74f90_0;
    %flag_set/vec4 8;
    %jmp/0xz  T_0.16, 8;
    %vpi_call 2 107 "$display", "\011Resultado esperado %b, obtenido %b", &PV<v0x5574d9a33ee0_0, 0, 4>, v0x5574d9a755e0_0 {0 0 0};
T_0.16 ;
    %load/vec4 v0x5574d9a751b0_0;
    %flag_set/vec4 8;
    %jmp/0xz  T_0.18, 8;
    %vpi_call 2 109 "$display", "\011Flag de cero esperado %b, obtenido %b", v0x5574d9a66190_0, v0x5574d9a75970_0 {0 0 0};
T_0.18 ;
    %load/vec4 v0x5574d9a750f0_0;
    %flag_set/vec4 8;
    %jmp/0xz  T_0.20, 8;
    %vpi_call 2 111 "$display", "\011Flag de signo esperado %b, obtenido %b", v0x5574d9a660f0_0, v0x5574d9a758d0_0 {0 0 0};
T_0.20 ;
    %load/vec4 v0x5574d9a75050_0;
    %flag_set/vec4 8;
    %jmp/0xz  T_0.22, 8;
    %vpi_call 2 113 "$display", "\011Flag de acarreo esperado %b, obtenido %b", v0x5574d9a66030_0, v0x5574d9a756a0_0 {0 0 0};
T_0.22 ;
    %jmp T_0.15;
T_0.14 ;
    %vpi_call 2 116 "$display", " ---- OK" {0 0 0};
T_0.15 ;
    %end;
S_0x5574d9a66250 .scope module, "mat" "alu" 2 16, 3 1 0, S_0x5574d9a49f30;
 .timescale -9 -11;
    .port_info 0 /OUTPUT 4 "R"
    .port_info 1 /OUTPUT 1 "zero"
    .port_info 2 /OUTPUT 1 "c_out"
    .port_info 3 /OUTPUT 1 "sign"
    .port_info 4 /INPUT 4 "A"
    .port_info 5 /INPUT 4 "B"
    .port_info 6 /INPUT 1 "c_in"
    .port_info 7 /INPUT 2 "ALUOP"
    .port_info 8 /INPUT 1 "l"
L_0x5574d9a8b580 .functor NOT 1, v0x5574d9a757e0_0, C4<0>, C4<0>, C4<0>;
L_0x5574d9a8b760 .functor AND 1, L_0x5574d9a8b580, L_0x5574d9a8b680, C4<1>, C4<1>;
L_0x5574d9a8b9b0 .functor NOT 1, L_0x5574d9a8b8c0, C4<0>, C4<0>, C4<0>;
L_0x5574d9a8ba70 .functor AND 1, L_0x5574d9a8b820, L_0x5574d9a8b9b0, C4<1>, C4<1>;
L_0x5574d9a8bb80 .functor OR 1, L_0x5574d9a8ba70, v0x5574d9a757e0_0, C4<0>, C4<0>;
L_0x5574d9a8bde0 .functor NOT 1, L_0x5574d9a8bce0, C4<0>, C4<0>, C4<0>;
L_0x5574d9a8be90 .functor AND 1, L_0x5574d9a8bc40, L_0x5574d9a8bde0, C4<1>, C4<1>;
L_0x5574d9a8c250 .functor NOT 1, L_0x5574d9a8bfa0, C4<0>, C4<0>, C4<0>;
L_0x5574d9a8c360 .functor AND 1, v0x5574d9a757e0_0, L_0x5574d9a8c250, C4<1>, C4<1>;
L_0x5574d9a8c420 .functor OR 1, L_0x5574d9a8be90, L_0x5574d9a8c360, C4<0>, C4<0>;
L_0x5574d9a8c590 .functor NOT 1, v0x5574d9a757e0_0, C4<0>, C4<0>, C4<0>;
L_0x5574d9a8c710 .functor NOT 1, L_0x5574d9a8c600, C4<0>, C4<0>, C4<0>;
L_0x5574d9a8c7f0 .functor AND 1, L_0x5574d9a8c590, L_0x5574d9a8c710, C4<1>, C4<1>;
L_0x5574d9a8c9a0 .functor AND 1, L_0x5574d9a8c7f0, L_0x5574d9a8c900, C4<1>, C4<1>;
v0x5574d9a72630_0 .net "A", 3 0, v0x5574d9a75350_0;  1 drivers
v0x5574d9a72760_0 .net "ALUOP", 1 0, v0x5574d9a75520_0;  1 drivers
v0x5574d9a72820_0 .net "B", 3 0, v0x5574d9a75410_0;  1 drivers
v0x5574d9a728c0_0 .net "R", 3 0, L_0x5574d9a8ade0;  alias, 1 drivers
v0x5574d9a72990_0 .net *"_s10", 0 0, L_0x5574d9a8b120;  1 drivers
L_0x7fcbb3ef4768 .functor BUFT 1, C4<01>, C4<0>, C4<0>, C4<0>;
v0x5574d9a72a80_0 .net/2s *"_s12", 1 0, L_0x7fcbb3ef4768;  1 drivers
L_0x7fcbb3ef47b0 .functor BUFT 1, C4<00>, C4<0>, C4<0>, C4<0>;
v0x5574d9a72b60_0 .net/2s *"_s14", 1 0, L_0x7fcbb3ef47b0;  1 drivers
v0x5574d9a72c40_0 .net *"_s16", 1 0, L_0x5574d9a8b1c0;  1 drivers
v0x5574d9a72d20_0 .net *"_s22", 0 0, L_0x5574d9a8b580;  1 drivers
v0x5574d9a72e00_0 .net *"_s25", 0 0, L_0x5574d9a8b680;  1 drivers
v0x5574d9a72ee0_0 .net *"_s29", 0 0, L_0x5574d9a8b820;  1 drivers
v0x5574d9a72fc0_0 .net *"_s31", 0 0, L_0x5574d9a8b8c0;  1 drivers
v0x5574d9a730a0_0 .net *"_s32", 0 0, L_0x5574d9a8b9b0;  1 drivers
v0x5574d9a73180_0 .net *"_s34", 0 0, L_0x5574d9a8ba70;  1 drivers
v0x5574d9a73260_0 .net *"_s39", 0 0, L_0x5574d9a8bc40;  1 drivers
v0x5574d9a73340_0 .net *"_s4", 31 0, L_0x5574d9a8aff0;  1 drivers
v0x5574d9a73420_0 .net *"_s41", 0 0, L_0x5574d9a8bce0;  1 drivers
v0x5574d9a73500_0 .net *"_s42", 0 0, L_0x5574d9a8bde0;  1 drivers
v0x5574d9a735e0_0 .net *"_s44", 0 0, L_0x5574d9a8be90;  1 drivers
v0x5574d9a736c0_0 .net *"_s47", 0 0, L_0x5574d9a8bfa0;  1 drivers
v0x5574d9a737a0_0 .net *"_s48", 0 0, L_0x5574d9a8c250;  1 drivers
v0x5574d9a73880_0 .net *"_s50", 0 0, L_0x5574d9a8c360;  1 drivers
v0x5574d9a73960_0 .net *"_s54", 0 0, L_0x5574d9a8c590;  1 drivers
v0x5574d9a73a40_0 .net *"_s57", 0 0, L_0x5574d9a8c600;  1 drivers
v0x5574d9a73b20_0 .net *"_s58", 0 0, L_0x5574d9a8c710;  1 drivers
v0x5574d9a73c00_0 .net *"_s60", 0 0, L_0x5574d9a8c7f0;  1 drivers
v0x5574d9a73ce0_0 .net *"_s63", 0 0, L_0x5574d9a8c900;  1 drivers
L_0x7fcbb3ef46d8 .functor BUFT 1, C4<0000000000000000000000000000>, C4<0>, C4<0>, C4<0>;
v0x5574d9a73dc0_0 .net *"_s7", 27 0, L_0x7fcbb3ef46d8;  1 drivers
L_0x7fcbb3ef4720 .functor BUFT 1, C4<00000000000000000000000000000000>, C4<0>, C4<0>, C4<0>;
v0x5574d9a73ea0_0 .net/2u *"_s8", 31 0, L_0x7fcbb3ef4720;  1 drivers
v0x5574d9a73f80_0 .net "add1", 0 0, L_0x5574d9a8b760;  1 drivers
v0x5574d9a74020_0 .net "c_in", 0 0, v0x5574d9a75740_0;  1 drivers
v0x5574d9a740c0_0 .net "c_out", 0 0, L_0x5574d9a88780;  alias, 1 drivers
v0x5574d9a741b0_0 .net "cpl", 0 0, L_0x5574d9a8c9a0;  1 drivers
v0x5574d9a74460_0 .net "l", 0 0, v0x5574d9a757e0_0;  1 drivers
v0x5574d9a74500_0 .net "op1_A", 0 0, L_0x5574d9a8bb80;  1 drivers
v0x5574d9a745d0_0 .net "op2_B", 0 0, L_0x5574d9a8c420;  1 drivers
v0x5574d9a746a0_0 .net "out_OP1", 3 0, L_0x5574d9a869a0;  1 drivers
v0x5574d9a74740_0 .net "out_OP2", 3 0, L_0x5574d9a86150;  1 drivers
v0x5574d9a747e0_0 .net "out_add1", 3 0, L_0x5574d9a86550;  1 drivers
v0x5574d9a748d0_0 .net "out_mux2_4_1", 3 0, L_0x5574d9a85ca0;  1 drivers
v0x5574d9a749c0_0 .net "out_suma", 3 0, L_0x5574d9a88f20;  1 drivers
v0x5574d9a74ab0_0 .net "out_ul4", 3 0, L_0x5574d9a8a850;  1 drivers
v0x5574d9a74bc0_0 .net "sign", 0 0, L_0x5574d9a8b490;  alias, 1 drivers
v0x5574d9a74c80_0 .net "zero", 0 0, L_0x5574d9a8b350;  alias, 1 drivers
L_0x5574d9a8aff0 .concat [ 4 28 0 0], L_0x5574d9a8ade0, L_0x7fcbb3ef46d8;
L_0x5574d9a8b120 .cmp/eq 32, L_0x5574d9a8aff0, L_0x7fcbb3ef4720;
L_0x5574d9a8b1c0 .functor MUXZ 2, L_0x7fcbb3ef47b0, L_0x7fcbb3ef4768, L_0x5574d9a8b120, C4<>;
L_0x5574d9a8b350 .part L_0x5574d9a8b1c0, 0, 1;
L_0x5574d9a8b490 .part L_0x5574d9a8ade0, 3, 1;
L_0x5574d9a8b680 .part v0x5574d9a75520_0, 0, 1;
L_0x5574d9a8b820 .part v0x5574d9a75520_0, 1, 1;
L_0x5574d9a8b8c0 .part v0x5574d9a75520_0, 0, 1;
L_0x5574d9a8bc40 .part v0x5574d9a75520_0, 1, 1;
L_0x5574d9a8bce0 .part v0x5574d9a75520_0, 0, 1;
L_0x5574d9a8bfa0 .part v0x5574d9a75520_0, 1, 1;
L_0x5574d9a8c600 .part v0x5574d9a75520_0, 1, 1;
L_0x5574d9a8c900 .part v0x5574d9a75520_0, 0, 1;
S_0x5574d9a66570 .scope module, "Final" "mux2_4" 3 14, 4 1 0, S_0x5574d9a66250;
 .timescale -9 -11;
    .port_info 0 /OUTPUT 4 "Out"
    .port_info 1 /INPUT 4 "A"
    .port_info 2 /INPUT 4 "B"
    .port_info 3 /INPUT 1 "s"
v0x5574d9a667b0_0 .net "A", 3 0, L_0x5574d9a88f20;  alias, 1 drivers
v0x5574d9a668b0_0 .net "B", 3 0, L_0x5574d9a8a850;  alias, 1 drivers
v0x5574d9a66990_0 .net "Out", 3 0, L_0x5574d9a8ade0;  alias, 1 drivers
v0x5574d9a66a50_0 .net *"_s0", 31 0, L_0x5574d9a8ac00;  1 drivers
L_0x7fcbb3ef4648 .functor BUFT 1, C4<0000000000000000000000000000000>, C4<0>, C4<0>, C4<0>;
v0x5574d9a66b30_0 .net *"_s3", 30 0, L_0x7fcbb3ef4648;  1 drivers
L_0x7fcbb3ef4690 .functor BUFT 1, C4<00000000000000000000000000000000>, C4<0>, C4<0>, C4<0>;
v0x5574d9a66c60_0 .net/2u *"_s4", 31 0, L_0x7fcbb3ef4690;  1 drivers
v0x5574d9a66d40_0 .net *"_s6", 0 0, L_0x5574d9a8aca0;  1 drivers
v0x5574d9a66e00_0 .net "s", 0 0, v0x5574d9a757e0_0;  alias, 1 drivers
L_0x5574d9a8ac00 .concat [ 1 31 0 0], v0x5574d9a757e0_0, L_0x7fcbb3ef4648;
L_0x5574d9a8aca0 .cmp/eq 32, L_0x5574d9a8ac00, L_0x7fcbb3ef4690;
L_0x5574d9a8ade0 .functor MUXZ 4, L_0x5574d9a8a850, L_0x5574d9a88f20, L_0x5574d9a8aca0, C4<>;
S_0x5574d9a66f40 .scope module, "add_1" "mux2_4" 3 8, 4 1 0, S_0x5574d9a66250;
 .timescale -9 -11;
    .port_info 0 /OUTPUT 4 "Out"
    .port_info 1 /INPUT 4 "A"
    .port_info 2 /INPUT 4 "B"
    .port_info 3 /INPUT 1 "s"
L_0x7fcbb3ef41c8 .functor BUFT 1, C4<0000>, C4<0>, C4<0>, C4<0>;
v0x5574d9a671a0_0 .net "A", 3 0, L_0x7fcbb3ef41c8;  1 drivers
L_0x7fcbb3ef4210 .functor BUFT 1, C4<0001>, C4<0>, C4<0>, C4<0>;
v0x5574d9a67280_0 .net "B", 3 0, L_0x7fcbb3ef4210;  1 drivers
v0x5574d9a67360_0 .net "Out", 3 0, L_0x5574d9a86550;  alias, 1 drivers
v0x5574d9a67420_0 .net *"_s0", 31 0, L_0x5574d9a86280;  1 drivers
L_0x7fcbb3ef4138 .functor BUFT 1, C4<0000000000000000000000000000000>, C4<0>, C4<0>, C4<0>;
v0x5574d9a67500_0 .net *"_s3", 30 0, L_0x7fcbb3ef4138;  1 drivers
L_0x7fcbb3ef4180 .functor BUFT 1, C4<00000000000000000000000000000000>, C4<0>, C4<0>, C4<0>;
v0x5574d9a67630_0 .net/2u *"_s4", 31 0, L_0x7fcbb3ef4180;  1 drivers
v0x5574d9a67710_0 .net *"_s6", 0 0, L_0x5574d9a86410;  1 drivers
v0x5574d9a677d0_0 .net "s", 0 0, L_0x5574d9a8b760;  alias, 1 drivers
L_0x5574d9a86280 .concat [ 1 31 0 0], L_0x5574d9a8b760, L_0x7fcbb3ef4138;
L_0x5574d9a86410 .cmp/eq 32, L_0x5574d9a86280, L_0x7fcbb3ef4180;
L_0x5574d9a86550 .functor MUXZ 4, L_0x7fcbb3ef4210, L_0x7fcbb3ef41c8, L_0x5574d9a86410, C4<>;
S_0x5574d9a67910 .scope module, "complemento_1" "compl1" 3 7, 5 1 0, S_0x5574d9a66250;
 .timescale -9 -11;
    .port_info 0 /OUTPUT 4 "Out"
    .port_info 1 /INPUT 4 "Inp"
    .port_info 2 /INPUT 1 "cpl"
L_0x5574d9a86050 .functor NOT 4, L_0x5574d9a85ca0, C4<0000>, C4<0000>, C4<0000>;
v0x5574d9a67b30_0 .net "Inp", 3 0, L_0x5574d9a85ca0;  alias, 1 drivers
v0x5574d9a67c30_0 .net "Out", 3 0, L_0x5574d9a86150;  alias, 1 drivers
v0x5574d9a67d10_0 .net *"_s0", 31 0, L_0x5574d9a85e20;  1 drivers
L_0x7fcbb3ef40a8 .functor BUFT 1, C4<0000000000000000000000000000000>, C4<0>, C4<0>, C4<0>;
v0x5574d9a67dd0_0 .net *"_s3", 30 0, L_0x7fcbb3ef40a8;  1 drivers
L_0x7fcbb3ef40f0 .functor BUFT 1, C4<00000000000000000000000000000001>, C4<0>, C4<0>, C4<0>;
v0x5574d9a67eb0_0 .net/2u *"_s4", 31 0, L_0x7fcbb3ef40f0;  1 drivers
v0x5574d9a67fe0_0 .net *"_s6", 0 0, L_0x5574d9a85f10;  1 drivers
v0x5574d9a680a0_0 .net *"_s8", 3 0, L_0x5574d9a86050;  1 drivers
v0x5574d9a68180_0 .net "cpl", 0 0, L_0x5574d9a8c9a0;  alias, 1 drivers
L_0x5574d9a85e20 .concat [ 1 31 0 0], L_0x5574d9a8c9a0, L_0x7fcbb3ef40a8;
L_0x5574d9a85f10 .cmp/eq 32, L_0x5574d9a85e20, L_0x7fcbb3ef40f0;
L_0x5574d9a86150 .functor MUXZ 4, L_0x5574d9a85ca0, L_0x5574d9a86050, L_0x5574d9a85f10, C4<>;
S_0x5574d9a682c0 .scope module, "mux_1" "mux2_4" 3 6, 4 1 0, S_0x5574d9a66250;
 .timescale -9 -11;
    .port_info 0 /OUTPUT 4 "Out"
    .port_info 1 /INPUT 4 "A"
    .port_info 2 /INPUT 4 "B"
    .port_info 3 /INPUT 1 "s"
v0x5574d9a68500_0 .net "A", 3 0, v0x5574d9a75350_0;  alias, 1 drivers
v0x5574d9a685e0_0 .net "B", 3 0, v0x5574d9a75410_0;  alias, 1 drivers
v0x5574d9a686c0_0 .net "Out", 3 0, L_0x5574d9a85ca0;  alias, 1 drivers
v0x5574d9a687c0_0 .net *"_s0", 31 0, L_0x5574d9a75a10;  1 drivers
L_0x7fcbb3ef4018 .functor BUFT 1, C4<0000000000000000000000000000000>, C4<0>, C4<0>, C4<0>;
v0x5574d9a68880_0 .net *"_s3", 30 0, L_0x7fcbb3ef4018;  1 drivers
L_0x7fcbb3ef4060 .functor BUFT 1, C4<00000000000000000000000000000000>, C4<0>, C4<0>, C4<0>;
v0x5574d9a689b0_0 .net/2u *"_s4", 31 0, L_0x7fcbb3ef4060;  1 drivers
v0x5574d9a68a90_0 .net *"_s6", 0 0, L_0x5574d9a85b60;  1 drivers
v0x5574d9a68b50_0 .net "s", 0 0, L_0x5574d9a8c420;  alias, 1 drivers
L_0x5574d9a75a10 .concat [ 1 31 0 0], L_0x5574d9a8c420, L_0x7fcbb3ef4018;
L_0x5574d9a85b60 .cmp/eq 32, L_0x5574d9a75a10, L_0x7fcbb3ef4060;
L_0x5574d9a85ca0 .functor MUXZ 4, v0x5574d9a75410_0, v0x5574d9a75350_0, L_0x5574d9a85b60, C4<>;
S_0x5574d9a68c90 .scope module, "mux_2" "mux2_4" 3 9, 4 1 0, S_0x5574d9a66250;
 .timescale -9 -11;
    .port_info 0 /OUTPUT 4 "Out"
    .port_info 1 /INPUT 4 "A"
    .port_info 2 /INPUT 4 "B"
    .port_info 3 /INPUT 1 "s"
v0x5574d9a68f20_0 .net "A", 3 0, L_0x5574d9a86550;  alias, 1 drivers
v0x5574d9a69000_0 .net "B", 3 0, v0x5574d9a75350_0;  alias, 1 drivers
v0x5574d9a690d0_0 .net "Out", 3 0, L_0x5574d9a869a0;  alias, 1 drivers
v0x5574d9a691a0_0 .net *"_s0", 31 0, L_0x5574d9a866e0;  1 drivers
L_0x7fcbb3ef4258 .functor BUFT 1, C4<0000000000000000000000000000000>, C4<0>, C4<0>, C4<0>;
v0x5574d9a69280_0 .net *"_s3", 30 0, L_0x7fcbb3ef4258;  1 drivers
L_0x7fcbb3ef42a0 .functor BUFT 1, C4<00000000000000000000000000000000>, C4<0>, C4<0>, C4<0>;
v0x5574d9a693b0_0 .net/2u *"_s4", 31 0, L_0x7fcbb3ef42a0;  1 drivers
v0x5574d9a69490_0 .net *"_s6", 0 0, L_0x5574d9a868b0;  1 drivers
v0x5574d9a69550_0 .net "s", 0 0, L_0x5574d9a8bb80;  alias, 1 drivers
L_0x5574d9a866e0 .concat [ 1 31 0 0], L_0x5574d9a8bb80, L_0x7fcbb3ef4258;
L_0x5574d9a868b0 .cmp/eq 32, L_0x5574d9a866e0, L_0x7fcbb3ef42a0;
L_0x5574d9a869a0 .functor MUXZ 4, v0x5574d9a75350_0, L_0x5574d9a86550, L_0x5574d9a868b0, C4<>;
S_0x5574d9a69690 .scope module, "suma_12" "sum4" 3 11, 6 1 0, S_0x5574d9a66250;
 .timescale -9 -11;
    .port_info 0 /OUTPUT 4 "S"
    .port_info 1 /OUTPUT 1 "c_out"
    .port_info 2 /INPUT 4 "A"
    .port_info 3 /INPUT 4 "B"
    .port_info 4 /INPUT 1 "c_in"
v0x5574d9a6d210_0 .net "A", 3 0, L_0x5574d9a869a0;  alias, 1 drivers
v0x5574d9a6d2f0_0 .net "B", 3 0, L_0x5574d9a86150;  alias, 1 drivers
v0x5574d9a6d3c0_0 .net "S", 3 0, L_0x5574d9a88f20;  alias, 1 drivers
v0x5574d9a6d4c0_0 .net "c_in", 0 0, v0x5574d9a75740_0;  alias, 1 drivers
v0x5574d9a6d590_0 .net "c_out", 0 0, L_0x5574d9a88780;  alias, 1 drivers
v0x5574d9a6d630_0 .net "out_carry1", 0 0, L_0x5574d9a86b60;  1 drivers
v0x5574d9a6d720_0 .net "out_carry2", 0 0, L_0x5574d9a874c0;  1 drivers
v0x5574d9a6d810_0 .net "out_carry3", 0 0, L_0x5574d9a87e60;  1 drivers
L_0x5574d9a872e0 .part L_0x5574d9a869a0, 0, 1;
L_0x5574d9a873d0 .part L_0x5574d9a86150, 0, 1;
L_0x5574d9a87c50 .part L_0x5574d9a869a0, 1, 1;
L_0x5574d9a87d40 .part L_0x5574d9a86150, 1, 1;
L_0x5574d9a88560 .part L_0x5574d9a869a0, 2, 1;
L_0x5574d9a88650 .part L_0x5574d9a86150, 2, 1;
L_0x5574d9a88f20 .concat8 [ 1 1 1 1], L_0x5574d9a86c00, L_0x5574d9a87560, L_0x5574d9a87f00, L_0x5574d9a888b0;
L_0x5574d9a89100 .part L_0x5574d9a869a0, 3, 1;
L_0x5574d9a89350 .part L_0x5574d9a86150, 3, 1;
S_0x5574d9a69860 .scope module, "fa_1" "fa" 6 5, 7 1 0, S_0x5574d9a69690;
 .timescale -9 -11;
    .port_info 0 /OUTPUT 1 "c_out"
    .port_info 1 /OUTPUT 1 "sum"
    .port_info 2 /INPUT 1 "a"
    .port_info 3 /INPUT 1 "b"
    .port_info 4 /INPUT 1 "c_in"
L_0x7fcbb3ef4330 .functor BUFT 1, C4<0>, C4<0>, C4<0>, C4<0>;
v0x5574d9a69b00_0 .net *"_s10", 0 0, L_0x7fcbb3ef4330;  1 drivers
v0x5574d9a69c00_0 .net *"_s11", 1 0, L_0x5574d9a86e80;  1 drivers
v0x5574d9a69ce0_0 .net *"_s13", 1 0, L_0x5574d9a87030;  1 drivers
L_0x7fcbb3ef4378 .functor BUFT 1, C4<0>, C4<0>, C4<0>, C4<0>;
v0x5574d9a69dd0_0 .net *"_s16", 0 0, L_0x7fcbb3ef4378;  1 drivers
v0x5574d9a69eb0_0 .net *"_s17", 1 0, L_0x5574d9a871a0;  1 drivers
v0x5574d9a69fe0_0 .net *"_s3", 1 0, L_0x5574d9a86ca0;  1 drivers
L_0x7fcbb3ef42e8 .functor BUFT 1, C4<0>, C4<0>, C4<0>, C4<0>;
v0x5574d9a6a0c0_0 .net *"_s6", 0 0, L_0x7fcbb3ef42e8;  1 drivers
v0x5574d9a6a1a0_0 .net *"_s7", 1 0, L_0x5574d9a86d90;  1 drivers
v0x5574d9a6a280_0 .net "a", 0 0, L_0x5574d9a872e0;  1 drivers
v0x5574d9a6a340_0 .net "b", 0 0, L_0x5574d9a873d0;  1 drivers
v0x5574d9a6a400_0 .net "c_in", 0 0, v0x5574d9a75740_0;  alias, 1 drivers
v0x5574d9a6a4c0_0 .net "c_out", 0 0, L_0x5574d9a86b60;  alias, 1 drivers
v0x5574d9a6a580_0 .net "sum", 0 0, L_0x5574d9a86c00;  1 drivers
L_0x5574d9a86b60 .part L_0x5574d9a871a0, 1, 1;
L_0x5574d9a86c00 .part L_0x5574d9a871a0, 0, 1;
L_0x5574d9a86ca0 .concat [ 1 1 0 0], L_0x5574d9a872e0, L_0x7fcbb3ef42e8;
L_0x5574d9a86d90 .concat [ 1 1 0 0], L_0x5574d9a873d0, L_0x7fcbb3ef4330;
L_0x5574d9a86e80 .arith/sum 2, L_0x5574d9a86ca0, L_0x5574d9a86d90;
L_0x5574d9a87030 .concat [ 1 1 0 0], v0x5574d9a75740_0, L_0x7fcbb3ef4378;
L_0x5574d9a871a0 .arith/sum 2, L_0x5574d9a86e80, L_0x5574d9a87030;
S_0x5574d9a6a6e0 .scope module, "fa_2" "fa" 6 6, 7 1 0, S_0x5574d9a69690;
 .timescale -9 -11;
    .port_info 0 /OUTPUT 1 "c_out"
    .port_info 1 /OUTPUT 1 "sum"
    .port_info 2 /INPUT 1 "a"
    .port_info 3 /INPUT 1 "b"
    .port_info 4 /INPUT 1 "c_in"
L_0x7fcbb3ef4408 .functor BUFT 1, C4<0>, C4<0>, C4<0>, C4<0>;
v0x5574d9a6a900_0 .net *"_s10", 0 0, L_0x7fcbb3ef4408;  1 drivers
v0x5574d9a6a9e0_0 .net *"_s11", 1 0, L_0x5574d9a87860;  1 drivers
v0x5574d9a6aac0_0 .net *"_s13", 1 0, L_0x5574d9a879a0;  1 drivers
L_0x7fcbb3ef4450 .functor BUFT 1, C4<0>, C4<0>, C4<0>, C4<0>;
v0x5574d9a6abb0_0 .net *"_s16", 0 0, L_0x7fcbb3ef4450;  1 drivers
v0x5574d9a6ac90_0 .net *"_s17", 1 0, L_0x5574d9a87b10;  1 drivers
v0x5574d9a6adc0_0 .net *"_s3", 1 0, L_0x5574d9a87650;  1 drivers
L_0x7fcbb3ef43c0 .functor BUFT 1, C4<0>, C4<0>, C4<0>, C4<0>;
v0x5574d9a6aea0_0 .net *"_s6", 0 0, L_0x7fcbb3ef43c0;  1 drivers
v0x5574d9a6af80_0 .net *"_s7", 1 0, L_0x5574d9a87740;  1 drivers
v0x5574d9a6b060_0 .net "a", 0 0, L_0x5574d9a87c50;  1 drivers
v0x5574d9a6b1b0_0 .net "b", 0 0, L_0x5574d9a87d40;  1 drivers
v0x5574d9a6b270_0 .net "c_in", 0 0, L_0x5574d9a86b60;  alias, 1 drivers
v0x5574d9a6b310_0 .net "c_out", 0 0, L_0x5574d9a874c0;  alias, 1 drivers
v0x5574d9a6b3b0_0 .net "sum", 0 0, L_0x5574d9a87560;  1 drivers
L_0x5574d9a874c0 .part L_0x5574d9a87b10, 1, 1;
L_0x5574d9a87560 .part L_0x5574d9a87b10, 0, 1;
L_0x5574d9a87650 .concat [ 1 1 0 0], L_0x5574d9a87c50, L_0x7fcbb3ef43c0;
L_0x5574d9a87740 .concat [ 1 1 0 0], L_0x5574d9a87d40, L_0x7fcbb3ef4408;
L_0x5574d9a87860 .arith/sum 2, L_0x5574d9a87650, L_0x5574d9a87740;
L_0x5574d9a879a0 .concat [ 1 1 0 0], L_0x5574d9a86b60, L_0x7fcbb3ef4450;
L_0x5574d9a87b10 .arith/sum 2, L_0x5574d9a87860, L_0x5574d9a879a0;
S_0x5574d9a6b540 .scope module, "fa_3" "fa" 6 7, 7 1 0, S_0x5574d9a69690;
 .timescale -9 -11;
    .port_info 0 /OUTPUT 1 "c_out"
    .port_info 1 /OUTPUT 1 "sum"
    .port_info 2 /INPUT 1 "a"
    .port_info 3 /INPUT 1 "b"
    .port_info 4 /INPUT 1 "c_in"
L_0x7fcbb3ef44e0 .functor BUFT 1, C4<0>, C4<0>, C4<0>, C4<0>;
v0x5574d9a6b770_0 .net *"_s10", 0 0, L_0x7fcbb3ef44e0;  1 drivers
v0x5574d9a6b850_0 .net *"_s11", 1 0, L_0x5574d9a88200;  1 drivers
v0x5574d9a6b930_0 .net *"_s13", 1 0, L_0x5574d9a88340;  1 drivers
L_0x7fcbb3ef4528 .functor BUFT 1, C4<0>, C4<0>, C4<0>, C4<0>;
v0x5574d9a6ba20_0 .net *"_s16", 0 0, L_0x7fcbb3ef4528;  1 drivers
v0x5574d9a6bb00_0 .net *"_s17", 1 0, L_0x5574d9a88420;  1 drivers
v0x5574d9a6bc30_0 .net *"_s3", 1 0, L_0x5574d9a87ff0;  1 drivers
L_0x7fcbb3ef4498 .functor BUFT 1, C4<0>, C4<0>, C4<0>, C4<0>;
v0x5574d9a6bd10_0 .net *"_s6", 0 0, L_0x7fcbb3ef4498;  1 drivers
v0x5574d9a6bdf0_0 .net *"_s7", 1 0, L_0x5574d9a880e0;  1 drivers
v0x5574d9a6bed0_0 .net "a", 0 0, L_0x5574d9a88560;  1 drivers
v0x5574d9a6c020_0 .net "b", 0 0, L_0x5574d9a88650;  1 drivers
v0x5574d9a6c0e0_0 .net "c_in", 0 0, L_0x5574d9a874c0;  alias, 1 drivers
v0x5574d9a6c180_0 .net "c_out", 0 0, L_0x5574d9a87e60;  alias, 1 drivers
v0x5574d9a6c220_0 .net "sum", 0 0, L_0x5574d9a87f00;  1 drivers
L_0x5574d9a87e60 .part L_0x5574d9a88420, 1, 1;
L_0x5574d9a87f00 .part L_0x5574d9a88420, 0, 1;
L_0x5574d9a87ff0 .concat [ 1 1 0 0], L_0x5574d9a88560, L_0x7fcbb3ef4498;
L_0x5574d9a880e0 .concat [ 1 1 0 0], L_0x5574d9a88650, L_0x7fcbb3ef44e0;
L_0x5574d9a88200 .arith/sum 2, L_0x5574d9a87ff0, L_0x5574d9a880e0;
L_0x5574d9a88340 .concat [ 1 1 0 0], L_0x5574d9a874c0, L_0x7fcbb3ef4528;
L_0x5574d9a88420 .arith/sum 2, L_0x5574d9a88200, L_0x5574d9a88340;
S_0x5574d9a6c3b0 .scope module, "fa_4" "fa" 6 8, 7 1 0, S_0x5574d9a69690;
 .timescale -9 -11;
    .port_info 0 /OUTPUT 1 "c_out"
    .port_info 1 /OUTPUT 1 "sum"
    .port_info 2 /INPUT 1 "a"
    .port_info 3 /INPUT 1 "b"
    .port_info 4 /INPUT 1 "c_in"
L_0x7fcbb3ef45b8 .functor BUFT 1, C4<0>, C4<0>, C4<0>, C4<0>;
v0x5574d9a6c5b0_0 .net *"_s10", 0 0, L_0x7fcbb3ef45b8;  1 drivers
v0x5574d9a6c6b0_0 .net *"_s11", 1 0, L_0x5574d9a88b30;  1 drivers
v0x5574d9a6c790_0 .net *"_s13", 1 0, L_0x5574d9a88c70;  1 drivers
L_0x7fcbb3ef4600 .functor BUFT 1, C4<0>, C4<0>, C4<0>, C4<0>;
v0x5574d9a6c880_0 .net *"_s16", 0 0, L_0x7fcbb3ef4600;  1 drivers
v0x5574d9a6c960_0 .net *"_s17", 1 0, L_0x5574d9a88de0;  1 drivers
v0x5574d9a6ca90_0 .net *"_s3", 1 0, L_0x5574d9a88950;  1 drivers
L_0x7fcbb3ef4570 .functor BUFT 1, C4<0>, C4<0>, C4<0>, C4<0>;
v0x5574d9a6cb70_0 .net *"_s6", 0 0, L_0x7fcbb3ef4570;  1 drivers
v0x5574d9a6cc50_0 .net *"_s7", 1 0, L_0x5574d9a88a40;  1 drivers
v0x5574d9a6cd30_0 .net "a", 0 0, L_0x5574d9a89100;  1 drivers
v0x5574d9a6ce80_0 .net "b", 0 0, L_0x5574d9a89350;  1 drivers
v0x5574d9a6cf40_0 .net "c_in", 0 0, L_0x5574d9a87e60;  alias, 1 drivers
v0x5574d9a6cfe0_0 .net "c_out", 0 0, L_0x5574d9a88780;  alias, 1 drivers
v0x5574d9a6d080_0 .net "sum", 0 0, L_0x5574d9a888b0;  1 drivers
L_0x5574d9a88780 .part L_0x5574d9a88de0, 1, 1;
L_0x5574d9a888b0 .part L_0x5574d9a88de0, 0, 1;
L_0x5574d9a88950 .concat [ 1 1 0 0], L_0x5574d9a89100, L_0x7fcbb3ef4570;
L_0x5574d9a88a40 .concat [ 1 1 0 0], L_0x5574d9a89350, L_0x7fcbb3ef45b8;
L_0x5574d9a88b30 .arith/sum 2, L_0x5574d9a88950, L_0x5574d9a88a40;
L_0x5574d9a88c70 .concat [ 1 1 0 0], L_0x5574d9a87e60, L_0x7fcbb3ef4600;
L_0x5574d9a88de0 .arith/sum 2, L_0x5574d9a88b30, L_0x5574d9a88c70;
S_0x5574d9a6d920 .scope module, "ul4_12" "ul4" 3 12, 8 1 0, S_0x5574d9a66250;
 .timescale -9 -11;
    .port_info 0 /OUTPUT 4 "Out"
    .port_info 1 /INPUT 4 "A"
    .port_info 2 /INPUT 4 "B"
    .port_info 3 /INPUT 2 "S"
v0x5574d9a72250_0 .net "A", 3 0, L_0x5574d9a869a0;  alias, 1 drivers
v0x5574d9a72360_0 .net "B", 3 0, L_0x5574d9a86150;  alias, 1 drivers
v0x5574d9a72470_0 .net "Out", 3 0, L_0x5574d9a8a850;  alias, 1 drivers
v0x5574d9a72510_0 .net "S", 1 0, v0x5574d9a75520_0;  alias, 1 drivers
L_0x5574d9a89880 .part L_0x5574d9a869a0, 0, 1;
L_0x5574d9a89920 .part L_0x5574d9a86150, 0, 1;
L_0x5574d9a89d50 .part L_0x5574d9a869a0, 1, 1;
L_0x5574d9a89df0 .part L_0x5574d9a86150, 1, 1;
L_0x5574d9a8a2b0 .part L_0x5574d9a869a0, 2, 1;
L_0x5574d9a8a350 .part L_0x5574d9a86150, 2, 1;
L_0x5574d9a8a850 .concat8 [ 1 1 1 1], v0x5574d9a6e4d0_0, v0x5574d9a6f660_0, v0x5574d9a70810_0, v0x5574d9a719f0_0;
L_0x5574d9a8a9e0 .part L_0x5574d9a869a0, 3, 1;
L_0x5574d9a8aad0 .part L_0x5574d9a86150, 3, 1;
S_0x5574d9a6db60 .scope module, "cl1" "cl" 8 4, 9 1 0, S_0x5574d9a6d920;
 .timescale -9 -11;
    .port_info 0 /OUTPUT 1 "out"
    .port_info 1 /INPUT 1 "a"
    .port_info 2 /INPUT 1 "b"
    .port_info 3 /INPUT 2 "S"
L_0x5574d9a86f20 .functor AND 1, L_0x5574d9a89880, L_0x5574d9a89920, C4<1>, C4<1>;
L_0x5574d9a895a0 .functor OR 1, L_0x5574d9a89880, L_0x5574d9a89920, C4<0>, C4<0>;
L_0x5574d9a89700 .functor XOR 1, L_0x5574d9a89880, L_0x5574d9a89920, C4<0>, C4<0>;
L_0x5574d9a897c0 .functor NOT 1, L_0x5574d9a89880, C4<0>, C4<0>, C4<0>;
v0x5574d9a6e650_0 .net "S", 1 0, v0x5574d9a75520_0;  alias, 1 drivers
v0x5574d9a6e730_0 .net "a", 0 0, L_0x5574d9a89880;  1 drivers
v0x5574d9a6e7d0_0 .net "b", 0 0, L_0x5574d9a89920;  1 drivers
v0x5574d9a6e8a0_0 .net "out", 0 0, v0x5574d9a6e4d0_0;  1 drivers
v0x5574d9a6e970_0 .net "out_and", 0 0, L_0x5574d9a86f20;  1 drivers
v0x5574d9a6ea60_0 .net "out_not", 0 0, L_0x5574d9a897c0;  1 drivers
v0x5574d9a6eb30_0 .net "out_or", 0 0, L_0x5574d9a895a0;  1 drivers
v0x5574d9a6ec00_0 .net "out_xor", 0 0, L_0x5574d9a89700;  1 drivers
S_0x5574d9a6ddc0 .scope module, "mux" "mux4_1" 9 10, 10 1 0, S_0x5574d9a6db60;
 .timescale -9 -11;
    .port_info 0 /OUTPUT 1 "out"
    .port_info 1 /INPUT 1 "a"
    .port_info 2 /INPUT 1 "b"
    .port_info 3 /INPUT 1 "c"
    .port_info 4 /INPUT 1 "d"
    .port_info 5 /INPUT 2 "S"
v0x5574d9a6e0a0_0 .net "S", 1 0, v0x5574d9a75520_0;  alias, 1 drivers
v0x5574d9a6e1a0_0 .net "a", 0 0, L_0x5574d9a86f20;  alias, 1 drivers
v0x5574d9a6e260_0 .net "b", 0 0, L_0x5574d9a895a0;  alias, 1 drivers
v0x5574d9a6e300_0 .net "c", 0 0, L_0x5574d9a89700;  alias, 1 drivers
v0x5574d9a6e3c0_0 .net "d", 0 0, L_0x5574d9a897c0;  alias, 1 drivers
v0x5574d9a6e4d0_0 .var "out", 0 0;
E_0x5574d9a0d290/0 .event edge, v0x5574d9a6e0a0_0, v0x5574d9a6e3c0_0, v0x5574d9a6e300_0, v0x5574d9a6e260_0;
E_0x5574d9a0d290/1 .event edge, v0x5574d9a6e1a0_0;
E_0x5574d9a0d290 .event/or E_0x5574d9a0d290/0, E_0x5574d9a0d290/1;
S_0x5574d9a6ed00 .scope module, "cl2" "cl" 8 5, 9 1 0, S_0x5574d9a6d920;
 .timescale -9 -11;
    .port_info 0 /OUTPUT 1 "out"
    .port_info 1 /INPUT 1 "a"
    .port_info 2 /INPUT 1 "b"
    .port_info 3 /INPUT 2 "S"
L_0x5574d9a899c0 .functor AND 1, L_0x5574d9a89d50, L_0x5574d9a89df0, C4<1>, C4<1>;
L_0x5574d9a89a30 .functor OR 1, L_0x5574d9a89d50, L_0x5574d9a89df0, C4<0>, C4<0>;
L_0x5574d9a89b40 .functor XOR 1, L_0x5574d9a89d50, L_0x5574d9a89df0, C4<0>, C4<0>;
L_0x5574d9a89c00 .functor NOT 1, L_0x5574d9a89d50, C4<0>, C4<0>, C4<0>;
v0x5574d9a6f7e0_0 .net "S", 1 0, v0x5574d9a75520_0;  alias, 1 drivers
v0x5574d9a6f8c0_0 .net "a", 0 0, L_0x5574d9a89d50;  1 drivers
v0x5574d9a6f980_0 .net "b", 0 0, L_0x5574d9a89df0;  1 drivers
v0x5574d9a6fa20_0 .net "out", 0 0, v0x5574d9a6f660_0;  1 drivers
v0x5574d9a6faf0_0 .net "out_and", 0 0, L_0x5574d9a899c0;  1 drivers
v0x5574d9a6fbe0_0 .net "out_not", 0 0, L_0x5574d9a89c00;  1 drivers
v0x5574d9a6fcb0_0 .net "out_or", 0 0, L_0x5574d9a89a30;  1 drivers
v0x5574d9a6fd80_0 .net "out_xor", 0 0, L_0x5574d9a89b40;  1 drivers
S_0x5574d9a6ef40 .scope module, "mux" "mux4_1" 9 10, 10 1 0, S_0x5574d9a6ed00;
 .timescale -9 -11;
    .port_info 0 /OUTPUT 1 "out"
    .port_info 1 /INPUT 1 "a"
    .port_info 2 /INPUT 1 "b"
    .port_info 3 /INPUT 1 "c"
    .port_info 4 /INPUT 1 "d"
    .port_info 5 /INPUT 2 "S"
v0x5574d9a6f200_0 .net "S", 1 0, v0x5574d9a75520_0;  alias, 1 drivers
v0x5574d9a6f330_0 .net "a", 0 0, L_0x5574d9a899c0;  alias, 1 drivers
v0x5574d9a6f3f0_0 .net "b", 0 0, L_0x5574d9a89a30;  alias, 1 drivers
v0x5574d9a6f490_0 .net "c", 0 0, L_0x5574d9a89b40;  alias, 1 drivers
v0x5574d9a6f550_0 .net "d", 0 0, L_0x5574d9a89c00;  alias, 1 drivers
v0x5574d9a6f660_0 .var "out", 0 0;
E_0x5574d9a0b6f0/0 .event edge, v0x5574d9a6e0a0_0, v0x5574d9a6f550_0, v0x5574d9a6f490_0, v0x5574d9a6f3f0_0;
E_0x5574d9a0b6f0/1 .event edge, v0x5574d9a6f330_0;
E_0x5574d9a0b6f0 .event/or E_0x5574d9a0b6f0/0, E_0x5574d9a0b6f0/1;
S_0x5574d9a6fe80 .scope module, "cl3" "cl" 8 6, 9 1 0, S_0x5574d9a6d920;
 .timescale -9 -11;
    .port_info 0 /OUTPUT 1 "out"
    .port_info 1 /INPUT 1 "a"
    .port_info 2 /INPUT 1 "b"
    .port_info 3 /INPUT 2 "S"
L_0x5574d9a89f20 .functor AND 1, L_0x5574d9a8a2b0, L_0x5574d9a8a350, C4<1>, C4<1>;
L_0x5574d9a89f90 .functor OR 1, L_0x5574d9a8a2b0, L_0x5574d9a8a350, C4<0>, C4<0>;
L_0x5574d9a8a0a0 .functor XOR 1, L_0x5574d9a8a2b0, L_0x5574d9a8a350, C4<0>, C4<0>;
L_0x5574d9a8a160 .functor NOT 1, L_0x5574d9a8a2b0, C4<0>, C4<0>, C4<0>;
v0x5574d9a709d0_0 .net "S", 1 0, v0x5574d9a75520_0;  alias, 1 drivers
v0x5574d9a70ab0_0 .net "a", 0 0, L_0x5574d9a8a2b0;  1 drivers
v0x5574d9a70b70_0 .net "b", 0 0, L_0x5574d9a8a350;  1 drivers
v0x5574d9a70c10_0 .net "out", 0 0, v0x5574d9a70810_0;  1 drivers
v0x5574d9a70ce0_0 .net "out_and", 0 0, L_0x5574d9a89f20;  1 drivers
v0x5574d9a70dd0_0 .net "out_not", 0 0, L_0x5574d9a8a160;  1 drivers
v0x5574d9a70ea0_0 .net "out_or", 0 0, L_0x5574d9a89f90;  1 drivers
v0x5574d9a70f70_0 .net "out_xor", 0 0, L_0x5574d9a8a0a0;  1 drivers
S_0x5574d9a700f0 .scope module, "mux" "mux4_1" 9 10, 10 1 0, S_0x5574d9a6fe80;
 .timescale -9 -11;
    .port_info 0 /OUTPUT 1 "out"
    .port_info 1 /INPUT 1 "a"
    .port_info 2 /INPUT 1 "b"
    .port_info 3 /INPUT 1 "c"
    .port_info 4 /INPUT 1 "d"
    .port_info 5 /INPUT 2 "S"
v0x5574d9a70390_0 .net "S", 1 0, v0x5574d9a75520_0;  alias, 1 drivers
v0x5574d9a70500_0 .net "a", 0 0, L_0x5574d9a89f20;  alias, 1 drivers
v0x5574d9a705c0_0 .net "b", 0 0, L_0x5574d9a89f90;  alias, 1 drivers
v0x5574d9a70690_0 .net "c", 0 0, L_0x5574d9a8a0a0;  alias, 1 drivers
v0x5574d9a70750_0 .net "d", 0 0, L_0x5574d9a8a160;  alias, 1 drivers
v0x5574d9a70810_0 .var "out", 0 0;
E_0x5574d9a4c200/0 .event edge, v0x5574d9a6e0a0_0, v0x5574d9a70750_0, v0x5574d9a70690_0, v0x5574d9a705c0_0;
E_0x5574d9a4c200/1 .event edge, v0x5574d9a70500_0;
E_0x5574d9a4c200 .event/or E_0x5574d9a4c200/0, E_0x5574d9a4c200/1;
S_0x5574d9a71070 .scope module, "cl4" "cl" 8 7, 9 1 0, S_0x5574d9a6d920;
 .timescale -9 -11;
    .port_info 0 /OUTPUT 1 "out"
    .port_info 1 /INPUT 1 "a"
    .port_info 2 /INPUT 1 "b"
    .port_info 3 /INPUT 2 "S"
L_0x5574d9a8a4c0 .functor AND 1, L_0x5574d9a8a9e0, L_0x5574d9a8aad0, C4<1>, C4<1>;
L_0x5574d9a8a530 .functor OR 1, L_0x5574d9a8a9e0, L_0x5574d9a8aad0, C4<0>, C4<0>;
L_0x5574d9a8a640 .functor XOR 1, L_0x5574d9a8a9e0, L_0x5574d9a8aad0, C4<0>, C4<0>;
L_0x5574d9a8a700 .functor NOT 1, L_0x5574d9a8a9e0, C4<0>, C4<0>, C4<0>;
v0x5574d9a71bb0_0 .net "S", 1 0, v0x5574d9a75520_0;  alias, 1 drivers
v0x5574d9a71c90_0 .net "a", 0 0, L_0x5574d9a8a9e0;  1 drivers
v0x5574d9a71d50_0 .net "b", 0 0, L_0x5574d9a8aad0;  1 drivers
v0x5574d9a71df0_0 .net "out", 0 0, v0x5574d9a719f0_0;  1 drivers
v0x5574d9a71ec0_0 .net "out_and", 0 0, L_0x5574d9a8a4c0;  1 drivers
v0x5574d9a71fb0_0 .net "out_not", 0 0, L_0x5574d9a8a700;  1 drivers
v0x5574d9a72080_0 .net "out_or", 0 0, L_0x5574d9a8a530;  1 drivers
v0x5574d9a72150_0 .net "out_xor", 0 0, L_0x5574d9a8a640;  1 drivers
S_0x5574d9a712b0 .scope module, "mux" "mux4_1" 9 10, 10 1 0, S_0x5574d9a71070;
 .timescale -9 -11;
    .port_info 0 /OUTPUT 1 "out"
    .port_info 1 /INPUT 1 "a"
    .port_info 2 /INPUT 1 "b"
    .port_info 3 /INPUT 1 "c"
    .port_info 4 /INPUT 1 "d"
    .port_info 5 /INPUT 2 "S"
v0x5574d9a715b0_0 .net "S", 1 0, v0x5574d9a75520_0;  alias, 1 drivers
v0x5574d9a71690_0 .net "a", 0 0, L_0x5574d9a8a4c0;  alias, 1 drivers
v0x5574d9a71750_0 .net "b", 0 0, L_0x5574d9a8a530;  alias, 1 drivers
v0x5574d9a71820_0 .net "c", 0 0, L_0x5574d9a8a640;  alias, 1 drivers
v0x5574d9a718e0_0 .net "d", 0 0, L_0x5574d9a8a700;  alias, 1 drivers
v0x5574d9a719f0_0 .var "out", 0 0;
E_0x5574d9a71520/0 .event edge, v0x5574d9a6e0a0_0, v0x5574d9a718e0_0, v0x5574d9a71820_0, v0x5574d9a71750_0;
E_0x5574d9a71520/1 .event edge, v0x5574d9a71690_0;
E_0x5574d9a71520 .event/or E_0x5574d9a71520/0, E_0x5574d9a71520/1;
    .scope S_0x5574d9a6ddc0;
T_1 ;
    %wait E_0x5574d9a0d290;
    %load/vec4 v0x5574d9a6e0a0_0;
    %dup/vec4;
    %pushi/vec4 0, 0, 2;
    %cmp/u;
    %jmp/1 T_1.0, 6;
    %dup/vec4;
    %pushi/vec4 1, 0, 2;
    %cmp/u;
    %jmp/1 T_1.1, 6;
    %dup/vec4;
    %pushi/vec4 2, 0, 2;
    %cmp/u;
    %jmp/1 T_1.2, 6;
    %dup/vec4;
    %pushi/vec4 3, 0, 2;
    %cmp/u;
    %jmp/1 T_1.3, 6;
    %pushi/vec4 1, 1, 1;
    %store/vec4 v0x5574d9a6e4d0_0, 0, 1;
    %jmp T_1.5;
T_1.0 ;
    %load/vec4 v0x5574d9a6e1a0_0;
    %store/vec4 v0x5574d9a6e4d0_0, 0, 1;
    %jmp T_1.5;
T_1.1 ;
    %load/vec4 v0x5574d9a6e260_0;
    %store/vec4 v0x5574d9a6e4d0_0, 0, 1;
    %jmp T_1.5;
T_1.2 ;
    %load/vec4 v0x5574d9a6e300_0;
    %store/vec4 v0x5574d9a6e4d0_0, 0, 1;
    %jmp T_1.5;
T_1.3 ;
    %load/vec4 v0x5574d9a6e3c0_0;
    %store/vec4 v0x5574d9a6e4d0_0, 0, 1;
    %jmp T_1.5;
T_1.5 ;
    %pop/vec4 1;
    %jmp T_1;
    .thread T_1, $push;
    .scope S_0x5574d9a6ef40;
T_2 ;
    %wait E_0x5574d9a0b6f0;
    %load/vec4 v0x5574d9a6f200_0;
    %dup/vec4;
    %pushi/vec4 0, 0, 2;
    %cmp/u;
    %jmp/1 T_2.0, 6;
    %dup/vec4;
    %pushi/vec4 1, 0, 2;
    %cmp/u;
    %jmp/1 T_2.1, 6;
    %dup/vec4;
    %pushi/vec4 2, 0, 2;
    %cmp/u;
    %jmp/1 T_2.2, 6;
    %dup/vec4;
    %pushi/vec4 3, 0, 2;
    %cmp/u;
    %jmp/1 T_2.3, 6;
    %pushi/vec4 1, 1, 1;
    %store/vec4 v0x5574d9a6f660_0, 0, 1;
    %jmp T_2.5;
T_2.0 ;
    %load/vec4 v0x5574d9a6f330_0;
    %store/vec4 v0x5574d9a6f660_0, 0, 1;
    %jmp T_2.5;
T_2.1 ;
    %load/vec4 v0x5574d9a6f3f0_0;
    %store/vec4 v0x5574d9a6f660_0, 0, 1;
    %jmp T_2.5;
T_2.2 ;
    %load/vec4 v0x5574d9a6f490_0;
    %store/vec4 v0x5574d9a6f660_0, 0, 1;
    %jmp T_2.5;
T_2.3 ;
    %load/vec4 v0x5574d9a6f550_0;
    %store/vec4 v0x5574d9a6f660_0, 0, 1;
    %jmp T_2.5;
T_2.5 ;
    %pop/vec4 1;
    %jmp T_2;
    .thread T_2, $push;
    .scope S_0x5574d9a700f0;
T_3 ;
    %wait E_0x5574d9a4c200;
    %load/vec4 v0x5574d9a70390_0;
    %dup/vec4;
    %pushi/vec4 0, 0, 2;
    %cmp/u;
    %jmp/1 T_3.0, 6;
    %dup/vec4;
    %pushi/vec4 1, 0, 2;
    %cmp/u;
    %jmp/1 T_3.1, 6;
    %dup/vec4;
    %pushi/vec4 2, 0, 2;
    %cmp/u;
    %jmp/1 T_3.2, 6;
    %dup/vec4;
    %pushi/vec4 3, 0, 2;
    %cmp/u;
    %jmp/1 T_3.3, 6;
    %pushi/vec4 1, 1, 1;
    %store/vec4 v0x5574d9a70810_0, 0, 1;
    %jmp T_3.5;
T_3.0 ;
    %load/vec4 v0x5574d9a70500_0;
    %store/vec4 v0x5574d9a70810_0, 0, 1;
    %jmp T_3.5;
T_3.1 ;
    %load/vec4 v0x5574d9a705c0_0;
    %store/vec4 v0x5574d9a70810_0, 0, 1;
    %jmp T_3.5;
T_3.2 ;
    %load/vec4 v0x5574d9a70690_0;
    %store/vec4 v0x5574d9a70810_0, 0, 1;
    %jmp T_3.5;
T_3.3 ;
    %load/vec4 v0x5574d9a70750_0;
    %store/vec4 v0x5574d9a70810_0, 0, 1;
    %jmp T_3.5;
T_3.5 ;
    %pop/vec4 1;
    %jmp T_3;
    .thread T_3, $push;
    .scope S_0x5574d9a712b0;
T_4 ;
    %wait E_0x5574d9a71520;
    %load/vec4 v0x5574d9a715b0_0;
    %dup/vec4;
    %pushi/vec4 0, 0, 2;
    %cmp/u;
    %jmp/1 T_4.0, 6;
    %dup/vec4;
    %pushi/vec4 1, 0, 2;
    %cmp/u;
    %jmp/1 T_4.1, 6;
    %dup/vec4;
    %pushi/vec4 2, 0, 2;
    %cmp/u;
    %jmp/1 T_4.2, 6;
    %dup/vec4;
    %pushi/vec4 3, 0, 2;
    %cmp/u;
    %jmp/1 T_4.3, 6;
    %pushi/vec4 1, 1, 1;
    %store/vec4 v0x5574d9a719f0_0, 0, 1;
    %jmp T_4.5;
T_4.0 ;
    %load/vec4 v0x5574d9a71690_0;
    %store/vec4 v0x5574d9a719f0_0, 0, 1;
    %jmp T_4.5;
T_4.1 ;
    %load/vec4 v0x5574d9a71750_0;
    %store/vec4 v0x5574d9a719f0_0, 0, 1;
    %jmp T_4.5;
T_4.2 ;
    %load/vec4 v0x5574d9a71820_0;
    %store/vec4 v0x5574d9a719f0_0, 0, 1;
    %jmp T_4.5;
T_4.3 ;
    %load/vec4 v0x5574d9a718e0_0;
    %store/vec4 v0x5574d9a719f0_0, 0, 1;
    %jmp T_4.5;
T_4.5 ;
    %pop/vec4 1;
    %jmp T_4;
    .thread T_4, $push;
    .scope S_0x5574d9a49f30;
T_5 ;
    %vpi_call 2 20 "$dumpfile", "alu.vcd" {0 0 0};
    %vpi_call 2 21 "$dumpvars" {0 0 0};
    %pushi/vec4 0, 0, 32;
    %store/vec4 v0x5574d9a75270_0, 0, 32;
    %pushi/vec4 0, 0, 1;
    %store/vec4 v0x5574d9a757e0_0, 0, 1;
    %pushi/vec4 2, 0, 32;
T_5.0 %dup/vec4;
    %pushi/vec4 0, 0, 32;
    %cmp/s;
    %jmp/1xz T_5.1, 5;
    %jmp/1 T_5.1, 4;
    %pushi/vec4 1, 0, 32;
    %sub;
    %pushi/vec4 0, 0, 2;
    %store/vec4 v0x5574d9a75520_0, 0, 2;
    %pushi/vec4 4, 0, 32;
T_5.2 %dup/vec4;
    %pushi/vec4 0, 0, 32;
    %cmp/s;
    %jmp/1xz T_5.3, 5;
    %jmp/1 T_5.3, 4;
    %pushi/vec4 1, 0, 32;
    %sub;
    %pushi/vec4 0, 0, 1;
    %store/vec4 v0x5574d9a75740_0, 0, 1;
    %pushi/vec4 2, 0, 32;
T_5.4 %dup/vec4;
    %pushi/vec4 0, 0, 32;
    %cmp/s;
    %jmp/1xz T_5.5, 5;
    %jmp/1 T_5.5, 4;
    %pushi/vec4 1, 0, 32;
    %sub;
    %pushi/vec4 0, 0, 4;
    %store/vec4 v0x5574d9a75350_0, 0, 4;
    %pushi/vec4 16, 0, 32;
T_5.6 %dup/vec4;
    %pushi/vec4 0, 0, 32;
    %cmp/s;
    %jmp/1xz T_5.7, 5;
    %jmp/1 T_5.7, 4;
    %pushi/vec4 1, 0, 32;
    %sub;
    %pushi/vec4 0, 0, 4;
    %store/vec4 v0x5574d9a75410_0, 0, 4;
    %pushi/vec4 16, 0, 32;
T_5.8 %dup/vec4;
    %pushi/vec4 0, 0, 32;
    %cmp/s;
    %jmp/1xz T_5.9, 5;
    %jmp/1 T_5.9, 4;
    %pushi/vec4 1, 0, 32;
    %sub;
    %delay 1, 0;
    %fork TD_alu_tb.check, S_0x5574d9a486b0;
    %join;
    %delay 999, 0;
    %load/vec4 v0x5574d9a75410_0;
    %addi 1, 0, 4;
    %store/vec4 v0x5574d9a75410_0, 0, 4;
    %jmp T_5.8;
T_5.9 ;
    %pop/vec4 1;
    %load/vec4 v0x5574d9a75350_0;
    %addi 1, 0, 4;
    %store/vec4 v0x5574d9a75350_0, 0, 4;
    %jmp T_5.6;
T_5.7 ;
    %pop/vec4 1;
    %load/vec4 v0x5574d9a75740_0;
    %pad/u 2;
    %addi 1, 0, 2;
    %pad/u 1;
    %store/vec4 v0x5574d9a75740_0, 0, 1;
    %jmp T_5.4;
T_5.5 ;
    %pop/vec4 1;
    %load/vec4 v0x5574d9a75520_0;
    %addi 1, 0, 2;
    %store/vec4 v0x5574d9a75520_0, 0, 2;
    %jmp T_5.2;
T_5.3 ;
    %pop/vec4 1;
    %load/vec4 v0x5574d9a757e0_0;
    %pad/u 2;
    %addi 1, 0, 2;
    %pad/u 1;
    %store/vec4 v0x5574d9a757e0_0, 0, 1;
    %jmp T_5.0;
T_5.1 ;
    %pop/vec4 1;
    %vpi_call 2 51 "$display", "Encontradas %d operaciones erroneas", v0x5574d9a75270_0 {0 0 0};
    %vpi_call 2 53 "$finish" {0 0 0};
    %end;
    .thread T_5;
# The file index is used to find the file name in the following table.
:file_names 11;
    "N/A";
    "<interactive>";
    "alu_tb.v";
    "alu.v";
    "mux2_4.v";
    "compl1.v";
    "sum4.v";
    "fa.v";
    "ul4.v";
    "cl.v";
    "mux4_1.v";
