#! /usr/bin/vvp
:ivl_version "10.3 (stable)";
:ivl_delay_selection "TYPICAL";
:vpi_time_precision - 11;
:vpi_module "system";
:vpi_module "vhdl_sys";
:vpi_module "v2005_math";
:vpi_module "va_math";
S_0x5637867af0f0 .scope module, "cl_tb" "cl_tb" 2 3;
 .timescale -9 -11;
v0x5637867fc540_0 .var "A", 0 0;
v0x5637867fc600_0 .var "B", 0 0;
v0x5637867fc6c0_0 .net "Out", 0 0, v0x5637867fbd40_0;  1 drivers
v0x5637867fc7e0_0 .var "s", 1 0;
S_0x5637867af270 .scope module, "cl1" "cl" 2 9, 3 1 0, S_0x5637867af0f0;
 .timescale -9 -11;
    .port_info 0 /OUTPUT 1 "out"
    .port_info 1 /INPUT 1 "a"
    .port_info 2 /INPUT 1 "b"
    .port_info 3 /INPUT 2 "S"
RS_0x7f2e04bf4258 .resolv tri, L_0x5637867fcc90, v0x5637867fc540_0;
L_0x5637867fc8d0 .functor OR 1, RS_0x7f2e04bf4258, v0x5637867fc600_0, C4<0>, C4<0>;
L_0x5637867fc9e0 .functor AND 1, RS_0x7f2e04bf4258, v0x5637867fc600_0, C4<1>, C4<1>;
L_0x5637867fcaf0 .functor XOR 1, RS_0x7f2e04bf4258, v0x5637867fc600_0, C4<0>, C4<0>;
L_0x5637867fcbd0 .functor NOT 1, v0x5637867fc600_0, C4<0>, C4<0>, C4<0>;
L_0x5637867fcc90 .functor NOT 1, v0x5637867fc600_0, C4<0>, C4<0>, C4<0>;
v0x5637867fbec0_0 .net "S", 1 0, v0x5637867fc7e0_0;  1 drivers
v0x5637867fbfa0_0 .net8 "a", 0 0, RS_0x7f2e04bf4258;  2 drivers
v0x5637867fc040_0 .net "b", 0 0, v0x5637867fc600_0;  1 drivers
v0x5637867fc0e0_0 .net "out", 0 0, v0x5637867fbd40_0;  alias, 1 drivers
v0x5637867fc1b0_0 .net "out_and", 0 0, L_0x5637867fc9e0;  1 drivers
v0x5637867fc2a0_0 .net "out_not", 0 0, L_0x5637867fcbd0;  1 drivers
v0x5637867fc370_0 .net "out_or", 0 0, L_0x5637867fc8d0;  1 drivers
v0x5637867fc440_0 .net "out_xor", 0 0, L_0x5637867fcaf0;  1 drivers
S_0x5637867e8200 .scope module, "mux" "mux4_1" 3 10, 4 1 0, S_0x5637867af270;
 .timescale -9 -11;
    .port_info 0 /OUTPUT 1 "out"
    .port_info 1 /INPUT 1 "a"
    .port_info 2 /INPUT 1 "b"
    .port_info 3 /INPUT 1 "c"
    .port_info 4 /INPUT 1 "d"
    .port_info 5 /INPUT 2 "S"
v0x5637867e8470_0 .net "S", 1 0, v0x5637867fc7e0_0;  alias, 1 drivers
v0x5637867fba10_0 .net "a", 0 0, L_0x5637867fc8d0;  alias, 1 drivers
v0x5637867fbad0_0 .net "b", 0 0, L_0x5637867fc9e0;  alias, 1 drivers
v0x5637867fbb70_0 .net "c", 0 0, L_0x5637867fcaf0;  alias, 1 drivers
v0x5637867fbc30_0 .net "d", 0 0, L_0x5637867fcbd0;  alias, 1 drivers
v0x5637867fbd40_0 .var "out", 0 0;
E_0x5637867e6d00/0 .event edge, v0x5637867e8470_0, v0x5637867fbc30_0, v0x5637867fbb70_0, v0x5637867fbad0_0;
E_0x5637867e6d00/1 .event edge, v0x5637867fba10_0;
E_0x5637867e6d00 .event/or E_0x5637867e6d00/0, E_0x5637867e6d00/1;
    .scope S_0x5637867e8200;
T_0 ;
    %wait E_0x5637867e6d00;
    %load/vec4 v0x5637867e8470_0;
    %dup/vec4;
    %pushi/vec4 0, 0, 2;
    %cmp/u;
    %jmp/1 T_0.0, 6;
    %dup/vec4;
    %pushi/vec4 1, 0, 2;
    %cmp/u;
    %jmp/1 T_0.1, 6;
    %dup/vec4;
    %pushi/vec4 2, 0, 2;
    %cmp/u;
    %jmp/1 T_0.2, 6;
    %dup/vec4;
    %pushi/vec4 3, 0, 2;
    %cmp/u;
    %jmp/1 T_0.3, 6;
    %pushi/vec4 1, 1, 1;
    %store/vec4 v0x5637867fbd40_0, 0, 1;
    %jmp T_0.5;
T_0.0 ;
    %load/vec4 v0x5637867fba10_0;
    %store/vec4 v0x5637867fbd40_0, 0, 1;
    %jmp T_0.5;
T_0.1 ;
    %load/vec4 v0x5637867fbad0_0;
    %store/vec4 v0x5637867fbd40_0, 0, 1;
    %jmp T_0.5;
T_0.2 ;
    %load/vec4 v0x5637867fbb70_0;
    %store/vec4 v0x5637867fbd40_0, 0, 1;
    %jmp T_0.5;
T_0.3 ;
    %load/vec4 v0x5637867fbc30_0;
    %store/vec4 v0x5637867fbd40_0, 0, 1;
    %jmp T_0.5;
T_0.5 ;
    %pop/vec4 1;
    %jmp T_0;
    .thread T_0, $push;
    .scope S_0x5637867af0f0;
T_1 ;
    %vpi_call 2 13 "$monitor", "tiempo=%0d B=%b A=%b s=%b Out=%b", $time, v0x5637867fc600_0, v0x5637867fc540_0, v0x5637867fc7e0_0, v0x5637867fc6c0_0 {0 0 0};
    %pushi/vec4 0, 0, 1;
    %store/vec4 v0x5637867fc540_0, 0, 1;
    %pushi/vec4 1, 0, 1;
    %store/vec4 v0x5637867fc600_0, 0, 1;
    %pushi/vec4 0, 0, 2;
    %store/vec4 v0x5637867fc7e0_0, 0, 2;
    %delay 500, 0;
    %pushi/vec4 0, 0, 1;
    %store/vec4 v0x5637867fc540_0, 0, 1;
    %pushi/vec4 1, 0, 1;
    %store/vec4 v0x5637867fc600_0, 0, 1;
    %pushi/vec4 1, 0, 2;
    %store/vec4 v0x5637867fc7e0_0, 0, 2;
    %delay 500, 0;
    %vpi_call 2 29 "$finish" {0 0 0};
    %end;
    .thread T_1;
# The file index is used to find the file name in the following table.
:file_names 5;
    "N/A";
    "<interactive>";
    "cl_tb.v";
    "cl.v";
    "mux4_1.v";
