#! /usr/bin/vvp
:ivl_version "10.3 (stable)";
:ivl_delay_selection "TYPICAL";
:vpi_time_precision - 11;
:vpi_module "system";
:vpi_module "vhdl_sys";
:vpi_module "v2005_math";
:vpi_module "va_math";
S_0x564603089560 .scope module, "alu_tb" "alu_tb" 2 3;
 .timescale -9 -11;
v0x5646030b3a00_0 .var "error", 0 0;
v0x5646030b3ae0_0 .var "error_R", 0 0;
v0x5646030b3ba0_0 .var "error_c", 0 0;
v0x5646030b3c40_0 .var "error_s", 0 0;
v0x5646030b3d00_0 .var "error_z", 0 0;
v0x5646030b3dc0_0 .var/i "errores", 31 0;
v0x5646030b3ea0_0 .var "t_A", 3 0;
v0x5646030b3f60_0 .var "t_B", 3 0;
v0x5646030b4070_0 .var "t_Op", 1 0;
v0x5646030b4130_0 .net "t_R", 3 0, L_0x5646030c9a80;  1 drivers
v0x5646030b41f0_0 .net "t_c", 0 0, v0x5646030a7100_0;  1 drivers
v0x5646030b4290_0 .var "t_cin", 0 0;
v0x5646030b4330_0 .var "t_l", 0 0;
v0x5646030b4420_0 .net "t_s", 0 0, L_0x5646030c7420;  1 drivers
v0x5646030b44c0_0 .net "t_z", 0 0, v0x5646030a71a0_0;  1 drivers
S_0x564603088910 .scope task, "check" "check" 2 59, 2 59 0, S_0x564603089560;
 .timescale -9 -11;
v0x564603076e50_0 .var "expected_R", 4 0;
v0x5646030a54e0_0 .var "expected_c", 0 0;
v0x5646030a55a0_0 .var "expected_s", 0 0;
v0x5646030a5640_0 .var "expected_z", 0 0;
TD_alu_tb.check ;
    %vpi_call 2 64 "$write", "tiempo=%0d A=%b B=%b c_in=%b L=%b OP=%b R=%b, Z=%b, C=%b, S=%b.", $time, v0x5646030b3ea0_0, v0x5646030b3f60_0, v0x5646030b4290_0, v0x5646030b4330_0, v0x5646030b4070_0, v0x5646030b4130_0, v0x5646030b44c0_0, v0x5646030b41f0_0, v0x5646030b4420_0 {0 0 0};
    %load/vec4 v0x5646030b4330_0;
    %flag_set/vec4 8;
    %jmp/0xz  T_0.0, 8;
    %load/vec4 v0x5646030b4070_0;
    %dup/vec4;
    %pushi/vec4 0, 0, 2;
    %cmp/u;
    %jmp/1 T_0.2, 6;
    %dup/vec4;
    %pushi/vec4 1, 0, 2;
    %cmp/u;
    %jmp/1 T_0.3, 6;
    %dup/vec4;
    %pushi/vec4 2, 0, 2;
    %cmp/u;
    %jmp/1 T_0.4, 6;
    %dup/vec4;
    %pushi/vec4 3, 0, 2;
    %cmp/u;
    %jmp/1 T_0.5, 6;
    %vpi_call 2 74 "$display", "ERROR. Valor no esperado para t_Op: %b", v0x5646030b4070_0 {0 0 0};
    %jmp T_0.7;
T_0.2 ;
    %load/vec4 v0x5646030b3ea0_0;
    %load/vec4 v0x5646030b3f60_0;
    %and;
    %ix/load 4, 0, 0;
    %flag_set/imm 4, 0;
    %store/vec4 v0x564603076e50_0, 4, 4;
    %jmp T_0.7;
T_0.3 ;
    %load/vec4 v0x5646030b3ea0_0;
    %load/vec4 v0x5646030b3f60_0;
    %or;
    %ix/load 4, 0, 0;
    %flag_set/imm 4, 0;
    %store/vec4 v0x564603076e50_0, 4, 4;
    %jmp T_0.7;
T_0.4 ;
    %load/vec4 v0x5646030b3ea0_0;
    %load/vec4 v0x5646030b3f60_0;
    %xor;
    %ix/load 4, 0, 0;
    %flag_set/imm 4, 0;
    %store/vec4 v0x564603076e50_0, 4, 4;
    %jmp T_0.7;
T_0.5 ;
    %load/vec4 v0x5646030b3ea0_0;
    %inv;
    %ix/load 4, 0, 0;
    %flag_set/imm 4, 0;
    %store/vec4 v0x564603076e50_0, 4, 4;
    %jmp T_0.7;
T_0.7 ;
    %pop/vec4 1;
    %pushi/vec4 0, 0, 1;
    %store/vec4 v0x5646030a54e0_0, 0, 1;
    %load/vec4 v0x564603076e50_0;
    %parti/s 1, 3, 3;
    %store/vec4 v0x5646030a55a0_0, 0, 1;
    %pushi/vec4 0, 0, 1;
    %store/vec4 v0x5646030b3c40_0, 0, 1;
    %pushi/vec4 0, 0, 1;
    %store/vec4 v0x5646030b3ba0_0, 0, 1;
    %jmp T_0.1;
T_0.0 ;
    %load/vec4 v0x5646030b4070_0;
    %dup/vec4;
    %pushi/vec4 0, 0, 2;
    %cmp/u;
    %jmp/1 T_0.8, 6;
    %dup/vec4;
    %pushi/vec4 1, 0, 2;
    %cmp/u;
    %jmp/1 T_0.9, 6;
    %dup/vec4;
    %pushi/vec4 2, 0, 2;
    %cmp/u;
    %jmp/1 T_0.10, 6;
    %dup/vec4;
    %pushi/vec4 3, 0, 2;
    %cmp/u;
    %jmp/1 T_0.11, 6;
    %vpi_call 2 90 "$display", "ERROR. Valor no esperado para t_Op: %b", v0x5646030b4070_0 {0 0 0};
    %jmp T_0.13;
T_0.8 ;
    %load/vec4 v0x5646030b3ea0_0;
    %pad/u 5;
    %load/vec4 v0x5646030b4290_0;
    %pad/u 5;
    %add;
    %store/vec4 v0x564603076e50_0, 0, 5;
    %jmp T_0.13;
T_0.9 ;
    %load/vec4 v0x5646030b3ea0_0;
    %pad/u 5;
    %pushi/vec4 15, 0, 5;
    %xor;
    %addi 1, 0, 5;
    %load/vec4 v0x5646030b4290_0;
    %pad/u 5;
    %add;
    %store/vec4 v0x564603076e50_0, 0, 5;
    %jmp T_0.13;
T_0.10 ;
    %load/vec4 v0x5646030b3ea0_0;
    %pad/u 5;
    %load/vec4 v0x5646030b3f60_0;
    %pad/u 5;
    %add;
    %load/vec4 v0x5646030b4290_0;
    %pad/u 5;
    %add;
    %store/vec4 v0x564603076e50_0, 0, 5;
    %jmp T_0.13;
T_0.11 ;
    %load/vec4 v0x5646030b3f60_0;
    %pad/u 5;
    %inv;
    %load/vec4 v0x5646030b4290_0;
    %pad/u 5;
    %add;
    %store/vec4 v0x564603076e50_0, 0, 5;
    %jmp T_0.13;
T_0.13 ;
    %pop/vec4 1;
    %load/vec4 v0x564603076e50_0;
    %parti/s 1, 4, 4;
    %store/vec4 v0x5646030a54e0_0, 0, 1;
    %load/vec4 v0x564603076e50_0;
    %parti/s 1, 3, 3;
    %store/vec4 v0x5646030a55a0_0, 0, 1;
    %load/vec4 v0x5646030a55a0_0;
    %load/vec4 v0x5646030b4420_0;
    %cmp/e;
    %flag_get/vec4 6;
    %inv;
    %store/vec4 v0x5646030b3c40_0, 0, 1;
    %load/vec4 v0x5646030b4070_0;
    %cmpi/e 3, 0, 2;
    %jmp/0xz  T_0.14, 4;
    %pushi/vec4 0, 0, 1;
    %store/vec4 v0x5646030b3ba0_0, 0, 1;
    %jmp T_0.15;
T_0.14 ;
    %load/vec4 v0x5646030a54e0_0;
    %load/vec4 v0x5646030b41f0_0;
    %cmp/e;
    %flag_get/vec4 6;
    %inv;
    %store/vec4 v0x5646030b3ba0_0, 0, 1;
T_0.15 ;
T_0.1 ;
    %load/vec4 v0x564603076e50_0;
    %parti/s 4, 0, 2;
    %nor/r;
    %store/vec4 v0x5646030a5640_0, 0, 1;
    %load/vec4 v0x564603076e50_0;
    %parti/s 4, 0, 2;
    %load/vec4 v0x5646030b4130_0;
    %cmp/e;
    %flag_get/vec4 6;
    %inv;
    %store/vec4 v0x5646030b3ae0_0, 0, 1;
    %load/vec4 v0x5646030a5640_0;
    %load/vec4 v0x5646030b44c0_0;
    %cmp/e;
    %flag_get/vec4 6;
    %inv;
    %store/vec4 v0x5646030b3d00_0, 0, 1;
    %load/vec4 v0x5646030b3ae0_0;
    %load/vec4 v0x5646030b3d00_0;
    %or;
    %load/vec4 v0x5646030b3c40_0;
    %or;
    %load/vec4 v0x5646030b3ba0_0;
    %or;
    %store/vec4 v0x5646030b3a00_0, 0, 1;
    %load/vec4 v0x5646030b3a00_0;
    %flag_set/vec4 8;
    %jmp/0xz  T_0.16, 8;
    %load/vec4 v0x5646030b3dc0_0;
    %addi 1, 0, 32;
    %store/vec4 v0x5646030b3dc0_0, 0, 32;
    %vpi_call 2 110 "$display", " ---- ERROR" {0 0 0};
    %load/vec4 v0x5646030b3ae0_0;
    %flag_set/vec4 8;
    %jmp/0xz  T_0.18, 8;
    %vpi_call 2 112 "$display", "\011Resultado esperado %b, obtenido %b", &PV<v0x564603076e50_0, 0, 4>, v0x5646030b4130_0 {0 0 0};
T_0.18 ;
    %load/vec4 v0x5646030b3d00_0;
    %flag_set/vec4 8;
    %jmp/0xz  T_0.20, 8;
    %vpi_call 2 114 "$display", "\011Flag de cero esperado %b, obtenido %b", v0x5646030a5640_0, v0x5646030b44c0_0 {0 0 0};
T_0.20 ;
    %load/vec4 v0x5646030b3c40_0;
    %flag_set/vec4 8;
    %jmp/0xz  T_0.22, 8;
    %vpi_call 2 116 "$display", "\011Flag de signo esperado %b, obtenido %b", v0x5646030a55a0_0, v0x5646030b4420_0 {0 0 0};
T_0.22 ;
    %load/vec4 v0x5646030b3ba0_0;
    %flag_set/vec4 8;
    %jmp/0xz  T_0.24, 8;
    %vpi_call 2 118 "$display", "\011Flag de acarreo esperado %b, obtenido %b", v0x5646030a54e0_0, v0x5646030b41f0_0 {0 0 0};
T_0.24 ;
    %jmp T_0.17;
T_0.16 ;
    %vpi_call 2 121 "$display", " ---- OK" {0 0 0};
T_0.17 ;
    %end;
S_0x5646030a5700 .scope module, "mat" "alu" 2 17, 3 1 0, S_0x564603089560;
 .timescale -9 -11;
    .port_info 0 /OUTPUT 4 "R"
    .port_info 1 /OUTPUT 1 "zero"
    .port_info 2 /OUTPUT 1 "sign"
    .port_info 3 /OUTPUT 1 "c_out"
    .port_info 4 /INPUT 4 "A"
    .port_info 5 /INPUT 4 "B"
    .port_info 6 /INPUT 1 "c_in"
    .port_info 7 /INPUT 2 "ALUOP"
    .port_info 8 /INPUT 1 "l"
L_0x5646030c9d70 .functor NOT 1, L_0x5646030c9cd0, C4<0>, C4<0>, C4<0>;
L_0x5646030c9e80 .functor AND 1, L_0x5646030c9d70, L_0x5646030c9de0, C4<1>, C4<1>;
L_0x5646030ca080 .functor NOT 1, L_0x5646030c9fe0, C4<0>, C4<0>, C4<0>;
L_0x5646030ca140 .functor AND 1, L_0x5646030c9f40, L_0x5646030ca080, C4<1>, C4<1>;
L_0x5646030ca250 .functor OR 1, v0x5646030b4330_0, L_0x5646030ca140, C4<0>, C4<0>;
L_0x5646030ca3f0 .functor OR 1, L_0x5646030ca350, v0x5646030b4330_0, C4<0>, C4<0>;
L_0x5646030ca7e0 .functor NOT 1, L_0x5646030ca4f0, C4<0>, C4<0>, C4<0>;
L_0x5646030ca8a0 .functor AND 1, v0x5646030b4330_0, L_0x5646030ca7e0, C4<1>, C4<1>;
v0x5646030b2100_0 .net "A", 3 0, v0x5646030b3ea0_0;  1 drivers
v0x5646030b2230_0 .net "ALUOP", 1 0, v0x5646030b4070_0;  1 drivers
v0x5646030b22f0_0 .net "B", 3 0, v0x5646030b3f60_0;  1 drivers
v0x5646030b2390_0 .net "R", 3 0, L_0x5646030c9a80;  alias, 1 drivers
v0x5646030b2480_0 .net *"_s13", 0 0, L_0x5646030c9f40;  1 drivers
v0x5646030b25b0_0 .net *"_s15", 0 0, L_0x5646030c9fe0;  1 drivers
v0x5646030b2690_0 .net *"_s16", 0 0, L_0x5646030ca080;  1 drivers
v0x5646030b2770_0 .net *"_s18", 0 0, L_0x5646030ca140;  1 drivers
v0x5646030b2850_0 .net *"_s23", 0 0, L_0x5646030ca350;  1 drivers
v0x5646030b2930_0 .net *"_s27", 0 0, L_0x5646030ca4f0;  1 drivers
v0x5646030b2a10_0 .net *"_s28", 0 0, L_0x5646030ca7e0;  1 drivers
v0x5646030b2af0_0 .net *"_s5", 0 0, L_0x5646030c9cd0;  1 drivers
v0x5646030b2bd0_0 .net *"_s6", 0 0, L_0x5646030c9d70;  1 drivers
v0x5646030b2cb0_0 .net *"_s9", 0 0, L_0x5646030c9de0;  1 drivers
v0x5646030b2d90_0 .net "add1", 0 0, L_0x5646030c9e80;  1 drivers
v0x5646030b2e30_0 .net "c_in", 0 0, v0x5646030b4290_0;  1 drivers
v0x5646030b2ed0_0 .net "c_out", 0 0, L_0x5646030c7420;  alias, 1 drivers
v0x5646030b2fc0_0 .net "cpl", 0 0, L_0x5646030ca8a0;  1 drivers
v0x5646030b3060_0 .net "l", 0 0, v0x5646030b4330_0;  1 drivers
v0x5646030b3100_0 .net "op1_A", 0 0, L_0x5646030ca250;  1 drivers
v0x5646030b31a0_0 .net "op2_B", 0 0, L_0x5646030ca3f0;  1 drivers
v0x5646030b3270_0 .net "out_OP1", 3 0, L_0x5646030c5560;  1 drivers
v0x5646030b3310_0 .net "out_OP2", 3 0, L_0x5646030c4d10;  1 drivers
v0x5646030b33b0_0 .net "out_add1", 3 0, L_0x5646030c5110;  1 drivers
v0x5646030b34a0_0 .net "out_mux2_4_1", 3 0, L_0x5646030c4860;  1 drivers
v0x5646030b3590_0 .net "out_suma", 3 0, L_0x5646030c7bc0;  1 drivers
v0x5646030b3680_0 .net "out_ul4", 3 0, L_0x5646030c94f0;  1 drivers
v0x5646030b3790_0 .net "sign", 0 0, v0x5646030a7100_0;  alias, 1 drivers
v0x5646030b3830_0 .net "zero", 0 0, v0x5646030a71a0_0;  alias, 1 drivers
L_0x5646030c9cd0 .part v0x5646030b4070_0, 1, 1;
L_0x5646030c9de0 .part v0x5646030b4070_0, 0, 1;
L_0x5646030c9f40 .part v0x5646030b4070_0, 1, 1;
L_0x5646030c9fe0 .part v0x5646030b4070_0, 0, 1;
L_0x5646030ca350 .part v0x5646030b4070_0, 1, 1;
L_0x5646030ca4f0 .part v0x5646030b4070_0, 0, 1;
S_0x5646030a5a20 .scope module, "Final" "mux2_4" 3 14, 4 1 0, S_0x5646030a5700;
 .timescale -9 -11;
    .port_info 0 /OUTPUT 4 "Out"
    .port_info 1 /INPUT 4 "A"
    .port_info 2 /INPUT 4 "B"
    .port_info 3 /INPUT 1 "s"
v0x5646030a5c60_0 .net "A", 3 0, L_0x5646030c7bc0;  alias, 1 drivers
v0x5646030a5d60_0 .net "B", 3 0, L_0x5646030c94f0;  alias, 1 drivers
v0x5646030a5e40_0 .net "Out", 3 0, L_0x5646030c9a80;  alias, 1 drivers
v0x5646030a5f00_0 .net *"_s0", 31 0, L_0x5646030c98a0;  1 drivers
L_0x7f2556075648 .functor BUFT 1, C4<0000000000000000000000000000000>, C4<0>, C4<0>, C4<0>;
v0x5646030a5fe0_0 .net *"_s3", 30 0, L_0x7f2556075648;  1 drivers
L_0x7f2556075690 .functor BUFT 1, C4<00000000000000000000000000000000>, C4<0>, C4<0>, C4<0>;
v0x5646030a6110_0 .net/2u *"_s4", 31 0, L_0x7f2556075690;  1 drivers
v0x5646030a61f0_0 .net *"_s6", 0 0, L_0x5646030c9940;  1 drivers
v0x5646030a62b0_0 .net "s", 0 0, v0x5646030b4330_0;  alias, 1 drivers
L_0x5646030c98a0 .concat [ 1 31 0 0], v0x5646030b4330_0, L_0x7f2556075648;
L_0x5646030c9940 .cmp/eq 32, L_0x5646030c98a0, L_0x7f2556075690;
L_0x5646030c9a80 .functor MUXZ 4, L_0x5646030c94f0, L_0x5646030c7bc0, L_0x5646030c9940, C4<>;
S_0x5646030a63f0 .scope module, "add_1" "mux2_4" 3 8, 4 1 0, S_0x5646030a5700;
 .timescale -9 -11;
    .port_info 0 /OUTPUT 4 "Out"
    .port_info 1 /INPUT 4 "A"
    .port_info 2 /INPUT 4 "B"
    .port_info 3 /INPUT 1 "s"
L_0x7f25560751c8 .functor BUFT 1, C4<0000>, C4<0>, C4<0>, C4<0>;
v0x5646030a6650_0 .net "A", 3 0, L_0x7f25560751c8;  1 drivers
L_0x7f2556075210 .functor BUFT 1, C4<0001>, C4<0>, C4<0>, C4<0>;
v0x5646030a6730_0 .net "B", 3 0, L_0x7f2556075210;  1 drivers
v0x5646030a6810_0 .net "Out", 3 0, L_0x5646030c5110;  alias, 1 drivers
v0x5646030a68d0_0 .net *"_s0", 31 0, L_0x5646030c4e40;  1 drivers
L_0x7f2556075138 .functor BUFT 1, C4<0000000000000000000000000000000>, C4<0>, C4<0>, C4<0>;
v0x5646030a69b0_0 .net *"_s3", 30 0, L_0x7f2556075138;  1 drivers
L_0x7f2556075180 .functor BUFT 1, C4<00000000000000000000000000000000>, C4<0>, C4<0>, C4<0>;
v0x5646030a6ae0_0 .net/2u *"_s4", 31 0, L_0x7f2556075180;  1 drivers
v0x5646030a6bc0_0 .net *"_s6", 0 0, L_0x5646030c4fd0;  1 drivers
v0x5646030a6c80_0 .net "s", 0 0, L_0x5646030c9e80;  alias, 1 drivers
L_0x5646030c4e40 .concat [ 1 31 0 0], L_0x5646030c9e80, L_0x7f2556075138;
L_0x5646030c4fd0 .cmp/eq 32, L_0x5646030c4e40, L_0x7f2556075180;
L_0x5646030c5110 .functor MUXZ 4, L_0x7f2556075210, L_0x7f25560751c8, L_0x5646030c4fd0, C4<>;
S_0x5646030a6dc0 .scope module, "as1" "zs" 3 19, 5 1 0, S_0x5646030a5700;
 .timescale -9 -11;
    .port_info 0 /OUTPUT 1 "zero"
    .port_info 1 /OUTPUT 1 "sign"
    .port_info 2 /INPUT 4 "R"
v0x5646030a7020_0 .net "R", 3 0, L_0x5646030c9a80;  alias, 1 drivers
v0x5646030a7100_0 .var "sign", 0 0;
v0x5646030a71a0_0 .var "zero", 0 0;
E_0x56460304e590 .event edge, v0x5646030a5e40_0;
S_0x5646030a72f0 .scope module, "complemento_1" "compl1" 3 7, 6 1 0, S_0x5646030a5700;
 .timescale -9 -11;
    .port_info 0 /OUTPUT 4 "Out"
    .port_info 1 /INPUT 4 "Inp"
    .port_info 2 /INPUT 1 "cpl"
L_0x5646030c4c10 .functor NOT 4, L_0x5646030c4860, C4<0000>, C4<0000>, C4<0000>;
v0x5646030a7510_0 .net "Inp", 3 0, L_0x5646030c4860;  alias, 1 drivers
v0x5646030a7610_0 .net "Out", 3 0, L_0x5646030c4d10;  alias, 1 drivers
v0x5646030a76f0_0 .net *"_s0", 31 0, L_0x5646030c49e0;  1 drivers
L_0x7f25560750a8 .functor BUFT 1, C4<0000000000000000000000000000000>, C4<0>, C4<0>, C4<0>;
v0x5646030a77e0_0 .net *"_s3", 30 0, L_0x7f25560750a8;  1 drivers
L_0x7f25560750f0 .functor BUFT 1, C4<00000000000000000000000000000001>, C4<0>, C4<0>, C4<0>;
v0x5646030a78c0_0 .net/2u *"_s4", 31 0, L_0x7f25560750f0;  1 drivers
v0x5646030a79f0_0 .net *"_s6", 0 0, L_0x5646030c4ad0;  1 drivers
v0x5646030a7ab0_0 .net *"_s8", 3 0, L_0x5646030c4c10;  1 drivers
v0x5646030a7b90_0 .net "cpl", 0 0, L_0x5646030ca8a0;  alias, 1 drivers
L_0x5646030c49e0 .concat [ 1 31 0 0], L_0x5646030ca8a0, L_0x7f25560750a8;
L_0x5646030c4ad0 .cmp/eq 32, L_0x5646030c49e0, L_0x7f25560750f0;
L_0x5646030c4d10 .functor MUXZ 4, L_0x5646030c4860, L_0x5646030c4c10, L_0x5646030c4ad0, C4<>;
S_0x5646030a7cd0 .scope module, "mux_1" "mux2_4" 3 6, 4 1 0, S_0x5646030a5700;
 .timescale -9 -11;
    .port_info 0 /OUTPUT 4 "Out"
    .port_info 1 /INPUT 4 "A"
    .port_info 2 /INPUT 4 "B"
    .port_info 3 /INPUT 1 "s"
v0x5646030a7f60_0 .net "A", 3 0, v0x5646030b3ea0_0;  alias, 1 drivers
v0x5646030a8040_0 .net "B", 3 0, v0x5646030b3f60_0;  alias, 1 drivers
v0x5646030a8120_0 .net "Out", 3 0, L_0x5646030c4860;  alias, 1 drivers
v0x5646030a81f0_0 .net *"_s0", 31 0, L_0x5646030b45b0;  1 drivers
L_0x7f2556075018 .functor BUFT 1, C4<0000000000000000000000000000000>, C4<0>, C4<0>, C4<0>;
v0x5646030a82b0_0 .net *"_s3", 30 0, L_0x7f2556075018;  1 drivers
L_0x7f2556075060 .functor BUFT 1, C4<00000000000000000000000000000000>, C4<0>, C4<0>, C4<0>;
v0x5646030a83e0_0 .net/2u *"_s4", 31 0, L_0x7f2556075060;  1 drivers
v0x5646030a84c0_0 .net *"_s6", 0 0, L_0x5646030c4720;  1 drivers
v0x5646030a8580_0 .net "s", 0 0, L_0x5646030ca3f0;  alias, 1 drivers
L_0x5646030b45b0 .concat [ 1 31 0 0], L_0x5646030ca3f0, L_0x7f2556075018;
L_0x5646030c4720 .cmp/eq 32, L_0x5646030b45b0, L_0x7f2556075060;
L_0x5646030c4860 .functor MUXZ 4, v0x5646030b3f60_0, v0x5646030b3ea0_0, L_0x5646030c4720, C4<>;
S_0x5646030a86c0 .scope module, "mux_2" "mux2_4" 3 9, 4 1 0, S_0x5646030a5700;
 .timescale -9 -11;
    .port_info 0 /OUTPUT 4 "Out"
    .port_info 1 /INPUT 4 "A"
    .port_info 2 /INPUT 4 "B"
    .port_info 3 /INPUT 1 "s"
v0x5646030a8900_0 .net "A", 3 0, L_0x5646030c5110;  alias, 1 drivers
v0x5646030a8a10_0 .net "B", 3 0, v0x5646030b3ea0_0;  alias, 1 drivers
v0x5646030a8ae0_0 .net "Out", 3 0, L_0x5646030c5560;  alias, 1 drivers
v0x5646030a8bb0_0 .net *"_s0", 31 0, L_0x5646030c52a0;  1 drivers
L_0x7f2556075258 .functor BUFT 1, C4<0000000000000000000000000000000>, C4<0>, C4<0>, C4<0>;
v0x5646030a8c90_0 .net *"_s3", 30 0, L_0x7f2556075258;  1 drivers
L_0x7f25560752a0 .functor BUFT 1, C4<00000000000000000000000000000000>, C4<0>, C4<0>, C4<0>;
v0x5646030a8dc0_0 .net/2u *"_s4", 31 0, L_0x7f25560752a0;  1 drivers
v0x5646030a8ea0_0 .net *"_s6", 0 0, L_0x5646030c5470;  1 drivers
v0x5646030a8f60_0 .net "s", 0 0, L_0x5646030ca250;  alias, 1 drivers
L_0x5646030c52a0 .concat [ 1 31 0 0], L_0x5646030ca250, L_0x7f2556075258;
L_0x5646030c5470 .cmp/eq 32, L_0x5646030c52a0, L_0x7f25560752a0;
L_0x5646030c5560 .functor MUXZ 4, v0x5646030b3ea0_0, L_0x5646030c5110, L_0x5646030c5470, C4<>;
S_0x5646030a90a0 .scope module, "suma_12" "sum4" 3 11, 7 1 0, S_0x5646030a5700;
 .timescale -9 -11;
    .port_info 0 /OUTPUT 4 "S"
    .port_info 1 /OUTPUT 1 "c_out"
    .port_info 2 /INPUT 4 "A"
    .port_info 3 /INPUT 4 "B"
    .port_info 4 /INPUT 1 "c_in"
v0x5646030acca0_0 .net "A", 3 0, L_0x5646030c5560;  alias, 1 drivers
v0x5646030acd80_0 .net "B", 3 0, L_0x5646030c4d10;  alias, 1 drivers
v0x5646030ace50_0 .net "S", 3 0, L_0x5646030c7bc0;  alias, 1 drivers
v0x5646030acf50_0 .net "c_in", 0 0, v0x5646030b4290_0;  alias, 1 drivers
v0x5646030ad020_0 .net "c_out", 0 0, L_0x5646030c7420;  alias, 1 drivers
v0x5646030ad0c0_0 .net "out_carry1", 0 0, L_0x5646030c5720;  1 drivers
v0x5646030ad1b0_0 .net "out_carry2", 0 0, L_0x5646030c6080;  1 drivers
v0x5646030ad2a0_0 .net "out_carry3", 0 0, L_0x5646030c69f0;  1 drivers
L_0x5646030c5ea0 .part L_0x5646030c5560, 0, 1;
L_0x5646030c5f90 .part L_0x5646030c4d10, 0, 1;
L_0x5646030c67e0 .part L_0x5646030c5560, 1, 1;
L_0x5646030c68d0 .part L_0x5646030c4d10, 1, 1;
L_0x5646030c7200 .part L_0x5646030c5560, 2, 1;
L_0x5646030c72f0 .part L_0x5646030c4d10, 2, 1;
L_0x5646030c7bc0 .concat8 [ 1 1 1 1], L_0x5646030c57c0, L_0x5646030c6120, L_0x5646030c6a90, L_0x5646030c7550;
L_0x5646030c7da0 .part L_0x5646030c5560, 3, 1;
L_0x5646030c7ff0 .part L_0x5646030c4d10, 3, 1;
S_0x5646030a92f0 .scope module, "fa_1" "fa" 7 5, 8 1 0, S_0x5646030a90a0;
 .timescale -9 -11;
    .port_info 0 /OUTPUT 1 "c_out"
    .port_info 1 /OUTPUT 1 "sum"
    .port_info 2 /INPUT 1 "a"
    .port_info 3 /INPUT 1 "b"
    .port_info 4 /INPUT 1 "c_in"
L_0x7f2556075330 .functor BUFT 1, C4<0>, C4<0>, C4<0>, C4<0>;
v0x5646030a9590_0 .net *"_s10", 0 0, L_0x7f2556075330;  1 drivers
v0x5646030a9690_0 .net *"_s11", 1 0, L_0x5646030c5a40;  1 drivers
v0x5646030a9770_0 .net *"_s13", 1 0, L_0x5646030c5bf0;  1 drivers
L_0x7f2556075378 .functor BUFT 1, C4<0>, C4<0>, C4<0>, C4<0>;
v0x5646030a9860_0 .net *"_s16", 0 0, L_0x7f2556075378;  1 drivers
v0x5646030a9940_0 .net *"_s17", 1 0, L_0x5646030c5d60;  1 drivers
v0x5646030a9a70_0 .net *"_s3", 1 0, L_0x5646030c5860;  1 drivers
L_0x7f25560752e8 .functor BUFT 1, C4<0>, C4<0>, C4<0>, C4<0>;
v0x5646030a9b50_0 .net *"_s6", 0 0, L_0x7f25560752e8;  1 drivers
v0x5646030a9c30_0 .net *"_s7", 1 0, L_0x5646030c5950;  1 drivers
v0x5646030a9d10_0 .net "a", 0 0, L_0x5646030c5ea0;  1 drivers
v0x5646030a9dd0_0 .net "b", 0 0, L_0x5646030c5f90;  1 drivers
v0x5646030a9e90_0 .net "c_in", 0 0, v0x5646030b4290_0;  alias, 1 drivers
v0x5646030a9f50_0 .net "c_out", 0 0, L_0x5646030c5720;  alias, 1 drivers
v0x5646030aa010_0 .net "sum", 0 0, L_0x5646030c57c0;  1 drivers
L_0x5646030c5720 .part L_0x5646030c5d60, 1, 1;
L_0x5646030c57c0 .part L_0x5646030c5d60, 0, 1;
L_0x5646030c5860 .concat [ 1 1 0 0], L_0x5646030c5ea0, L_0x7f25560752e8;
L_0x5646030c5950 .concat [ 1 1 0 0], L_0x5646030c5f90, L_0x7f2556075330;
L_0x5646030c5a40 .arith/sum 2, L_0x5646030c5860, L_0x5646030c5950;
L_0x5646030c5bf0 .concat [ 1 1 0 0], v0x5646030b4290_0, L_0x7f2556075378;
L_0x5646030c5d60 .arith/sum 2, L_0x5646030c5a40, L_0x5646030c5bf0;
S_0x5646030aa170 .scope module, "fa_2" "fa" 7 6, 8 1 0, S_0x5646030a90a0;
 .timescale -9 -11;
    .port_info 0 /OUTPUT 1 "c_out"
    .port_info 1 /OUTPUT 1 "sum"
    .port_info 2 /INPUT 1 "a"
    .port_info 3 /INPUT 1 "b"
    .port_info 4 /INPUT 1 "c_in"
L_0x7f2556075408 .functor BUFT 1, C4<0>, C4<0>, C4<0>, C4<0>;
v0x5646030aa390_0 .net *"_s10", 0 0, L_0x7f2556075408;  1 drivers
v0x5646030aa470_0 .net *"_s11", 1 0, L_0x5646030c63f0;  1 drivers
v0x5646030aa550_0 .net *"_s13", 1 0, L_0x5646030c6530;  1 drivers
L_0x7f2556075450 .functor BUFT 1, C4<0>, C4<0>, C4<0>, C4<0>;
v0x5646030aa640_0 .net *"_s16", 0 0, L_0x7f2556075450;  1 drivers
v0x5646030aa720_0 .net *"_s17", 1 0, L_0x5646030c66a0;  1 drivers
v0x5646030aa850_0 .net *"_s3", 1 0, L_0x5646030c6210;  1 drivers
L_0x7f25560753c0 .functor BUFT 1, C4<0>, C4<0>, C4<0>, C4<0>;
v0x5646030aa930_0 .net *"_s6", 0 0, L_0x7f25560753c0;  1 drivers
v0x5646030aaa10_0 .net *"_s7", 1 0, L_0x5646030c6300;  1 drivers
v0x5646030aaaf0_0 .net "a", 0 0, L_0x5646030c67e0;  1 drivers
v0x5646030aac40_0 .net "b", 0 0, L_0x5646030c68d0;  1 drivers
v0x5646030aad00_0 .net "c_in", 0 0, L_0x5646030c5720;  alias, 1 drivers
v0x5646030aada0_0 .net "c_out", 0 0, L_0x5646030c6080;  alias, 1 drivers
v0x5646030aae40_0 .net "sum", 0 0, L_0x5646030c6120;  1 drivers
L_0x5646030c6080 .part L_0x5646030c66a0, 1, 1;
L_0x5646030c6120 .part L_0x5646030c66a0, 0, 1;
L_0x5646030c6210 .concat [ 1 1 0 0], L_0x5646030c67e0, L_0x7f25560753c0;
L_0x5646030c6300 .concat [ 1 1 0 0], L_0x5646030c68d0, L_0x7f2556075408;
L_0x5646030c63f0 .arith/sum 2, L_0x5646030c6210, L_0x5646030c6300;
L_0x5646030c6530 .concat [ 1 1 0 0], L_0x5646030c5720, L_0x7f2556075450;
L_0x5646030c66a0 .arith/sum 2, L_0x5646030c63f0, L_0x5646030c6530;
S_0x5646030aafd0 .scope module, "fa_3" "fa" 7 7, 8 1 0, S_0x5646030a90a0;
 .timescale -9 -11;
    .port_info 0 /OUTPUT 1 "c_out"
    .port_info 1 /OUTPUT 1 "sum"
    .port_info 2 /INPUT 1 "a"
    .port_info 3 /INPUT 1 "b"
    .port_info 4 /INPUT 1 "c_in"
L_0x7f25560754e0 .functor BUFT 1, C4<0>, C4<0>, C4<0>, C4<0>;
v0x5646030ab200_0 .net *"_s10", 0 0, L_0x7f25560754e0;  1 drivers
v0x5646030ab2e0_0 .net *"_s11", 1 0, L_0x5646030c6ea0;  1 drivers
v0x5646030ab3c0_0 .net *"_s13", 1 0, L_0x5646030c6fe0;  1 drivers
L_0x7f2556075528 .functor BUFT 1, C4<0>, C4<0>, C4<0>, C4<0>;
v0x5646030ab4b0_0 .net *"_s16", 0 0, L_0x7f2556075528;  1 drivers
v0x5646030ab590_0 .net *"_s17", 1 0, L_0x5646030c70c0;  1 drivers
v0x5646030ab6c0_0 .net *"_s3", 1 0, L_0x5646030c6b80;  1 drivers
L_0x7f2556075498 .functor BUFT 1, C4<0>, C4<0>, C4<0>, C4<0>;
v0x5646030ab7a0_0 .net *"_s6", 0 0, L_0x7f2556075498;  1 drivers
v0x5646030ab880_0 .net *"_s7", 1 0, L_0x5646030c6d80;  1 drivers
v0x5646030ab960_0 .net "a", 0 0, L_0x5646030c7200;  1 drivers
v0x5646030abab0_0 .net "b", 0 0, L_0x5646030c72f0;  1 drivers
v0x5646030abb70_0 .net "c_in", 0 0, L_0x5646030c6080;  alias, 1 drivers
v0x5646030abc10_0 .net "c_out", 0 0, L_0x5646030c69f0;  alias, 1 drivers
v0x5646030abcb0_0 .net "sum", 0 0, L_0x5646030c6a90;  1 drivers
L_0x5646030c69f0 .part L_0x5646030c70c0, 1, 1;
L_0x5646030c6a90 .part L_0x5646030c70c0, 0, 1;
L_0x5646030c6b80 .concat [ 1 1 0 0], L_0x5646030c7200, L_0x7f2556075498;
L_0x5646030c6d80 .concat [ 1 1 0 0], L_0x5646030c72f0, L_0x7f25560754e0;
L_0x5646030c6ea0 .arith/sum 2, L_0x5646030c6b80, L_0x5646030c6d80;
L_0x5646030c6fe0 .concat [ 1 1 0 0], L_0x5646030c6080, L_0x7f2556075528;
L_0x5646030c70c0 .arith/sum 2, L_0x5646030c6ea0, L_0x5646030c6fe0;
S_0x5646030abe40 .scope module, "fa_4" "fa" 7 8, 8 1 0, S_0x5646030a90a0;
 .timescale -9 -11;
    .port_info 0 /OUTPUT 1 "c_out"
    .port_info 1 /OUTPUT 1 "sum"
    .port_info 2 /INPUT 1 "a"
    .port_info 3 /INPUT 1 "b"
    .port_info 4 /INPUT 1 "c_in"
L_0x7f25560755b8 .functor BUFT 1, C4<0>, C4<0>, C4<0>, C4<0>;
v0x5646030ac040_0 .net *"_s10", 0 0, L_0x7f25560755b8;  1 drivers
v0x5646030ac140_0 .net *"_s11", 1 0, L_0x5646030c77d0;  1 drivers
v0x5646030ac220_0 .net *"_s13", 1 0, L_0x5646030c7910;  1 drivers
L_0x7f2556075600 .functor BUFT 1, C4<0>, C4<0>, C4<0>, C4<0>;
v0x5646030ac310_0 .net *"_s16", 0 0, L_0x7f2556075600;  1 drivers
v0x5646030ac3f0_0 .net *"_s17", 1 0, L_0x5646030c7a80;  1 drivers
v0x5646030ac520_0 .net *"_s3", 1 0, L_0x5646030c75f0;  1 drivers
L_0x7f2556075570 .functor BUFT 1, C4<0>, C4<0>, C4<0>, C4<0>;
v0x5646030ac600_0 .net *"_s6", 0 0, L_0x7f2556075570;  1 drivers
v0x5646030ac6e0_0 .net *"_s7", 1 0, L_0x5646030c76e0;  1 drivers
v0x5646030ac7c0_0 .net "a", 0 0, L_0x5646030c7da0;  1 drivers
v0x5646030ac910_0 .net "b", 0 0, L_0x5646030c7ff0;  1 drivers
v0x5646030ac9d0_0 .net "c_in", 0 0, L_0x5646030c69f0;  alias, 1 drivers
v0x5646030aca70_0 .net "c_out", 0 0, L_0x5646030c7420;  alias, 1 drivers
v0x5646030acb10_0 .net "sum", 0 0, L_0x5646030c7550;  1 drivers
L_0x5646030c7420 .part L_0x5646030c7a80, 1, 1;
L_0x5646030c7550 .part L_0x5646030c7a80, 0, 1;
L_0x5646030c75f0 .concat [ 1 1 0 0], L_0x5646030c7da0, L_0x7f2556075570;
L_0x5646030c76e0 .concat [ 1 1 0 0], L_0x5646030c7ff0, L_0x7f25560755b8;
L_0x5646030c77d0 .arith/sum 2, L_0x5646030c75f0, L_0x5646030c76e0;
L_0x5646030c7910 .concat [ 1 1 0 0], L_0x5646030c69f0, L_0x7f2556075600;
L_0x5646030c7a80 .arith/sum 2, L_0x5646030c77d0, L_0x5646030c7910;
S_0x5646030ad3b0 .scope module, "ul4_12" "ul4" 3 12, 9 1 0, S_0x5646030a5700;
 .timescale -9 -11;
    .port_info 0 /OUTPUT 4 "Out"
    .port_info 1 /INPUT 4 "A"
    .port_info 2 /INPUT 4 "B"
    .port_info 3 /INPUT 2 "S"
v0x5646030b1d20_0 .net "A", 3 0, L_0x5646030c5560;  alias, 1 drivers
v0x5646030b1e30_0 .net "B", 3 0, L_0x5646030c4d10;  alias, 1 drivers
v0x5646030b1f40_0 .net "Out", 3 0, L_0x5646030c94f0;  alias, 1 drivers
v0x5646030b1fe0_0 .net "S", 1 0, v0x5646030b4070_0;  alias, 1 drivers
L_0x5646030c8520 .part L_0x5646030c5560, 0, 1;
L_0x5646030c85c0 .part L_0x5646030c4d10, 0, 1;
L_0x5646030c89f0 .part L_0x5646030c5560, 1, 1;
L_0x5646030c8a90 .part L_0x5646030c4d10, 1, 1;
L_0x5646030c8f50 .part L_0x5646030c5560, 2, 1;
L_0x5646030c8ff0 .part L_0x5646030c4d10, 2, 1;
L_0x5646030c94f0 .concat8 [ 1 1 1 1], v0x5646030adf60_0, v0x5646030af0f0_0, v0x5646030b02e0_0, v0x5646030b14c0_0;
L_0x5646030c9680 .part L_0x5646030c5560, 3, 1;
L_0x5646030c9770 .part L_0x5646030c4d10, 3, 1;
S_0x5646030ad5f0 .scope module, "cl1" "cl" 9 4, 10 1 0, S_0x5646030ad3b0;
 .timescale -9 -11;
    .port_info 0 /OUTPUT 1 "out"
    .port_info 1 /INPUT 1 "a"
    .port_info 2 /INPUT 1 "b"
    .port_info 3 /INPUT 2 "S"
L_0x5646030c5ae0 .functor AND 1, L_0x5646030c8520, L_0x5646030c85c0, C4<1>, C4<1>;
L_0x5646030c8240 .functor OR 1, L_0x5646030c8520, L_0x5646030c85c0, C4<0>, C4<0>;
L_0x5646030c83a0 .functor XOR 1, L_0x5646030c8520, L_0x5646030c85c0, C4<0>, C4<0>;
L_0x5646030c8460 .functor NOT 1, L_0x5646030c8520, C4<0>, C4<0>, C4<0>;
v0x5646030ae0e0_0 .net "S", 1 0, v0x5646030b4070_0;  alias, 1 drivers
v0x5646030ae1c0_0 .net "a", 0 0, L_0x5646030c8520;  1 drivers
v0x5646030ae260_0 .net "b", 0 0, L_0x5646030c85c0;  1 drivers
v0x5646030ae330_0 .net "out", 0 0, v0x5646030adf60_0;  1 drivers
v0x5646030ae400_0 .net "out_and", 0 0, L_0x5646030c5ae0;  1 drivers
v0x5646030ae4f0_0 .net "out_not", 0 0, L_0x5646030c8460;  1 drivers
v0x5646030ae5c0_0 .net "out_or", 0 0, L_0x5646030c8240;  1 drivers
v0x5646030ae690_0 .net "out_xor", 0 0, L_0x5646030c83a0;  1 drivers
S_0x5646030ad850 .scope module, "mux" "mux4_1" 10 10, 11 1 0, S_0x5646030ad5f0;
 .timescale -9 -11;
    .port_info 0 /OUTPUT 1 "out"
    .port_info 1 /INPUT 1 "a"
    .port_info 2 /INPUT 1 "b"
    .port_info 3 /INPUT 1 "c"
    .port_info 4 /INPUT 1 "d"
    .port_info 5 /INPUT 2 "S"
v0x5646030adb30_0 .net "S", 1 0, v0x5646030b4070_0;  alias, 1 drivers
v0x5646030adc30_0 .net "a", 0 0, L_0x5646030c5ae0;  alias, 1 drivers
v0x5646030adcf0_0 .net "b", 0 0, L_0x5646030c8240;  alias, 1 drivers
v0x5646030add90_0 .net "c", 0 0, L_0x5646030c83a0;  alias, 1 drivers
v0x5646030ade50_0 .net "d", 0 0, L_0x5646030c8460;  alias, 1 drivers
v0x5646030adf60_0 .var "out", 0 0;
E_0x56460304cd50/0 .event edge, v0x5646030adb30_0, v0x5646030ade50_0, v0x5646030add90_0, v0x5646030adcf0_0;
E_0x56460304cd50/1 .event edge, v0x5646030adc30_0;
E_0x56460304cd50 .event/or E_0x56460304cd50/0, E_0x56460304cd50/1;
S_0x5646030ae790 .scope module, "cl2" "cl" 9 5, 10 1 0, S_0x5646030ad3b0;
 .timescale -9 -11;
    .port_info 0 /OUTPUT 1 "out"
    .port_info 1 /INPUT 1 "a"
    .port_info 2 /INPUT 1 "b"
    .port_info 3 /INPUT 2 "S"
L_0x5646030c8660 .functor AND 1, L_0x5646030c89f0, L_0x5646030c8a90, C4<1>, C4<1>;
L_0x5646030c86d0 .functor OR 1, L_0x5646030c89f0, L_0x5646030c8a90, C4<0>, C4<0>;
L_0x5646030c87e0 .functor XOR 1, L_0x5646030c89f0, L_0x5646030c8a90, C4<0>, C4<0>;
L_0x5646030c88a0 .functor NOT 1, L_0x5646030c89f0, C4<0>, C4<0>, C4<0>;
v0x5646030af270_0 .net "S", 1 0, v0x5646030b4070_0;  alias, 1 drivers
v0x5646030af350_0 .net "a", 0 0, L_0x5646030c89f0;  1 drivers
v0x5646030af410_0 .net "b", 0 0, L_0x5646030c8a90;  1 drivers
v0x5646030af4b0_0 .net "out", 0 0, v0x5646030af0f0_0;  1 drivers
v0x5646030af580_0 .net "out_and", 0 0, L_0x5646030c8660;  1 drivers
v0x5646030af670_0 .net "out_not", 0 0, L_0x5646030c88a0;  1 drivers
v0x5646030af740_0 .net "out_or", 0 0, L_0x5646030c86d0;  1 drivers
v0x5646030af810_0 .net "out_xor", 0 0, L_0x5646030c87e0;  1 drivers
S_0x5646030ae9d0 .scope module, "mux" "mux4_1" 10 10, 11 1 0, S_0x5646030ae790;
 .timescale -9 -11;
    .port_info 0 /OUTPUT 1 "out"
    .port_info 1 /INPUT 1 "a"
    .port_info 2 /INPUT 1 "b"
    .port_info 3 /INPUT 1 "c"
    .port_info 4 /INPUT 1 "d"
    .port_info 5 /INPUT 2 "S"
v0x5646030aec90_0 .net "S", 1 0, v0x5646030b4070_0;  alias, 1 drivers
v0x5646030aedc0_0 .net "a", 0 0, L_0x5646030c8660;  alias, 1 drivers
v0x5646030aee80_0 .net "b", 0 0, L_0x5646030c86d0;  alias, 1 drivers
v0x5646030aef20_0 .net "c", 0 0, L_0x5646030c87e0;  alias, 1 drivers
v0x5646030aefe0_0 .net "d", 0 0, L_0x5646030c88a0;  alias, 1 drivers
v0x5646030af0f0_0 .var "out", 0 0;
E_0x56460308b750/0 .event edge, v0x5646030adb30_0, v0x5646030aefe0_0, v0x5646030aef20_0, v0x5646030aee80_0;
E_0x56460308b750/1 .event edge, v0x5646030aedc0_0;
E_0x56460308b750 .event/or E_0x56460308b750/0, E_0x56460308b750/1;
S_0x5646030af910 .scope module, "cl3" "cl" 9 6, 10 1 0, S_0x5646030ad3b0;
 .timescale -9 -11;
    .port_info 0 /OUTPUT 1 "out"
    .port_info 1 /INPUT 1 "a"
    .port_info 2 /INPUT 1 "b"
    .port_info 3 /INPUT 2 "S"
L_0x5646030c8bc0 .functor AND 1, L_0x5646030c8f50, L_0x5646030c8ff0, C4<1>, C4<1>;
L_0x5646030c8c30 .functor OR 1, L_0x5646030c8f50, L_0x5646030c8ff0, C4<0>, C4<0>;
L_0x5646030c8d40 .functor XOR 1, L_0x5646030c8f50, L_0x5646030c8ff0, C4<0>, C4<0>;
L_0x5646030c8e00 .functor NOT 1, L_0x5646030c8f50, C4<0>, C4<0>, C4<0>;
v0x5646030b04a0_0 .net "S", 1 0, v0x5646030b4070_0;  alias, 1 drivers
v0x5646030b0580_0 .net "a", 0 0, L_0x5646030c8f50;  1 drivers
v0x5646030b0640_0 .net "b", 0 0, L_0x5646030c8ff0;  1 drivers
v0x5646030b06e0_0 .net "out", 0 0, v0x5646030b02e0_0;  1 drivers
v0x5646030b07b0_0 .net "out_and", 0 0, L_0x5646030c8bc0;  1 drivers
v0x5646030b08a0_0 .net "out_not", 0 0, L_0x5646030c8e00;  1 drivers
v0x5646030b0970_0 .net "out_or", 0 0, L_0x5646030c8c30;  1 drivers
v0x5646030b0a40_0 .net "out_xor", 0 0, L_0x5646030c8d40;  1 drivers
S_0x5646030afb80 .scope module, "mux" "mux4_1" 10 10, 11 1 0, S_0x5646030af910;
 .timescale -9 -11;
    .port_info 0 /OUTPUT 1 "out"
    .port_info 1 /INPUT 1 "a"
    .port_info 2 /INPUT 1 "b"
    .port_info 3 /INPUT 1 "c"
    .port_info 4 /INPUT 1 "d"
    .port_info 5 /INPUT 2 "S"
v0x5646030afe60_0 .net "S", 1 0, v0x5646030b4070_0;  alias, 1 drivers
v0x5646030affd0_0 .net "a", 0 0, L_0x5646030c8bc0;  alias, 1 drivers
v0x5646030b0090_0 .net "b", 0 0, L_0x5646030c8c30;  alias, 1 drivers
v0x5646030b0160_0 .net "c", 0 0, L_0x5646030c8d40;  alias, 1 drivers
v0x5646030b0220_0 .net "d", 0 0, L_0x5646030c8e00;  alias, 1 drivers
v0x5646030b02e0_0 .var "out", 0 0;
E_0x5646030afdf0/0 .event edge, v0x5646030adb30_0, v0x5646030b0220_0, v0x5646030b0160_0, v0x5646030b0090_0;
E_0x5646030afdf0/1 .event edge, v0x5646030affd0_0;
E_0x5646030afdf0 .event/or E_0x5646030afdf0/0, E_0x5646030afdf0/1;
S_0x5646030b0b40 .scope module, "cl4" "cl" 9 7, 10 1 0, S_0x5646030ad3b0;
 .timescale -9 -11;
    .port_info 0 /OUTPUT 1 "out"
    .port_info 1 /INPUT 1 "a"
    .port_info 2 /INPUT 1 "b"
    .port_info 3 /INPUT 2 "S"
L_0x5646030c9160 .functor AND 1, L_0x5646030c9680, L_0x5646030c9770, C4<1>, C4<1>;
L_0x5646030c91d0 .functor OR 1, L_0x5646030c9680, L_0x5646030c9770, C4<0>, C4<0>;
L_0x5646030c92e0 .functor XOR 1, L_0x5646030c9680, L_0x5646030c9770, C4<0>, C4<0>;
L_0x5646030c93a0 .functor NOT 1, L_0x5646030c9680, C4<0>, C4<0>, C4<0>;
v0x5646030b1680_0 .net "S", 1 0, v0x5646030b4070_0;  alias, 1 drivers
v0x5646030b1760_0 .net "a", 0 0, L_0x5646030c9680;  1 drivers
v0x5646030b1820_0 .net "b", 0 0, L_0x5646030c9770;  1 drivers
v0x5646030b18c0_0 .net "out", 0 0, v0x5646030b14c0_0;  1 drivers
v0x5646030b1990_0 .net "out_and", 0 0, L_0x5646030c9160;  1 drivers
v0x5646030b1a80_0 .net "out_not", 0 0, L_0x5646030c93a0;  1 drivers
v0x5646030b1b50_0 .net "out_or", 0 0, L_0x5646030c91d0;  1 drivers
v0x5646030b1c20_0 .net "out_xor", 0 0, L_0x5646030c92e0;  1 drivers
S_0x5646030b0d80 .scope module, "mux" "mux4_1" 10 10, 11 1 0, S_0x5646030b0b40;
 .timescale -9 -11;
    .port_info 0 /OUTPUT 1 "out"
    .port_info 1 /INPUT 1 "a"
    .port_info 2 /INPUT 1 "b"
    .port_info 3 /INPUT 1 "c"
    .port_info 4 /INPUT 1 "d"
    .port_info 5 /INPUT 2 "S"
v0x5646030b1080_0 .net "S", 1 0, v0x5646030b4070_0;  alias, 1 drivers
v0x5646030b1160_0 .net "a", 0 0, L_0x5646030c9160;  alias, 1 drivers
v0x5646030b1220_0 .net "b", 0 0, L_0x5646030c91d0;  alias, 1 drivers
v0x5646030b12f0_0 .net "c", 0 0, L_0x5646030c92e0;  alias, 1 drivers
v0x5646030b13b0_0 .net "d", 0 0, L_0x5646030c93a0;  alias, 1 drivers
v0x5646030b14c0_0 .var "out", 0 0;
E_0x5646030b0ff0/0 .event edge, v0x5646030adb30_0, v0x5646030b13b0_0, v0x5646030b12f0_0, v0x5646030b1220_0;
E_0x5646030b0ff0/1 .event edge, v0x5646030b1160_0;
E_0x5646030b0ff0 .event/or E_0x5646030b0ff0/0, E_0x5646030b0ff0/1;
    .scope S_0x5646030ad850;
T_1 ;
    %wait E_0x56460304cd50;
    %load/vec4 v0x5646030adb30_0;
    %dup/vec4;
    %pushi/vec4 0, 0, 2;
    %cmp/u;
    %jmp/1 T_1.0, 6;
    %dup/vec4;
    %pushi/vec4 1, 0, 2;
    %cmp/u;
    %jmp/1 T_1.1, 6;
    %dup/vec4;
    %pushi/vec4 2, 0, 2;
    %cmp/u;
    %jmp/1 T_1.2, 6;
    %dup/vec4;
    %pushi/vec4 3, 0, 2;
    %cmp/u;
    %jmp/1 T_1.3, 6;
    %pushi/vec4 1, 1, 1;
    %store/vec4 v0x5646030adf60_0, 0, 1;
    %jmp T_1.5;
T_1.0 ;
    %load/vec4 v0x5646030adc30_0;
    %store/vec4 v0x5646030adf60_0, 0, 1;
    %jmp T_1.5;
T_1.1 ;
    %load/vec4 v0x5646030adcf0_0;
    %store/vec4 v0x5646030adf60_0, 0, 1;
    %jmp T_1.5;
T_1.2 ;
    %load/vec4 v0x5646030add90_0;
    %store/vec4 v0x5646030adf60_0, 0, 1;
    %jmp T_1.5;
T_1.3 ;
    %load/vec4 v0x5646030ade50_0;
    %store/vec4 v0x5646030adf60_0, 0, 1;
    %jmp T_1.5;
T_1.5 ;
    %pop/vec4 1;
    %jmp T_1;
    .thread T_1, $push;
    .scope S_0x5646030ae9d0;
T_2 ;
    %wait E_0x56460308b750;
    %load/vec4 v0x5646030aec90_0;
    %dup/vec4;
    %pushi/vec4 0, 0, 2;
    %cmp/u;
    %jmp/1 T_2.0, 6;
    %dup/vec4;
    %pushi/vec4 1, 0, 2;
    %cmp/u;
    %jmp/1 T_2.1, 6;
    %dup/vec4;
    %pushi/vec4 2, 0, 2;
    %cmp/u;
    %jmp/1 T_2.2, 6;
    %dup/vec4;
    %pushi/vec4 3, 0, 2;
    %cmp/u;
    %jmp/1 T_2.3, 6;
    %pushi/vec4 1, 1, 1;
    %store/vec4 v0x5646030af0f0_0, 0, 1;
    %jmp T_2.5;
T_2.0 ;
    %load/vec4 v0x5646030aedc0_0;
    %store/vec4 v0x5646030af0f0_0, 0, 1;
    %jmp T_2.5;
T_2.1 ;
    %load/vec4 v0x5646030aee80_0;
    %store/vec4 v0x5646030af0f0_0, 0, 1;
    %jmp T_2.5;
T_2.2 ;
    %load/vec4 v0x5646030aef20_0;
    %store/vec4 v0x5646030af0f0_0, 0, 1;
    %jmp T_2.5;
T_2.3 ;
    %load/vec4 v0x5646030aefe0_0;
    %store/vec4 v0x5646030af0f0_0, 0, 1;
    %jmp T_2.5;
T_2.5 ;
    %pop/vec4 1;
    %jmp T_2;
    .thread T_2, $push;
    .scope S_0x5646030afb80;
T_3 ;
    %wait E_0x5646030afdf0;
    %load/vec4 v0x5646030afe60_0;
    %dup/vec4;
    %pushi/vec4 0, 0, 2;
    %cmp/u;
    %jmp/1 T_3.0, 6;
    %dup/vec4;
    %pushi/vec4 1, 0, 2;
    %cmp/u;
    %jmp/1 T_3.1, 6;
    %dup/vec4;
    %pushi/vec4 2, 0, 2;
    %cmp/u;
    %jmp/1 T_3.2, 6;
    %dup/vec4;
    %pushi/vec4 3, 0, 2;
    %cmp/u;
    %jmp/1 T_3.3, 6;
    %pushi/vec4 1, 1, 1;
    %store/vec4 v0x5646030b02e0_0, 0, 1;
    %jmp T_3.5;
T_3.0 ;
    %load/vec4 v0x5646030affd0_0;
    %store/vec4 v0x5646030b02e0_0, 0, 1;
    %jmp T_3.5;
T_3.1 ;
    %load/vec4 v0x5646030b0090_0;
    %store/vec4 v0x5646030b02e0_0, 0, 1;
    %jmp T_3.5;
T_3.2 ;
    %load/vec4 v0x5646030b0160_0;
    %store/vec4 v0x5646030b02e0_0, 0, 1;
    %jmp T_3.5;
T_3.3 ;
    %load/vec4 v0x5646030b0220_0;
    %store/vec4 v0x5646030b02e0_0, 0, 1;
    %jmp T_3.5;
T_3.5 ;
    %pop/vec4 1;
    %jmp T_3;
    .thread T_3, $push;
    .scope S_0x5646030b0d80;
T_4 ;
    %wait E_0x5646030b0ff0;
    %load/vec4 v0x5646030b1080_0;
    %dup/vec4;
    %pushi/vec4 0, 0, 2;
    %cmp/u;
    %jmp/1 T_4.0, 6;
    %dup/vec4;
    %pushi/vec4 1, 0, 2;
    %cmp/u;
    %jmp/1 T_4.1, 6;
    %dup/vec4;
    %pushi/vec4 2, 0, 2;
    %cmp/u;
    %jmp/1 T_4.2, 6;
    %dup/vec4;
    %pushi/vec4 3, 0, 2;
    %cmp/u;
    %jmp/1 T_4.3, 6;
    %pushi/vec4 1, 1, 1;
    %store/vec4 v0x5646030b14c0_0, 0, 1;
    %jmp T_4.5;
T_4.0 ;
    %load/vec4 v0x5646030b1160_0;
    %store/vec4 v0x5646030b14c0_0, 0, 1;
    %jmp T_4.5;
T_4.1 ;
    %load/vec4 v0x5646030b1220_0;
    %store/vec4 v0x5646030b14c0_0, 0, 1;
    %jmp T_4.5;
T_4.2 ;
    %load/vec4 v0x5646030b12f0_0;
    %store/vec4 v0x5646030b14c0_0, 0, 1;
    %jmp T_4.5;
T_4.3 ;
    %load/vec4 v0x5646030b13b0_0;
    %store/vec4 v0x5646030b14c0_0, 0, 1;
    %jmp T_4.5;
T_4.5 ;
    %pop/vec4 1;
    %jmp T_4;
    .thread T_4, $push;
    .scope S_0x5646030a6dc0;
T_5 ;
    %wait E_0x56460304e590;
    %load/vec4 v0x5646030a7020_0;
    %pad/u 32;
    %cmpi/e 0, 0, 32;
    %jmp/0xz  T_5.0, 4;
    %pushi/vec4 1, 0, 1;
    %store/vec4 v0x5646030a71a0_0, 0, 1;
    %jmp T_5.1;
T_5.0 ;
    %pushi/vec4 0, 0, 1;
    %store/vec4 v0x5646030a71a0_0, 0, 1;
T_5.1 ;
    %load/vec4 v0x5646030a7020_0;
    %parti/s 1, 3, 3;
    %store/vec4 v0x5646030a7100_0, 0, 1;
    %jmp T_5;
    .thread T_5, $push;
    .scope S_0x564603089560;
T_6 ;
    %vpi_call 2 22 "$dumpfile", "alu.vcd" {0 0 0};
    %vpi_call 2 23 "$dumpvars" {0 0 0};
    %pushi/vec4 0, 0, 32;
    %store/vec4 v0x5646030b3dc0_0, 0, 32;
    %pushi/vec4 0, 0, 1;
    %store/vec4 v0x5646030b4330_0, 0, 1;
    %pushi/vec4 2, 0, 32;
T_6.0 %dup/vec4;
    %pushi/vec4 0, 0, 32;
    %cmp/s;
    %jmp/1xz T_6.1, 5;
    %jmp/1 T_6.1, 4;
    %pushi/vec4 1, 0, 32;
    %sub;
    %pushi/vec4 0, 0, 2;
    %store/vec4 v0x5646030b4070_0, 0, 2;
    %pushi/vec4 4, 0, 32;
T_6.2 %dup/vec4;
    %pushi/vec4 0, 0, 32;
    %cmp/s;
    %jmp/1xz T_6.3, 5;
    %jmp/1 T_6.3, 4;
    %pushi/vec4 1, 0, 32;
    %sub;
    %pushi/vec4 0, 0, 1;
    %store/vec4 v0x5646030b4290_0, 0, 1;
    %pushi/vec4 2, 0, 32;
T_6.4 %dup/vec4;
    %pushi/vec4 0, 0, 32;
    %cmp/s;
    %jmp/1xz T_6.5, 5;
    %jmp/1 T_6.5, 4;
    %pushi/vec4 1, 0, 32;
    %sub;
    %pushi/vec4 0, 0, 4;
    %store/vec4 v0x5646030b3ea0_0, 0, 4;
    %pushi/vec4 16, 0, 32;
T_6.6 %dup/vec4;
    %pushi/vec4 0, 0, 32;
    %cmp/s;
    %jmp/1xz T_6.7, 5;
    %jmp/1 T_6.7, 4;
    %pushi/vec4 1, 0, 32;
    %sub;
    %pushi/vec4 0, 0, 4;
    %store/vec4 v0x5646030b3f60_0, 0, 4;
    %pushi/vec4 16, 0, 32;
T_6.8 %dup/vec4;
    %pushi/vec4 0, 0, 32;
    %cmp/s;
    %jmp/1xz T_6.9, 5;
    %jmp/1 T_6.9, 4;
    %pushi/vec4 1, 0, 32;
    %sub;
    %delay 1, 0;
    %fork TD_alu_tb.check, S_0x564603088910;
    %join;
    %delay 999, 0;
    %load/vec4 v0x5646030b3f60_0;
    %addi 1, 0, 4;
    %store/vec4 v0x5646030b3f60_0, 0, 4;
    %jmp T_6.8;
T_6.9 ;
    %pop/vec4 1;
    %load/vec4 v0x5646030b3ea0_0;
    %addi 1, 0, 4;
    %store/vec4 v0x5646030b3ea0_0, 0, 4;
    %jmp T_6.6;
T_6.7 ;
    %pop/vec4 1;
    %load/vec4 v0x5646030b4290_0;
    %pad/u 2;
    %addi 1, 0, 2;
    %pad/u 1;
    %store/vec4 v0x5646030b4290_0, 0, 1;
    %jmp T_6.4;
T_6.5 ;
    %pop/vec4 1;
    %load/vec4 v0x5646030b4070_0;
    %addi 1, 0, 2;
    %store/vec4 v0x5646030b4070_0, 0, 2;
    %jmp T_6.2;
T_6.3 ;
    %pop/vec4 1;
    %load/vec4 v0x5646030b4330_0;
    %pad/u 2;
    %addi 1, 0, 2;
    %pad/u 1;
    %store/vec4 v0x5646030b4330_0, 0, 1;
    %jmp T_6.0;
T_6.1 ;
    %pop/vec4 1;
    %vpi_call 2 53 "$display", "Encontradas %d operaciones erroneas", v0x5646030b3dc0_0 {0 0 0};
    %vpi_call 2 55 "$finish" {0 0 0};
    %end;
    .thread T_6;
# The file index is used to find the file name in the following table.
:file_names 12;
    "N/A";
    "<interactive>";
    "alu_mod_tb.v";
    "alu.v";
    "mux2_4.v";
    "zs.v";
    "compl1.v";
    "sum4.v";
    "fa.v";
    "ul4.v";
    "cl.v";
    "mux4_1.v";
